running egg_info
creating ../../../build/sensor_msgs_py/sensor_msgs_py.egg-info
writing ../../../build/sensor_msgs_py/sensor_msgs_py.egg-info/PKG-INFO
writing dependency_links to ../../../build/sensor_msgs_py/sensor_msgs_py.egg-info/dependency_links.txt
writing requirements to ../../../build/sensor_msgs_py/sensor_msgs_py.egg-info/requires.txt
writing top-level names to ../../../build/sensor_msgs_py/sensor_msgs_py.egg-info/top_level.txt
writing manifest file '../../../build/sensor_msgs_py/sensor_msgs_py.egg-info/SOURCES.txt'
reading manifest file '../../../build/sensor_msgs_py/sensor_msgs_py.egg-info/SOURCES.txt'
adding license file 'LICENSE'
writing manifest file '../../../build/sensor_msgs_py/sensor_msgs_py.egg-info/SOURCES.txt'
running build
running build_py
creating /home/w0x7ce/Desktop/microros_ws/firmware/mcu_ws/build/sensor_msgs_py/build
creating /home/w0x7ce/Desktop/microros_ws/firmware/mcu_ws/build/sensor_msgs_py/build/lib
creating /home/w0x7ce/Desktop/microros_ws/firmware/mcu_ws/build/sensor_msgs_py/build/lib/sensor_msgs_py
copying sensor_msgs_py/numpy_compat.py -> /home/w0x7ce/Desktop/microros_ws/firmware/mcu_ws/build/sensor_msgs_py/build/lib/sensor_msgs_py
copying sensor_msgs_py/__init__.py -> /home/w0x7ce/Desktop/microros_ws/firmware/mcu_ws/build/sensor_msgs_py/build/lib/sensor_msgs_py
copying sensor_msgs_py/point_cloud2.py -> /home/w0x7ce/Desktop/microros_ws/firmware/mcu_ws/build/sensor_msgs_py/build/lib/sensor_msgs_py
running install
running install_lib
creating /home/w0x7ce/Desktop/microros_ws/firmware/mcu_ws/install/lib/python3.12/site-packages/sensor_msgs_py
copying /home/w0x7ce/Desktop/microros_ws/firmware/mcu_ws/build/sensor_msgs_py/build/lib/sensor_msgs_py/numpy_compat.py -> /home/w0x7ce/Desktop/microros_ws/firmware/mcu_ws/install/lib/python3.12/site-packages/sensor_msgs_py
copying /home/w0x7ce/Desktop/microros_ws/firmware/mcu_ws/build/sensor_msgs_py/build/lib/sensor_msgs_py/__init__.py -> /home/w0x7ce/Desktop/microros_ws/firmware/mcu_ws/install/lib/python3.12/site-packages/sensor_msgs_py
copying /home/w0x7ce/Desktop/microros_ws/firmware/mcu_ws/build/sensor_msgs_py/build/lib/sensor_msgs_py/point_cloud2.py -> /home/w0x7ce/Desktop/microros_ws/firmware/mcu_ws/install/lib/python3.12/site-packages/sensor_msgs_py
byte-compiling /home/w0x7ce/Desktop/microros_ws/firmware/mcu_ws/install/lib/python3.12/site-packages/sensor_msgs_py/numpy_compat.py to numpy_compat.cpython-312.pyc
byte-compiling /home/w0x7ce/Desktop/microros_ws/firmware/mcu_ws/install/lib/python3.12/site-packages/sensor_msgs_py/__init__.py to __init__.cpython-312.pyc
byte-compiling /home/w0x7ce/Desktop/microros_ws/firmware/mcu_ws/install/lib/python3.12/site-packages/sensor_msgs_py/point_cloud2.py to point_cloud2.cpython-312.pyc
running install_data
copying resource/sensor_msgs_py -> /home/w0x7ce/Desktop/microros_ws/firmware/mcu_ws/install/share/ament_index/resource_index/packages
copying package.xml -> /home/w0x7ce/Desktop/microros_ws/firmware/mcu_ws/install/share/sensor_msgs_py
running install_egg_info
Copying ../../../build/sensor_msgs_py/sensor_msgs_py.egg-info to /home/w0x7ce/Desktop/microros_ws/firmware/mcu_ws/install/lib/python3.12/site-packages/sensor_msgs_py-5.3.5-py3.12.egg-info
running install_scripts
writing list of installed files to '/home/w0x7ce/Desktop/microros_ws/firmware/mcu_ws/build/sensor_msgs_py/install.log'
