[1.294s] Invoking command in '/home/w0x7ce/Desktop/microros_ws/firmware/mcu_ws/ros2/common_interfaces/sensor_msgs_py': AMENT_PREFIX_PATH=/home/w0x7ce/Desktop/microros_ws/firmware/mcu_ws/install:${AMENT_PREFIX_PATH} CMAKE_PREFIX_PATH=/home/w0x7ce/Desktop/microros_ws/firmware/mcu_ws/install:${CMAKE_PREFIX_PATH} DEBUGINFOD_URLS=https://debuginfod.ubuntu.com LD_LIBRARY_PATH=/home/w0x7ce/Desktop/microros_ws/firmware/mcu_ws/install/lib:${LD_LIBRARY_PATH} PATH=/home/w0x7ce/Desktop/microros_ws/firmware/mcu_ws/install/bin:${PATH} PYTHONPATH=/home/w0x7ce/Desktop/microros_ws/firmware/mcu_ws/build/sensor_msgs_py/prefix_override:/usr/lib/python3/dist-packages/colcon_core/task/python/colcon_distutils_commands:/home/w0x7ce/Desktop/microros_ws/firmware/mcu_ws/install/lib/python3.12/site-packages:/home/w0x7ce/Desktop/microros_ws/firmware/mcu_ws/install/lib/python3.12/site-packages:${PYTHONPATH} /usr/bin/python3 -W ignore:setup.py install is deprecated setup.py egg_info --egg-base ../../../build/sensor_msgs_py build --build-base /home/w0x7ce/Desktop/microros_ws/firmware/mcu_ws/build/sensor_msgs_py/build install --record /home/w0x7ce/Desktop/microros_ws/firmware/mcu_ws/build/sensor_msgs_py/install.log --single-version-externally-managed install_data
[1.609s] running egg_info
[1.609s] creating ../../../build/sensor_msgs_py/sensor_msgs_py.egg-info
[1.622s] writing ../../../build/sensor_msgs_py/sensor_msgs_py.egg-info/PKG-INFO
[1.622s] writing dependency_links to ../../../build/sensor_msgs_py/sensor_msgs_py.egg-info/dependency_links.txt
[1.622s] writing requirements to ../../../build/sensor_msgs_py/sensor_msgs_py.egg-info/requires.txt
[1.622s] writing top-level names to ../../../build/sensor_msgs_py/sensor_msgs_py.egg-info/top_level.txt
[1.622s] writing manifest file '../../../build/sensor_msgs_py/sensor_msgs_py.egg-info/SOURCES.txt'
[1.654s] reading manifest file '../../../build/sensor_msgs_py/sensor_msgs_py.egg-info/SOURCES.txt'
[1.654s] adding license file 'LICENSE'
[1.654s] writing manifest file '../../../build/sensor_msgs_py/sensor_msgs_py.egg-info/SOURCES.txt'
[1.654s] running build
[1.655s] running build_py
[1.655s] creating /home/w0x7ce/Desktop/microros_ws/firmware/mcu_ws/build/sensor_msgs_py/build
[1.655s] creating /home/w0x7ce/Desktop/microros_ws/firmware/mcu_ws/build/sensor_msgs_py/build/lib
[1.655s] creating /home/w0x7ce/Desktop/microros_ws/firmware/mcu_ws/build/sensor_msgs_py/build/lib/sensor_msgs_py
[1.655s] copying sensor_msgs_py/numpy_compat.py -> /home/w0x7ce/Desktop/microros_ws/firmware/mcu_ws/build/sensor_msgs_py/build/lib/sensor_msgs_py
[1.655s] copying sensor_msgs_py/__init__.py -> /home/w0x7ce/Desktop/microros_ws/firmware/mcu_ws/build/sensor_msgs_py/build/lib/sensor_msgs_py
[1.655s] copying sensor_msgs_py/point_cloud2.py -> /home/w0x7ce/Desktop/microros_ws/firmware/mcu_ws/build/sensor_msgs_py/build/lib/sensor_msgs_py
[1.655s] running install
[1.661s] running install_lib
[1.675s] creating /home/w0x7ce/Desktop/microros_ws/firmware/mcu_ws/install/lib/python3.12/site-packages/sensor_msgs_py
[1.675s] copying /home/w0x7ce/Desktop/microros_ws/firmware/mcu_ws/build/sensor_msgs_py/build/lib/sensor_msgs_py/numpy_compat.py -> /home/w0x7ce/Desktop/microros_ws/firmware/mcu_ws/install/lib/python3.12/site-packages/sensor_msgs_py
[1.676s] copying /home/w0x7ce/Desktop/microros_ws/firmware/mcu_ws/build/sensor_msgs_py/build/lib/sensor_msgs_py/__init__.py -> /home/w0x7ce/Desktop/microros_ws/firmware/mcu_ws/install/lib/python3.12/site-packages/sensor_msgs_py
[1.676s] copying /home/w0x7ce/Desktop/microros_ws/firmware/mcu_ws/build/sensor_msgs_py/build/lib/sensor_msgs_py/point_cloud2.py -> /home/w0x7ce/Desktop/microros_ws/firmware/mcu_ws/install/lib/python3.12/site-packages/sensor_msgs_py
[1.676s] byte-compiling /home/w0x7ce/Desktop/microros_ws/firmware/mcu_ws/install/lib/python3.12/site-packages/sensor_msgs_py/numpy_compat.py to numpy_compat.cpython-312.pyc
[1.677s] byte-compiling /home/w0x7ce/Desktop/microros_ws/firmware/mcu_ws/install/lib/python3.12/site-packages/sensor_msgs_py/__init__.py to __init__.cpython-312.pyc
[1.677s] byte-compiling /home/w0x7ce/Desktop/microros_ws/firmware/mcu_ws/install/lib/python3.12/site-packages/sensor_msgs_py/point_cloud2.py to point_cloud2.cpython-312.pyc
[1.678s] running install_data
[1.679s] copying resource/sensor_msgs_py -> /home/w0x7ce/Desktop/microros_ws/firmware/mcu_ws/install/share/ament_index/resource_index/packages
[1.679s] copying package.xml -> /home/w0x7ce/Desktop/microros_ws/firmware/mcu_ws/install/share/sensor_msgs_py
[1.679s] running install_egg_info
[1.695s] Copying ../../../build/sensor_msgs_py/sensor_msgs_py.egg-info to /home/w0x7ce/Desktop/microros_ws/firmware/mcu_ws/install/lib/python3.12/site-packages/sensor_msgs_py-5.3.5-py3.12.egg-info
[1.696s] running install_scripts
[1.815s] writing list of installed files to '/home/w0x7ce/Desktop/microros_ws/firmware/mcu_ws/build/sensor_msgs_py/install.log'
[1.836s] Invoked command in '/home/w0x7ce/Desktop/microros_ws/firmware/mcu_ws/ros2/common_interfaces/sensor_msgs_py' returned '0': AMENT_PREFIX_PATH=/home/w0x7ce/Desktop/microros_ws/firmware/mcu_ws/install:${AMENT_PREFIX_PATH} CMAKE_PREFIX_PATH=/home/w0x7ce/Desktop/microros_ws/firmware/mcu_ws/install:${CMAKE_PREFIX_PATH} DEBUGINFOD_URLS=https://debuginfod.ubuntu.com LD_LIBRARY_PATH=/home/w0x7ce/Desktop/microros_ws/firmware/mcu_ws/install/lib:${LD_LIBRARY_PATH} PATH=/home/w0x7ce/Desktop/microros_ws/firmware/mcu_ws/install/bin:${PATH} PYTHONPATH=/home/w0x7ce/Desktop/microros_ws/firmware/mcu_ws/build/sensor_msgs_py/prefix_override:/usr/lib/python3/dist-packages/colcon_core/task/python/colcon_distutils_commands:/home/w0x7ce/Desktop/microros_ws/firmware/mcu_ws/install/lib/python3.12/site-packages:/home/w0x7ce/Desktop/microros_ws/firmware/mcu_ws/install/lib/python3.12/site-packages:${PYTHONPATH} /usr/bin/python3 -W ignore:setup.py install is deprecated setup.py egg_info --egg-base ../../../build/sensor_msgs_py build --build-base /home/w0x7ce/Desktop/microros_ws/firmware/mcu_ws/build/sensor_msgs_py/build install --record /home/w0x7ce/Desktop/microros_ws/firmware/mcu_ws/build/sensor_msgs_py/install.log --single-version-externally-managed install_data
