Not searching for unused variables given on the command line.
-- The C compiler identification is GNU 10.2.0
-- The CXX compiler identification is GNU 10.2.0
-- Detecting C compiler ABI info
-- Detecting C compiler ABI info - done
-- Check for working C compiler: /home/w0x7ce/toolchain_gcc_t-head_linux/bin/riscv64-unknown-elf-gcc - skipped
-- Detecting C compile features
-- Detecting C compile features - done
-- Detecting CXX compiler ABI info
-- Detecting CXX compiler ABI info - done
-- Check for working CXX compiler: /home/w0x7ce/toolchain_gcc_t-head_linux/bin/riscv64-unknown-elf-g++ - skipped
-- Detecting CXX compile features
-- Detecting CXX compile features - done
-- Found ament_cmake: 2.5.2 (/home/w0x7ce/Desktop/microros_ws/firmware/dev_ws/install/ament_cmake/share/ament_cmake/cmake)
-- Found Python3: /usr/bin/python3 (found version "3.12.3") found components: Interpreter
-- Found rcl: 9.2.3 (/home/w0x7ce/Desktop/microros_ws/firmware/mcu_ws/install/share/rcl/cmake)
[33mCMake Warning at /home/w0x7ce/Desktop/microros_ws/firmware/mcu_ws/install/share/rcutils/cmake/ament_cmake_export_libraries-extras.cmake:116 (message):
  Package 'rcutils' exports library 'dl' which couldn't be found
Call Stack (most recent call first):
  /home/w0x7ce/Desktop/microros_ws/firmware/mcu_ws/install/share/rcutils/cmake/rcutilsConfig.cmake:41 (include)
  /home/w0x7ce/Desktop/microros_ws/firmware/mcu_ws/install/share/rosidl_runtime_c/cmake/ament_cmake_export_dependencies-extras.cmake:21 (find_package)
  /home/w0x7ce/Desktop/microros_ws/firmware/mcu_ws/install/share/rosidl_runtime_c/cmake/rosidl_runtime_cConfig.cmake:41 (include)
  /home/w0x7ce/Desktop/microros_ws/firmware/mcu_ws/install/share/builtin_interfaces/cmake/ament_cmake_export_dependencies-extras.cmake:21 (find_package)
  /home/w0x7ce/Desktop/microros_ws/firmware/mcu_ws/install/share/builtin_interfaces/cmake/builtin_interfacesConfig.cmake:41 (include)
  /home/w0x7ce/Desktop/microros_ws/firmware/mcu_ws/install/share/rcl_interfaces/cmake/ament_cmake_export_dependencies-extras.cmake:21 (find_package)
  /home/w0x7ce/Desktop/microros_ws/firmware/mcu_ws/install/share/rcl_interfaces/cmake/rcl_interfacesConfig.cmake:41 (include)
  /home/w0x7ce/Desktop/microros_ws/firmware/mcu_ws/install/share/rcl/cmake/ament_cmake_export_dependencies-extras.cmake:21 (find_package)
  /home/w0x7ce/Desktop/microros_ws/firmware/mcu_ws/install/share/rcl/cmake/rclConfig.cmake:41 (include)
  CMakeLists.txt:34 (find_package)

[0m
-- Using all available rosidl_typesupport_c: rosidl_typesupport_introspection_c;rosidl_typesupport_microxrcedds_c
-- Found rosidl_adapter: 4.6.3 (/home/w0x7ce/Desktop/microros_ws/firmware/mcu_ws/install/share/rosidl_adapter/cmake)
-- Found rmw_implementation_cmake: 7.3.1 (/home/w0x7ce/Desktop/microros_ws/firmware/mcu_ws/install/share/rmw_implementation_cmake/cmake)
-- Found rmw_microxrcedds: 5.0.1 (/home/w0x7ce/Desktop/microros_ws/firmware/mcu_ws/install/share/rmw_microxrcedds/cmake)
-- Using RMW implementation 'rmw_microxrcedds'
-- Found rclc: 6.1.0 (/home/w0x7ce/Desktop/microros_ws/firmware/mcu_ws/install/share/rclc/cmake)
-- Configuring done (1.1s)
-- Generating done (0.0s)
-- Build files have been written to: /home/w0x7ce/Desktop/microros_ws/firmware/mcu_ws/build/rclc_parameter
Change Dir: '/home/w0x7ce/Desktop/microros_ws/firmware/mcu_ws/build/rclc_parameter'

Run Build Command(s): /usr/bin/cmake -E env VERBOSE=1 /usr/bin/gmake -f Makefile -j16 -l16
/usr/bin/cmake -S/home/w0x7ce/Desktop/microros_ws/firmware/mcu_ws/uros/rclc/rclc_parameter -B/home/w0x7ce/Desktop/microros_ws/firmware/mcu_ws/build/rclc_parameter --check-build-system CMakeFiles/Makefile.cmake 0
/usr/bin/cmake -E cmake_progress_start /home/w0x7ce/Desktop/microros_ws/firmware/mcu_ws/build/rclc_parameter/CMakeFiles /home/w0x7ce/Desktop/microros_ws/firmware/mcu_ws/build/rclc_parameter//CMakeFiles/progress.marks
/usr/bin/gmake  -f CMakeFiles/Makefile2 all
gmake[1]: Entering directory '/home/w0x7ce/Desktop/microros_ws/firmware/mcu_ws/build/rclc_parameter'
/usr/bin/gmake  -f CMakeFiles/rclc_parameter.dir/build.make CMakeFiles/rclc_parameter.dir/depend
gmake[2]: Entering directory '/home/w0x7ce/Desktop/microros_ws/firmware/mcu_ws/build/rclc_parameter'
cd /home/w0x7ce/Desktop/microros_ws/firmware/mcu_ws/build/rclc_parameter && /usr/bin/cmake -E cmake_depends "Unix Makefiles" /home/w0x7ce/Desktop/microros_ws/firmware/mcu_ws/uros/rclc/rclc_parameter /home/w0x7ce/Desktop/microros_ws/firmware/mcu_ws/uros/rclc/rclc_parameter /home/w0x7ce/Desktop/microros_ws/firmware/mcu_ws/build/rclc_parameter /home/w0x7ce/Desktop/microros_ws/firmware/mcu_ws/build/rclc_parameter /home/w0x7ce/Desktop/microros_ws/firmware/mcu_ws/build/rclc_parameter/CMakeFiles/rclc_parameter.dir/DependInfo.cmake "--color="
gmake[2]: Leaving directory '/home/w0x7ce/Desktop/microros_ws/firmware/mcu_ws/build/rclc_parameter'
/usr/bin/gmake  -f CMakeFiles/rclc_parameter.dir/build.make CMakeFiles/rclc_parameter.dir/build
gmake[2]: Entering directory '/home/w0x7ce/Desktop/microros_ws/firmware/mcu_ws/build/rclc_parameter'
[ 66%] [32mBuilding C object CMakeFiles/rclc_parameter.dir/src/rclc_parameter/parameter_server.c.obj[0m
[ 66%] [32mBuilding C object CMakeFiles/rclc_parameter.dir/src/rclc_parameter/parameter_utils.c.obj[0m
/home/w0x7ce/toolchain_gcc_t-head_linux/bin/riscv64-unknown-elf-gcc -DARCH_RISCV -DBFLB_CRYPT_HARDWARE -DBFLB_PKA_HARDWARE -DCLOCK_MONOTONIC=0 -DRCLC_PARAMETER_BUILDING_LIBRARY -DRCLC_PARAMETER_MAX_STRING_LENGTH=50 -DRCUTILS_CUSTOM_TIME_IMPL -DRCUTILS_NO_64_ATOMIC -DUCLIENT_PLATFORM_RISCV -DUCLIENT_PROFILE_TCP=OFF -DUCLIENT_PROFILE_UDP=OFF -D_POSIX_TIMERS -I/home/w0x7ce/Desktop/microros_ws/firmware/mcu_ws/uros/rclc/rclc_parameter/include -I/home/w0x7ce/Desktop/microros_ws/firmware/mcu_ws/uros/rclc/rclc_parameter/src -isystem /home/w0x7ce/Desktop/microros_ws/firmware/mcu_ws/install/include/rcl -isystem /home/w0x7ce/Desktop/microros_ws/firmware/mcu_ws/install/include -isystem /home/w0x7ce/Desktop/microros_ws/firmware/mcu_ws/install/include/rosidl_typesupport_interface -isystem /home/w0x7ce/Desktop/microros_ws/firmware/mcu_ws/install/include/rcutils -isystem /home/w0x7ce/Desktop/microros_ws/firmware/mcu_ws/install/include/builtin_interfaces -isystem /home/w0x7ce/Desktop/microros_ws/firmware/mcu_ws/install/include/rcl_interfaces -isystem /home/w0x7ce/Desktop/microros_ws/firmware/mcu_ws/install/include/rosidl_runtime_c -isystem /home/w0x7ce/Desktop/microros_ws/firmware/mcu_ws/install/include/service_msgs -isystem /home/w0x7ce/Desktop/microros_ws/firmware/mcu_ws/install/include/rosidl_typesupport_introspection_c -isystem /home/w0x7ce/Desktop/microros_ws/firmware/mcu_ws/install/include/rcl_logging_interface -isystem /home/w0x7ce/Desktop/microros_ws/firmware/mcu_ws/install/include/rmw -isystem /home/w0x7ce/Desktop/microros_ws/firmware/mcu_ws/install/include/rosidl_dynamic_typesupport -isystem /home/w0x7ce/Desktop/microros_ws/firmware/mcu_ws/install/include/type_description_interfaces -isystem /home/w0x7ce/Desktop/microros_ws/firmware/mcu_ws/install/include/rcl_action -isystem /home/w0x7ce/Desktop/microros_ws/firmware/mcu_ws/install/include/action_msgs -isystem /home/w0x7ce/Desktop/microros_ws/firmware/mcu_ws/install/include/unique_identifier_msgs -std=gnu99 -march=rv32imac -mabi=ilp32 -mcmodel=medlow -ffunction-sections -fdata-sections -fstrict-volatile-bitfields -fno-zero-initialized-in-bss -Os -ggdb -Wall -mno-save-restore -fmessage-length=0 -fsigned-char -ffunction-sections -fdata-sections -fno-common -O3 -DNDEBUG -std=gnu11 -Wall -Wextra -Wpedantic -MD -MT CMakeFiles/rclc_parameter.dir/src/rclc_parameter/parameter_server.c.obj -MF CMakeFiles/rclc_parameter.dir/src/rclc_parameter/parameter_server.c.obj.d -o CMakeFiles/rclc_parameter.dir/src/rclc_parameter/parameter_server.c.obj -c /home/w0x7ce/Desktop/microros_ws/firmware/mcu_ws/uros/rclc/rclc_parameter/src/rclc_parameter/parameter_server.c
/home/w0x7ce/toolchain_gcc_t-head_linux/bin/riscv64-unknown-elf-gcc -DARCH_RISCV -DBFLB_CRYPT_HARDWARE -DBFLB_PKA_HARDWARE -DCLOCK_MONOTONIC=0 -DRCLC_PARAMETER_BUILDING_LIBRARY -DRCLC_PARAMETER_MAX_STRING_LENGTH=50 -DRCUTILS_CUSTOM_TIME_IMPL -DRCUTILS_NO_64_ATOMIC -DUCLIENT_PLATFORM_RISCV -DUCLIENT_PROFILE_TCP=OFF -DUCLIENT_PROFILE_UDP=OFF -D_POSIX_TIMERS -I/home/w0x7ce/Desktop/microros_ws/firmware/mcu_ws/uros/rclc/rclc_parameter/include -I/home/w0x7ce/Desktop/microros_ws/firmware/mcu_ws/uros/rclc/rclc_parameter/src -isystem /home/w0x7ce/Desktop/microros_ws/firmware/mcu_ws/install/include/rcl -isystem /home/w0x7ce/Desktop/microros_ws/firmware/mcu_ws/install/include -isystem /home/w0x7ce/Desktop/microros_ws/firmware/mcu_ws/install/include/rosidl_typesupport_interface -isystem /home/w0x7ce/Desktop/microros_ws/firmware/mcu_ws/install/include/rcutils -isystem /home/w0x7ce/Desktop/microros_ws/firmware/mcu_ws/install/include/builtin_interfaces -isystem /home/w0x7ce/Desktop/microros_ws/firmware/mcu_ws/install/include/rcl_interfaces -isystem /home/w0x7ce/Desktop/microros_ws/firmware/mcu_ws/install/include/rosidl_runtime_c -isystem /home/w0x7ce/Desktop/microros_ws/firmware/mcu_ws/install/include/service_msgs -isystem /home/w0x7ce/Desktop/microros_ws/firmware/mcu_ws/install/include/rosidl_typesupport_introspection_c -isystem /home/w0x7ce/Desktop/microros_ws/firmware/mcu_ws/install/include/rcl_logging_interface -isystem /home/w0x7ce/Desktop/microros_ws/firmware/mcu_ws/install/include/rmw -isystem /home/w0x7ce/Desktop/microros_ws/firmware/mcu_ws/install/include/rosidl_dynamic_typesupport -isystem /home/w0x7ce/Desktop/microros_ws/firmware/mcu_ws/install/include/type_description_interfaces -isystem /home/w0x7ce/Desktop/microros_ws/firmware/mcu_ws/install/include/rcl_action -isystem /home/w0x7ce/Desktop/microros_ws/firmware/mcu_ws/install/include/action_msgs -isystem /home/w0x7ce/Desktop/microros_ws/firmware/mcu_ws/install/include/unique_identifier_msgs -std=gnu99 -march=rv32imac -mabi=ilp32 -mcmodel=medlow -ffunction-sections -fdata-sections -fstrict-volatile-bitfields -fno-zero-initialized-in-bss -Os -ggdb -Wall -mno-save-restore -fmessage-length=0 -fsigned-char -ffunction-sections -fdata-sections -fno-common -O3 -DNDEBUG -std=gnu11 -Wall -Wextra -Wpedantic -MD -MT CMakeFiles/rclc_parameter.dir/src/rclc_parameter/parameter_utils.c.obj -MF CMakeFiles/rclc_parameter.dir/src/rclc_parameter/parameter_utils.c.obj.d -o CMakeFiles/rclc_parameter.dir/src/rclc_parameter/parameter_utils.c.obj -c /home/w0x7ce/Desktop/microros_ws/firmware/mcu_ws/uros/rclc/rclc_parameter/src/rclc_parameter/parameter_utils.c
[100%] [32m[1mLinking CXX static library librclc_parameter.a[0m
/usr/bin/cmake -P CMakeFiles/rclc_parameter.dir/cmake_clean_target.cmake
/usr/bin/cmake -E cmake_link_script CMakeFiles/rclc_parameter.dir/link.txt --verbose=1
/home/w0x7ce/toolchain_gcc_t-head_linux/bin/riscv64-unknown-elf-ar qc librclc_parameter.a CMakeFiles/rclc_parameter.dir/src/rclc_parameter/parameter_server.c.obj CMakeFiles/rclc_parameter.dir/src/rclc_parameter/parameter_utils.c.obj
/home/w0x7ce/toolchain_gcc_t-head_linux/bin/riscv64-unknown-elf-ranlib librclc_parameter.a
gmake[2]: Leaving directory '/home/w0x7ce/Desktop/microros_ws/firmware/mcu_ws/build/rclc_parameter'
[100%] Built target rclc_parameter
gmake[1]: Leaving directory '/home/w0x7ce/Desktop/microros_ws/firmware/mcu_ws/build/rclc_parameter'
/usr/bin/cmake -E cmake_progress_start /home/w0x7ce/Desktop/microros_ws/firmware/mcu_ws/build/rclc_parameter/CMakeFiles 0

-- Install configuration: "Release"
-- Installing: /home/w0x7ce/Desktop/microros_ws/firmware/mcu_ws/install/lib/librclc_parameter.a
-- Up-to-date: /home/w0x7ce/Desktop/microros_ws/firmware/mcu_ws/install/include
-- Installing: /home/w0x7ce/Desktop/microros_ws/firmware/mcu_ws/install/include/rclc_parameter
-- Installing: /home/w0x7ce/Desktop/microros_ws/firmware/mcu_ws/install/include/rclc_parameter/rclc_parameter.h
-- Installing: /home/w0x7ce/Desktop/microros_ws/firmware/mcu_ws/install/include/rclc_parameter/visibility_control.h
-- Installing: /home/w0x7ce/Desktop/microros_ws/firmware/mcu_ws/install/share/rclc_parameter/environment/library_path.sh
-- Installing: /home/w0x7ce/Desktop/microros_ws/firmware/mcu_ws/install/share/rclc_parameter/environment/library_path.dsv
-- Installing: /home/w0x7ce/Desktop/microros_ws/firmware/mcu_ws/install/share/ament_index/resource_index/package_run_dependencies/rclc_parameter
-- Installing: /home/w0x7ce/Desktop/microros_ws/firmware/mcu_ws/install/share/ament_index/resource_index/parent_prefix_path/rclc_parameter
-- Installing: /home/w0x7ce/Desktop/microros_ws/firmware/mcu_ws/install/share/rclc_parameter/environment/ament_prefix_path.sh
-- Installing: /home/w0x7ce/Desktop/microros_ws/firmware/mcu_ws/install/share/rclc_parameter/environment/ament_prefix_path.dsv
-- Installing: /home/w0x7ce/Desktop/microros_ws/firmware/mcu_ws/install/share/rclc_parameter/environment/path.sh
-- Installing: /home/w0x7ce/Desktop/microros_ws/firmware/mcu_ws/install/share/rclc_parameter/environment/path.dsv
-- Installing: /home/w0x7ce/Desktop/microros_ws/firmware/mcu_ws/install/share/rclc_parameter/local_setup.bash
-- Installing: /home/w0x7ce/Desktop/microros_ws/firmware/mcu_ws/install/share/rclc_parameter/local_setup.sh
-- Installing: /home/w0x7ce/Desktop/microros_ws/firmware/mcu_ws/install/share/rclc_parameter/local_setup.zsh
-- Installing: /home/w0x7ce/Desktop/microros_ws/firmware/mcu_ws/install/share/rclc_parameter/local_setup.dsv
-- Installing: /home/w0x7ce/Desktop/microros_ws/firmware/mcu_ws/install/share/rclc_parameter/package.dsv
-- Installing: /home/w0x7ce/Desktop/microros_ws/firmware/mcu_ws/install/share/ament_index/resource_index/packages/rclc_parameter
-- Installing: /home/w0x7ce/Desktop/microros_ws/firmware/mcu_ws/install/share/rclc_parameter/cmake/rclc_parameterExport.cmake
-- Installing: /home/w0x7ce/Desktop/microros_ws/firmware/mcu_ws/install/share/rclc_parameter/cmake/rclc_parameterExport-release.cmake
-- Installing: /home/w0x7ce/Desktop/microros_ws/firmware/mcu_ws/install/share/rclc_parameter/cmake/ament_cmake_export_include_directories-extras.cmake
-- Installing: /home/w0x7ce/Desktop/microros_ws/firmware/mcu_ws/install/share/rclc_parameter/cmake/ament_cmake_export_libraries-extras.cmake
-- Installing: /home/w0x7ce/Desktop/microros_ws/firmware/mcu_ws/install/share/rclc_parameter/cmake/ament_cmake_export_targets-extras.cmake
-- Installing: /home/w0x7ce/Desktop/microros_ws/firmware/mcu_ws/install/share/rclc_parameter/cmake/ament_cmake_export_dependencies-extras.cmake
-- Installing: /home/w0x7ce/Desktop/microros_ws/firmware/mcu_ws/install/share/rclc_parameter/cmake/rclc_parameterConfig.cmake
-- Installing: /home/w0x7ce/Desktop/microros_ws/firmware/mcu_ws/install/share/rclc_parameter/cmake/rclc_parameterConfig-version.cmake
-- Installing: /home/w0x7ce/Desktop/microros_ws/firmware/mcu_ws/install/share/rclc_parameter/package.xml
