Not searching for unused variables given on the command line.
-- The C compiler identification is GNU 10.2.0
-- The CXX compiler identification is GNU 10.2.0
-- Detecting C compiler ABI info
-- Detecting C compiler ABI info - done
-- Check for working C compiler: /home/w0x7ce/toolchain_gcc_t-head_linux/bin/riscv64-unknown-elf-gcc - skipped
-- Detecting C compile features
-- Detecting C compile features - done
-- Detecting CXX compiler ABI info
-- Detecting CXX compiler ABI info - done
-- Check for working CXX compiler: /home/w0x7ce/toolchain_gcc_t-head_linux/bin/riscv64-unknown-elf-g++ - skipped
-- Detecting CXX compile features
-- Detecting CXX compile features - done
-- Found ament_cmake_ros: 0.12.0 (/home/w0x7ce/Desktop/microros_ws/firmware/dev_ws/install/ament_cmake_ros/share/ament_cmake_ros/cmake)
-- Found Python3: /usr/bin/python3 (found version "3.12.3") found components: Interpreter
-- Found lifecycle_msgs: 2.0.2 (/home/w0x7ce/Desktop/microros_ws/firmware/mcu_ws/install/share/lifecycle_msgs/cmake)
-- Using all available rosidl_typesupport_c: rosidl_typesupport_introspection_c;rosidl_typesupport_microxrcedds_c
-- Found rosidl_adapter: 4.6.3 (/home/w0x7ce/Desktop/microros_ws/firmware/mcu_ws/install/share/rosidl_adapter/cmake)
-- Found rcl: 9.2.3 (/home/w0x7ce/Desktop/microros_ws/firmware/mcu_ws/install/share/rcl/cmake)
-- Found rmw_implementation_cmake: 7.3.1 (/home/w0x7ce/Desktop/microros_ws/firmware/mcu_ws/install/share/rmw_implementation_cmake/cmake)
-- Found rmw_microxrcedds: 5.0.1 (/home/w0x7ce/Desktop/microros_ws/firmware/mcu_ws/install/share/rmw_microxrcedds/cmake)
-- Using RMW implementation 'rmw_microxrcedds'
-- Configuring done (1.5s)
-- Generating done (0.0s)
-- Build files have been written to: /home/w0x7ce/Desktop/microros_ws/firmware/mcu_ws/build/rcl_lifecycle
Change Dir: '/home/w0x7ce/Desktop/microros_ws/firmware/mcu_ws/build/rcl_lifecycle'

Run Build Command(s): /usr/bin/cmake -E env VERBOSE=1 /usr/bin/gmake -f Makefile -j16 -l16
/usr/bin/cmake -S/home/w0x7ce/Desktop/microros_ws/firmware/mcu_ws/uros/rcl/rcl_lifecycle -B/home/w0x7ce/Desktop/microros_ws/firmware/mcu_ws/build/rcl_lifecycle --check-build-system CMakeFiles/Makefile.cmake 0
/usr/bin/cmake -E cmake_progress_start /home/w0x7ce/Desktop/microros_ws/firmware/mcu_ws/build/rcl_lifecycle/CMakeFiles /home/w0x7ce/Desktop/microros_ws/firmware/mcu_ws/build/rcl_lifecycle//CMakeFiles/progress.marks
/usr/bin/gmake  -f CMakeFiles/Makefile2 all
gmake[1]: Entering directory '/home/w0x7ce/Desktop/microros_ws/firmware/mcu_ws/build/rcl_lifecycle'
/usr/bin/gmake  -f CMakeFiles/ament_generate_version_header__rcl_lifecycle.dir/build.make CMakeFiles/ament_generate_version_header__rcl_lifecycle.dir/depend
gmake[2]: Entering directory '/home/w0x7ce/Desktop/microros_ws/firmware/mcu_ws/build/rcl_lifecycle'
cd /home/w0x7ce/Desktop/microros_ws/firmware/mcu_ws/build/rcl_lifecycle && /usr/bin/cmake -E cmake_depends "Unix Makefiles" /home/w0x7ce/Desktop/microros_ws/firmware/mcu_ws/uros/rcl/rcl_lifecycle /home/w0x7ce/Desktop/microros_ws/firmware/mcu_ws/uros/rcl/rcl_lifecycle /home/w0x7ce/Desktop/microros_ws/firmware/mcu_ws/build/rcl_lifecycle /home/w0x7ce/Desktop/microros_ws/firmware/mcu_ws/build/rcl_lifecycle /home/w0x7ce/Desktop/microros_ws/firmware/mcu_ws/build/rcl_lifecycle/CMakeFiles/ament_generate_version_header__rcl_lifecycle.dir/DependInfo.cmake "--color="
gmake[2]: Leaving directory '/home/w0x7ce/Desktop/microros_ws/firmware/mcu_ws/build/rcl_lifecycle'
/usr/bin/gmake  -f CMakeFiles/ament_generate_version_header__rcl_lifecycle.dir/build.make CMakeFiles/ament_generate_version_header__rcl_lifecycle.dir/build
gmake[2]: Entering directory '/home/w0x7ce/Desktop/microros_ws/firmware/mcu_ws/build/rcl_lifecycle'
[ 16%] [34m[1mGenerating rcl_lifecycle/version.h[0m
/usr/bin/cmake -P /home/w0x7ce/Desktop/microros_ws/firmware/mcu_ws/build/rcl_lifecycle/ament_generate_version_header/rcl_lifecycle/generate_version_header.cmake
gmake[2]: Leaving directory '/home/w0x7ce/Desktop/microros_ws/firmware/mcu_ws/build/rcl_lifecycle'
[ 16%] Built target ament_generate_version_header__rcl_lifecycle
/usr/bin/gmake  -f CMakeFiles/rcl_lifecycle.dir/build.make CMakeFiles/rcl_lifecycle.dir/depend
gmake[2]: Entering directory '/home/w0x7ce/Desktop/microros_ws/firmware/mcu_ws/build/rcl_lifecycle'
cd /home/w0x7ce/Desktop/microros_ws/firmware/mcu_ws/build/rcl_lifecycle && /usr/bin/cmake -E cmake_depends "Unix Makefiles" /home/w0x7ce/Desktop/microros_ws/firmware/mcu_ws/uros/rcl/rcl_lifecycle /home/w0x7ce/Desktop/microros_ws/firmware/mcu_ws/uros/rcl/rcl_lifecycle /home/w0x7ce/Desktop/microros_ws/firmware/mcu_ws/build/rcl_lifecycle /home/w0x7ce/Desktop/microros_ws/firmware/mcu_ws/build/rcl_lifecycle /home/w0x7ce/Desktop/microros_ws/firmware/mcu_ws/build/rcl_lifecycle/CMakeFiles/rcl_lifecycle.dir/DependInfo.cmake "--color="
gmake[2]: Leaving directory '/home/w0x7ce/Desktop/microros_ws/firmware/mcu_ws/build/rcl_lifecycle'
/usr/bin/gmake  -f CMakeFiles/rcl_lifecycle.dir/build.make CMakeFiles/rcl_lifecycle.dir/build
gmake[2]: Entering directory '/home/w0x7ce/Desktop/microros_ws/firmware/mcu_ws/build/rcl_lifecycle'
[ 33%] [32mBuilding C object CMakeFiles/rcl_lifecycle.dir/src/com_interface.c.obj[0m
[ 50%] [32mBuilding C object CMakeFiles/rcl_lifecycle.dir/src/default_state_machine.c.obj[0m
[ 66%] [32mBuilding C object CMakeFiles/rcl_lifecycle.dir/src/rcl_lifecycle.c.obj[0m
[ 83%] [32mBuilding C object CMakeFiles/rcl_lifecycle.dir/src/transition_map.c.obj[0m
/home/w0x7ce/toolchain_gcc_t-head_linux/bin/riscv64-unknown-elf-gcc -DARCH_RISCV -DBFLB_CRYPT_HARDWARE -DBFLB_PKA_HARDWARE -DCLOCK_MONOTONIC=0 -DRCL_LIFECYCLE_BUILDING_DLL -DRCUTILS_CUSTOM_TIME_IMPL -DRCUTILS_NO_64_ATOMIC -DROS_PACKAGE_NAME=\"rcl_lifecycle\" -DUCLIENT_PLATFORM_RISCV -DUCLIENT_PROFILE_TCP=OFF -DUCLIENT_PROFILE_UDP=OFF -D_POSIX_TIMERS -I/home/w0x7ce/Desktop/microros_ws/firmware/mcu_ws/uros/rcl/rcl_lifecycle/include -I/home/w0x7ce/Desktop/microros_ws/firmware/mcu_ws/build/rcl_lifecycle/ament_generate_version_header/rcl_lifecycle -isystem /home/w0x7ce/Desktop/microros_ws/firmware/mcu_ws/install/include/lifecycle_msgs -isystem /home/w0x7ce/Desktop/microros_ws/firmware/mcu_ws/install/include/service_msgs -isystem /home/w0x7ce/Desktop/microros_ws/firmware/mcu_ws/install/include/builtin_interfaces -isystem /home/w0x7ce/Desktop/microros_ws/firmware/mcu_ws/install/include/rosidl_runtime_c -isystem /home/w0x7ce/Desktop/microros_ws/firmware/mcu_ws/install/include/rcutils -isystem /home/w0x7ce/Desktop/microros_ws/firmware/mcu_ws/install/include/rosidl_typesupport_interface -isystem /home/w0x7ce/Desktop/microros_ws/firmware/mcu_ws/install/include/rosidl_typesupport_introspection_c -isystem /home/w0x7ce/Desktop/microros_ws/firmware/mcu_ws/install/include/rcl -isystem /home/w0x7ce/Desktop/microros_ws/firmware/mcu_ws/install/include/rcl_interfaces -isystem /home/w0x7ce/Desktop/microros_ws/firmware/mcu_ws/install/include/rcl_logging_interface -isystem /home/w0x7ce/Desktop/microros_ws/firmware/mcu_ws/install/include/rmw -isystem /home/w0x7ce/Desktop/microros_ws/firmware/mcu_ws/install/include/rosidl_dynamic_typesupport -isystem /home/w0x7ce/Desktop/microros_ws/firmware/mcu_ws/install/include -isystem /home/w0x7ce/Desktop/microros_ws/firmware/mcu_ws/install/include/type_description_interfaces -isystem /home/w0x7ce/Desktop/microros_ws/firmware/mcu_ws/install/include/tracetools -std=gnu99 -march=rv32imac -mabi=ilp32 -mcmodel=medlow -ffunction-sections -fdata-sections -fstrict-volatile-bitfields -fno-zero-initialized-in-bss -Os -ggdb -Wall -mno-save-restore -fmessage-length=0 -fsigned-char -ffunction-sections -fdata-sections -fno-common -O3 -DNDEBUG -std=gnu11 -fvisibility=hidden -Wall -Wextra -Wpedantic -Wformat=2 -Wconversion -Wshadow -Wsign-conversion -MD -MT CMakeFiles/rcl_lifecycle.dir/src/com_interface.c.obj -MF CMakeFiles/rcl_lifecycle.dir/src/com_interface.c.obj.d -o CMakeFiles/rcl_lifecycle.dir/src/com_interface.c.obj -c /home/w0x7ce/Desktop/microros_ws/firmware/mcu_ws/uros/rcl/rcl_lifecycle/src/com_interface.c
/home/w0x7ce/toolchain_gcc_t-head_linux/bin/riscv64-unknown-elf-gcc -DARCH_RISCV -DBFLB_CRYPT_HARDWARE -DBFLB_PKA_HARDWARE -DCLOCK_MONOTONIC=0 -DRCL_LIFECYCLE_BUILDING_DLL -DRCUTILS_CUSTOM_TIME_IMPL -DRCUTILS_NO_64_ATOMIC -DROS_PACKAGE_NAME=\"rcl_lifecycle\" -DUCLIENT_PLATFORM_RISCV -DUCLIENT_PROFILE_TCP=OFF -DUCLIENT_PROFILE_UDP=OFF -D_POSIX_TIMERS -I/home/w0x7ce/Desktop/microros_ws/firmware/mcu_ws/uros/rcl/rcl_lifecycle/include -I/home/w0x7ce/Desktop/microros_ws/firmware/mcu_ws/build/rcl_lifecycle/ament_generate_version_header/rcl_lifecycle -isystem /home/w0x7ce/Desktop/microros_ws/firmware/mcu_ws/install/include/lifecycle_msgs -isystem /home/w0x7ce/Desktop/microros_ws/firmware/mcu_ws/install/include/service_msgs -isystem /home/w0x7ce/Desktop/microros_ws/firmware/mcu_ws/install/include/builtin_interfaces -isystem /home/w0x7ce/Desktop/microros_ws/firmware/mcu_ws/install/include/rosidl_runtime_c -isystem /home/w0x7ce/Desktop/microros_ws/firmware/mcu_ws/install/include/rcutils -isystem /home/w0x7ce/Desktop/microros_ws/firmware/mcu_ws/install/include/rosidl_typesupport_interface -isystem /home/w0x7ce/Desktop/microros_ws/firmware/mcu_ws/install/include/rosidl_typesupport_introspection_c -isystem /home/w0x7ce/Desktop/microros_ws/firmware/mcu_ws/install/include/rcl -isystem /home/w0x7ce/Desktop/microros_ws/firmware/mcu_ws/install/include/rcl_interfaces -isystem /home/w0x7ce/Desktop/microros_ws/firmware/mcu_ws/install/include/rcl_logging_interface -isystem /home/w0x7ce/Desktop/microros_ws/firmware/mcu_ws/install/include/rmw -isystem /home/w0x7ce/Desktop/microros_ws/firmware/mcu_ws/install/include/rosidl_dynamic_typesupport -isystem /home/w0x7ce/Desktop/microros_ws/firmware/mcu_ws/install/include -isystem /home/w0x7ce/Desktop/microros_ws/firmware/mcu_ws/install/include/type_description_interfaces -isystem /home/w0x7ce/Desktop/microros_ws/firmware/mcu_ws/install/include/tracetools -std=gnu99 -march=rv32imac -mabi=ilp32 -mcmodel=medlow -ffunction-sections -fdata-sections -fstrict-volatile-bitfields -fno-zero-initialized-in-bss -Os -ggdb -Wall -mno-save-restore -fmessage-length=0 -fsigned-char -ffunction-sections -fdata-sections -fno-common -O3 -DNDEBUG -std=gnu11 -fvisibility=hidden -Wall -Wextra -Wpedantic -Wformat=2 -Wconversion -Wshadow -Wsign-conversion -MD -MT CMakeFiles/rcl_lifecycle.dir/src/default_state_machine.c.obj -MF CMakeFiles/rcl_lifecycle.dir/src/default_state_machine.c.obj.d -o CMakeFiles/rcl_lifecycle.dir/src/default_state_machine.c.obj -c /home/w0x7ce/Desktop/microros_ws/firmware/mcu_ws/uros/rcl/rcl_lifecycle/src/default_state_machine.c
/home/w0x7ce/toolchain_gcc_t-head_linux/bin/riscv64-unknown-elf-gcc -DARCH_RISCV -DBFLB_CRYPT_HARDWARE -DBFLB_PKA_HARDWARE -DCLOCK_MONOTONIC=0 -DRCL_LIFECYCLE_BUILDING_DLL -DRCUTILS_CUSTOM_TIME_IMPL -DRCUTILS_NO_64_ATOMIC -DROS_PACKAGE_NAME=\"rcl_lifecycle\" -DUCLIENT_PLATFORM_RISCV -DUCLIENT_PROFILE_TCP=OFF -DUCLIENT_PROFILE_UDP=OFF -D_POSIX_TIMERS -I/home/w0x7ce/Desktop/microros_ws/firmware/mcu_ws/uros/rcl/rcl_lifecycle/include -I/home/w0x7ce/Desktop/microros_ws/firmware/mcu_ws/build/rcl_lifecycle/ament_generate_version_header/rcl_lifecycle -isystem /home/w0x7ce/Desktop/microros_ws/firmware/mcu_ws/install/include/lifecycle_msgs -isystem /home/w0x7ce/Desktop/microros_ws/firmware/mcu_ws/install/include/service_msgs -isystem /home/w0x7ce/Desktop/microros_ws/firmware/mcu_ws/install/include/builtin_interfaces -isystem /home/w0x7ce/Desktop/microros_ws/firmware/mcu_ws/install/include/rosidl_runtime_c -isystem /home/w0x7ce/Desktop/microros_ws/firmware/mcu_ws/install/include/rcutils -isystem /home/w0x7ce/Desktop/microros_ws/firmware/mcu_ws/install/include/rosidl_typesupport_interface -isystem /home/w0x7ce/Desktop/microros_ws/firmware/mcu_ws/install/include/rosidl_typesupport_introspection_c -isystem /home/w0x7ce/Desktop/microros_ws/firmware/mcu_ws/install/include/rcl -isystem /home/w0x7ce/Desktop/microros_ws/firmware/mcu_ws/install/include/rcl_interfaces -isystem /home/w0x7ce/Desktop/microros_ws/firmware/mcu_ws/install/include/rcl_logging_interface -isystem /home/w0x7ce/Desktop/microros_ws/firmware/mcu_ws/install/include/rmw -isystem /home/w0x7ce/Desktop/microros_ws/firmware/mcu_ws/install/include/rosidl_dynamic_typesupport -isystem /home/w0x7ce/Desktop/microros_ws/firmware/mcu_ws/install/include -isystem /home/w0x7ce/Desktop/microros_ws/firmware/mcu_ws/install/include/type_description_interfaces -isystem /home/w0x7ce/Desktop/microros_ws/firmware/mcu_ws/install/include/tracetools -std=gnu99 -march=rv32imac -mabi=ilp32 -mcmodel=medlow -ffunction-sections -fdata-sections -fstrict-volatile-bitfields -fno-zero-initialized-in-bss -Os -ggdb -Wall -mno-save-restore -fmessage-length=0 -fsigned-char -ffunction-sections -fdata-sections -fno-common -O3 -DNDEBUG -std=gnu11 -fvisibility=hidden -Wall -Wextra -Wpedantic -Wformat=2 -Wconversion -Wshadow -Wsign-conversion -MD -MT CMakeFiles/rcl_lifecycle.dir/src/rcl_lifecycle.c.obj -MF CMakeFiles/rcl_lifecycle.dir/src/rcl_lifecycle.c.obj.d -o CMakeFiles/rcl_lifecycle.dir/src/rcl_lifecycle.c.obj -c /home/w0x7ce/Desktop/microros_ws/firmware/mcu_ws/uros/rcl/rcl_lifecycle/src/rcl_lifecycle.c
/home/w0x7ce/toolchain_gcc_t-head_linux/bin/riscv64-unknown-elf-gcc -DARCH_RISCV -DBFLB_CRYPT_HARDWARE -DBFLB_PKA_HARDWARE -DCLOCK_MONOTONIC=0 -DRCL_LIFECYCLE_BUILDING_DLL -DRCUTILS_CUSTOM_TIME_IMPL -DRCUTILS_NO_64_ATOMIC -DROS_PACKAGE_NAME=\"rcl_lifecycle\" -DUCLIENT_PLATFORM_RISCV -DUCLIENT_PROFILE_TCP=OFF -DUCLIENT_PROFILE_UDP=OFF -D_POSIX_TIMERS -I/home/w0x7ce/Desktop/microros_ws/firmware/mcu_ws/uros/rcl/rcl_lifecycle/include -I/home/w0x7ce/Desktop/microros_ws/firmware/mcu_ws/build/rcl_lifecycle/ament_generate_version_header/rcl_lifecycle -isystem /home/w0x7ce/Desktop/microros_ws/firmware/mcu_ws/install/include/lifecycle_msgs -isystem /home/w0x7ce/Desktop/microros_ws/firmware/mcu_ws/install/include/service_msgs -isystem /home/w0x7ce/Desktop/microros_ws/firmware/mcu_ws/install/include/builtin_interfaces -isystem /home/w0x7ce/Desktop/microros_ws/firmware/mcu_ws/install/include/rosidl_runtime_c -isystem /home/w0x7ce/Desktop/microros_ws/firmware/mcu_ws/install/include/rcutils -isystem /home/w0x7ce/Desktop/microros_ws/firmware/mcu_ws/install/include/rosidl_typesupport_interface -isystem /home/w0x7ce/Desktop/microros_ws/firmware/mcu_ws/install/include/rosidl_typesupport_introspection_c -isystem /home/w0x7ce/Desktop/microros_ws/firmware/mcu_ws/install/include/rcl -isystem /home/w0x7ce/Desktop/microros_ws/firmware/mcu_ws/install/include/rcl_interfaces -isystem /home/w0x7ce/Desktop/microros_ws/firmware/mcu_ws/install/include/rcl_logging_interface -isystem /home/w0x7ce/Desktop/microros_ws/firmware/mcu_ws/install/include/rmw -isystem /home/w0x7ce/Desktop/microros_ws/firmware/mcu_ws/install/include/rosidl_dynamic_typesupport -isystem /home/w0x7ce/Desktop/microros_ws/firmware/mcu_ws/install/include -isystem /home/w0x7ce/Desktop/microros_ws/firmware/mcu_ws/install/include/type_description_interfaces -isystem /home/w0x7ce/Desktop/microros_ws/firmware/mcu_ws/install/include/tracetools -std=gnu99 -march=rv32imac -mabi=ilp32 -mcmodel=medlow -ffunction-sections -fdata-sections -fstrict-volatile-bitfields -fno-zero-initialized-in-bss -Os -ggdb -Wall -mno-save-restore -fmessage-length=0 -fsigned-char -ffunction-sections -fdata-sections -fno-common -O3 -DNDEBUG -std=gnu11 -fvisibility=hidden -Wall -Wextra -Wpedantic -Wformat=2 -Wconversion -Wshadow -Wsign-conversion -MD -MT CMakeFiles/rcl_lifecycle.dir/src/transition_map.c.obj -MF CMakeFiles/rcl_lifecycle.dir/src/transition_map.c.obj.d -o CMakeFiles/rcl_lifecycle.dir/src/transition_map.c.obj -c /home/w0x7ce/Desktop/microros_ws/firmware/mcu_ws/uros/rcl/rcl_lifecycle/src/transition_map.c
[100%] [32m[1mLinking CXX static library librcl_lifecycle.a[0m
/usr/bin/cmake -P CMakeFiles/rcl_lifecycle.dir/cmake_clean_target.cmake
/usr/bin/cmake -E cmake_link_script CMakeFiles/rcl_lifecycle.dir/link.txt --verbose=1
/home/w0x7ce/toolchain_gcc_t-head_linux/bin/riscv64-unknown-elf-ar qc librcl_lifecycle.a CMakeFiles/rcl_lifecycle.dir/src/com_interface.c.obj CMakeFiles/rcl_lifecycle.dir/src/default_state_machine.c.obj CMakeFiles/rcl_lifecycle.dir/src/rcl_lifecycle.c.obj CMakeFiles/rcl_lifecycle.dir/src/transition_map.c.obj
/home/w0x7ce/toolchain_gcc_t-head_linux/bin/riscv64-unknown-elf-ranlib librcl_lifecycle.a
gmake[2]: Leaving directory '/home/w0x7ce/Desktop/microros_ws/firmware/mcu_ws/build/rcl_lifecycle'
[100%] Built target rcl_lifecycle
gmake[1]: Leaving directory '/home/w0x7ce/Desktop/microros_ws/firmware/mcu_ws/build/rcl_lifecycle'
/usr/bin/cmake -E cmake_progress_start /home/w0x7ce/Desktop/microros_ws/firmware/mcu_ws/build/rcl_lifecycle/CMakeFiles 0

-- Install configuration: "Release"
-- Installing: /home/w0x7ce/Desktop/microros_ws/firmware/mcu_ws/install/lib/librcl_lifecycle.a
-- Installing: /home/w0x7ce/Desktop/microros_ws/firmware/mcu_ws/install/share/rcl_lifecycle/environment/library_path.sh
-- Installing: /home/w0x7ce/Desktop/microros_ws/firmware/mcu_ws/install/share/rcl_lifecycle/environment/library_path.dsv
-- Installing: /home/w0x7ce/Desktop/microros_ws/firmware/mcu_ws/install/include/rcl_lifecycle/rcl_lifecycle/version.h
-- Installing: /home/w0x7ce/Desktop/microros_ws/firmware/mcu_ws/install/share/ament_index/resource_index/package_run_dependencies/rcl_lifecycle
-- Installing: /home/w0x7ce/Desktop/microros_ws/firmware/mcu_ws/install/share/ament_index/resource_index/parent_prefix_path/rcl_lifecycle
-- Installing: /home/w0x7ce/Desktop/microros_ws/firmware/mcu_ws/install/share/rcl_lifecycle/environment/ament_prefix_path.sh
-- Installing: /home/w0x7ce/Desktop/microros_ws/firmware/mcu_ws/install/share/rcl_lifecycle/environment/ament_prefix_path.dsv
-- Installing: /home/w0x7ce/Desktop/microros_ws/firmware/mcu_ws/install/share/rcl_lifecycle/environment/path.sh
-- Installing: /home/w0x7ce/Desktop/microros_ws/firmware/mcu_ws/install/share/rcl_lifecycle/environment/path.dsv
-- Installing: /home/w0x7ce/Desktop/microros_ws/firmware/mcu_ws/install/share/rcl_lifecycle/local_setup.bash
-- Installing: /home/w0x7ce/Desktop/microros_ws/firmware/mcu_ws/install/share/rcl_lifecycle/local_setup.sh
-- Installing: /home/w0x7ce/Desktop/microros_ws/firmware/mcu_ws/install/share/rcl_lifecycle/local_setup.zsh
-- Installing: /home/w0x7ce/Desktop/microros_ws/firmware/mcu_ws/install/share/rcl_lifecycle/local_setup.dsv
-- Installing: /home/w0x7ce/Desktop/microros_ws/firmware/mcu_ws/install/share/rcl_lifecycle/package.dsv
-- Installing: /home/w0x7ce/Desktop/microros_ws/firmware/mcu_ws/install/share/ament_index/resource_index/packages/rcl_lifecycle
-- Installing: /home/w0x7ce/Desktop/microros_ws/firmware/mcu_ws/install/share/rcl_lifecycle/cmake/rcl_lifecycleExport.cmake
-- Installing: /home/w0x7ce/Desktop/microros_ws/firmware/mcu_ws/install/share/rcl_lifecycle/cmake/rcl_lifecycleExport-release.cmake
-- Installing: /home/w0x7ce/Desktop/microros_ws/firmware/mcu_ws/install/share/rcl_lifecycle/cmake/ament_cmake_export_include_directories-extras.cmake
-- Installing: /home/w0x7ce/Desktop/microros_ws/firmware/mcu_ws/install/share/rcl_lifecycle/cmake/ament_cmake_export_libraries-extras.cmake
-- Installing: /home/w0x7ce/Desktop/microros_ws/firmware/mcu_ws/install/share/rcl_lifecycle/cmake/ament_cmake_export_targets-extras.cmake
-- Installing: /home/w0x7ce/Desktop/microros_ws/firmware/mcu_ws/install/share/rcl_lifecycle/cmake/ament_cmake_export_dependencies-extras.cmake
-- Installing: /home/w0x7ce/Desktop/microros_ws/firmware/mcu_ws/install/share/rcl_lifecycle/cmake/rcl_lifecycleConfig.cmake
-- Installing: /home/w0x7ce/Desktop/microros_ws/firmware/mcu_ws/install/share/rcl_lifecycle/cmake/rcl_lifecycleConfig-version.cmake
-- Installing: /home/w0x7ce/Desktop/microros_ws/firmware/mcu_ws/install/share/rcl_lifecycle/package.xml
-- Up-to-date: /home/w0x7ce/Desktop/microros_ws/firmware/mcu_ws/install/include/rcl_lifecycle
-- Up-to-date: /home/w0x7ce/Desktop/microros_ws/firmware/mcu_ws/install/include/rcl_lifecycle/rcl_lifecycle
-- Installing: /home/w0x7ce/Desktop/microros_ws/firmware/mcu_ws/install/include/rcl_lifecycle/rcl_lifecycle/default_state_machine.h
-- Installing: /home/w0x7ce/Desktop/microros_ws/firmware/mcu_ws/install/include/rcl_lifecycle/rcl_lifecycle/rcl_lifecycle.h
-- Installing: /home/w0x7ce/Desktop/microros_ws/firmware/mcu_ws/install/include/rcl_lifecycle/rcl_lifecycle/transition_map.h
-- Installing: /home/w0x7ce/Desktop/microros_ws/firmware/mcu_ws/install/include/rcl_lifecycle/rcl_lifecycle/data_types.h
-- Installing: /home/w0x7ce/Desktop/microros_ws/firmware/mcu_ws/install/include/rcl_lifecycle/rcl_lifecycle/visibility_control.h
