Not searching for unused variables given on the command line.
-- The C compiler identification is GNU 10.2.0
-- The CXX compiler identification is GNU 10.2.0
-- Detecting C compiler ABI info
-- Detecting C compiler ABI info - done
-- Check for working C compiler: /home/w0x7ce/toolchain_gcc_t-head_linux/bin/riscv64-unknown-elf-gcc - skipped
-- Detecting C compile features
-- Detecting C compile features - done
-- Detecting CXX compiler ABI info
-- Detecting CXX compiler ABI info - done
-- Check for working CXX compiler: /home/w0x7ce/toolchain_gcc_t-head_linux/bin/riscv64-unknown-elf-g++ - skipped
-- Detecting CXX compile features
-- Detecting CXX compile features - done
-- Found ament_cmake_ros: 0.12.0 (/home/w0x7ce/Desktop/microros_ws/firmware/dev_ws/install/ament_cmake_ros/share/ament_cmake_ros/cmake)
-- Found Python3: /usr/bin/python3 (found version "3.12.3") found components: Interpreter
-- Found rcutils: 6.7.1 (/home/w0x7ce/Desktop/microros_ws/firmware/mcu_ws/install/share/rcutils/cmake)
[33mCMake Warning at /home/w0x7ce/Desktop/microros_ws/firmware/mcu_ws/install/share/rcutils/cmake/ament_cmake_export_libraries-extras.cmake:116 (message):
  Package 'rcutils' exports library 'dl' which couldn't be found
Call Stack (most recent call first):
  /home/w0x7ce/Desktop/microros_ws/firmware/mcu_ws/install/share/rcutils/cmake/rcutilsConfig.cmake:41 (include)
  CMakeLists.txt:26 (find_package)

[0m
-- Found rosidl_runtime_c: 4.6.3 (/home/w0x7ce/Desktop/microros_ws/firmware/mcu_ws/install/share/rosidl_runtime_c/cmake)
-- Configuring done (0.7s)
-- Generating done (0.0s)
-- Build files have been written to: /home/w0x7ce/Desktop/microros_ws/firmware/mcu_ws/build/rosidl_dynamic_typesupport
Change Dir: '/home/w0x7ce/Desktop/microros_ws/firmware/mcu_ws/build/rosidl_dynamic_typesupport'

Run Build Command(s): /usr/bin/cmake -E env VERBOSE=1 /usr/bin/gmake -f Makefile -j16 -l16
/usr/bin/cmake -S/home/w0x7ce/Desktop/microros_ws/firmware/mcu_ws/ros2/rosidl_dynamic_typesupport -B/home/w0x7ce/Desktop/microros_ws/firmware/mcu_ws/build/rosidl_dynamic_typesupport --check-build-system CMakeFiles/Makefile.cmake 0
/usr/bin/cmake -E cmake_progress_start /home/w0x7ce/Desktop/microros_ws/firmware/mcu_ws/build/rosidl_dynamic_typesupport/CMakeFiles /home/w0x7ce/Desktop/microros_ws/firmware/mcu_ws/build/rosidl_dynamic_typesupport//CMakeFiles/progress.marks
/usr/bin/gmake  -f CMakeFiles/Makefile2 all
gmake[1]: Entering directory '/home/w0x7ce/Desktop/microros_ws/firmware/mcu_ws/build/rosidl_dynamic_typesupport'
/usr/bin/gmake  -f CMakeFiles/rosidl_dynamic_typesupport.dir/build.make CMakeFiles/rosidl_dynamic_typesupport.dir/depend
gmake[2]: Entering directory '/home/w0x7ce/Desktop/microros_ws/firmware/mcu_ws/build/rosidl_dynamic_typesupport'
cd /home/w0x7ce/Desktop/microros_ws/firmware/mcu_ws/build/rosidl_dynamic_typesupport && /usr/bin/cmake -E cmake_depends "Unix Makefiles" /home/w0x7ce/Desktop/microros_ws/firmware/mcu_ws/ros2/rosidl_dynamic_typesupport /home/w0x7ce/Desktop/microros_ws/firmware/mcu_ws/ros2/rosidl_dynamic_typesupport /home/w0x7ce/Desktop/microros_ws/firmware/mcu_ws/build/rosidl_dynamic_typesupport /home/w0x7ce/Desktop/microros_ws/firmware/mcu_ws/build/rosidl_dynamic_typesupport /home/w0x7ce/Desktop/microros_ws/firmware/mcu_ws/build/rosidl_dynamic_typesupport/CMakeFiles/rosidl_dynamic_typesupport.dir/DependInfo.cmake "--color="
gmake[2]: Leaving directory '/home/w0x7ce/Desktop/microros_ws/firmware/mcu_ws/build/rosidl_dynamic_typesupport'
/usr/bin/gmake  -f CMakeFiles/rosidl_dynamic_typesupport.dir/build.make CMakeFiles/rosidl_dynamic_typesupport.dir/build
gmake[2]: Entering directory '/home/w0x7ce/Desktop/microros_ws/firmware/mcu_ws/build/rosidl_dynamic_typesupport'
[ 16%] [32mBuilding C object CMakeFiles/rosidl_dynamic_typesupport.dir/src/api/serialization_support.c.obj[0m
[ 33%] [32mBuilding C object CMakeFiles/rosidl_dynamic_typesupport.dir/src/api/dynamic_data.c.obj[0m
/home/w0x7ce/toolchain_gcc_t-head_linux/bin/riscv64-unknown-elf-gcc -DARCH_RISCV -DBFLB_CRYPT_HARDWARE -DBFLB_PKA_HARDWARE -DCLOCK_MONOTONIC=0 -DRCUTILS_CUSTOM_TIME_IMPL -DRCUTILS_NO_64_ATOMIC -DROS_PACKAGE_NAME=\"rosidl_dynamic_typesupport\" -DUCLIENT_PLATFORM_RISCV -DUCLIENT_PROFILE_TCP=OFF -DUCLIENT_PROFILE_UDP=OFF -D_POSIX_TIMERS -I/home/w0x7ce/Desktop/microros_ws/firmware/mcu_ws/ros2/rosidl_dynamic_typesupport/src -I/home/w0x7ce/Desktop/microros_ws/firmware/mcu_ws/ros2/rosidl_dynamic_typesupport/include -isystem /home/w0x7ce/Desktop/microros_ws/firmware/mcu_ws/install/include/rcutils -isystem /home/w0x7ce/Desktop/microros_ws/firmware/mcu_ws/install/include/rosidl_runtime_c -isystem /home/w0x7ce/Desktop/microros_ws/firmware/mcu_ws/install/include/rosidl_typesupport_interface -std=gnu99 -march=rv32imac -mabi=ilp32 -mcmodel=medlow -ffunction-sections -fdata-sections -fstrict-volatile-bitfields -fno-zero-initialized-in-bss -Os -ggdb -Wall -mno-save-restore -fmessage-length=0 -fsigned-char -ffunction-sections -fdata-sections -fno-common -O3 -DNDEBUG -std=gnu11 -Wall -Wextra -Wpedantic -MD -MT CMakeFiles/rosidl_dynamic_typesupport.dir/src/api/serialization_support.c.obj -MF CMakeFiles/rosidl_dynamic_typesupport.dir/src/api/serialization_support.c.obj.d -o CMakeFiles/rosidl_dynamic_typesupport.dir/src/api/serialization_support.c.obj -c /home/w0x7ce/Desktop/microros_ws/firmware/mcu_ws/ros2/rosidl_dynamic_typesupport/src/api/serialization_support.c
/home/w0x7ce/toolchain_gcc_t-head_linux/bin/riscv64-unknown-elf-gcc -DARCH_RISCV -DBFLB_CRYPT_HARDWARE -DBFLB_PKA_HARDWARE -DCLOCK_MONOTONIC=0 -DRCUTILS_CUSTOM_TIME_IMPL -DRCUTILS_NO_64_ATOMIC -DROS_PACKAGE_NAME=\"rosidl_dynamic_typesupport\" -DUCLIENT_PLATFORM_RISCV -DUCLIENT_PROFILE_TCP=OFF -DUCLIENT_PROFILE_UDP=OFF -D_POSIX_TIMERS -I/home/w0x7ce/Desktop/microros_ws/firmware/mcu_ws/ros2/rosidl_dynamic_typesupport/src -I/home/w0x7ce/Desktop/microros_ws/firmware/mcu_ws/ros2/rosidl_dynamic_typesupport/include -isystem /home/w0x7ce/Desktop/microros_ws/firmware/mcu_ws/install/include/rcutils -isystem /home/w0x7ce/Desktop/microros_ws/firmware/mcu_ws/install/include/rosidl_runtime_c -isystem /home/w0x7ce/Desktop/microros_ws/firmware/mcu_ws/install/include/rosidl_typesupport_interface -std=gnu99 -march=rv32imac -mabi=ilp32 -mcmodel=medlow -ffunction-sections -fdata-sections -fstrict-volatile-bitfields -fno-zero-initialized-in-bss -Os -ggdb -Wall -mno-save-restore -fmessage-length=0 -fsigned-char -ffunction-sections -fdata-sections -fno-common -O3 -DNDEBUG -std=gnu11 -Wall -Wextra -Wpedantic -MD -MT CMakeFiles/rosidl_dynamic_typesupport.dir/src/api/dynamic_data.c.obj -MF CMakeFiles/rosidl_dynamic_typesupport.dir/src/api/dynamic_data.c.obj.d -o CMakeFiles/rosidl_dynamic_typesupport.dir/src/api/dynamic_data.c.obj -c /home/w0x7ce/Desktop/microros_ws/firmware/mcu_ws/ros2/rosidl_dynamic_typesupport/src/api/dynamic_data.c
[ 50%] [32mBuilding C object CMakeFiles/rosidl_dynamic_typesupport.dir/src/dynamic_message_type_support_struct.c.obj[0m
[ 66%] [32mBuilding C object CMakeFiles/rosidl_dynamic_typesupport.dir/src/identifier.c.obj[0m
[ 83%] [32mBuilding C object CMakeFiles/rosidl_dynamic_typesupport.dir/src/api/dynamic_type.c.obj[0m
/home/w0x7ce/toolchain_gcc_t-head_linux/bin/riscv64-unknown-elf-gcc -DARCH_RISCV -DBFLB_CRYPT_HARDWARE -DBFLB_PKA_HARDWARE -DCLOCK_MONOTONIC=0 -DRCUTILS_CUSTOM_TIME_IMPL -DRCUTILS_NO_64_ATOMIC -DROS_PACKAGE_NAME=\"rosidl_dynamic_typesupport\" -DUCLIENT_PLATFORM_RISCV -DUCLIENT_PROFILE_TCP=OFF -DUCLIENT_PROFILE_UDP=OFF -D_POSIX_TIMERS -I/home/w0x7ce/Desktop/microros_ws/firmware/mcu_ws/ros2/rosidl_dynamic_typesupport/src -I/home/w0x7ce/Desktop/microros_ws/firmware/mcu_ws/ros2/rosidl_dynamic_typesupport/include -isystem /home/w0x7ce/Desktop/microros_ws/firmware/mcu_ws/install/include/rcutils -isystem /home/w0x7ce/Desktop/microros_ws/firmware/mcu_ws/install/include/rosidl_runtime_c -isystem /home/w0x7ce/Desktop/microros_ws/firmware/mcu_ws/install/include/rosidl_typesupport_interface -std=gnu99 -march=rv32imac -mabi=ilp32 -mcmodel=medlow -ffunction-sections -fdata-sections -fstrict-volatile-bitfields -fno-zero-initialized-in-bss -Os -ggdb -Wall -mno-save-restore -fmessage-length=0 -fsigned-char -ffunction-sections -fdata-sections -fno-common -O3 -DNDEBUG -std=gnu11 -Wall -Wextra -Wpedantic -MD -MT CMakeFiles/rosidl_dynamic_typesupport.dir/src/dynamic_message_type_support_struct.c.obj -MF CMakeFiles/rosidl_dynamic_typesupport.dir/src/dynamic_message_type_support_struct.c.obj.d -o CMakeFiles/rosidl_dynamic_typesupport.dir/src/dynamic_message_type_support_struct.c.obj -c /home/w0x7ce/Desktop/microros_ws/firmware/mcu_ws/ros2/rosidl_dynamic_typesupport/src/dynamic_message_type_support_struct.c
/home/w0x7ce/toolchain_gcc_t-head_linux/bin/riscv64-unknown-elf-gcc -DARCH_RISCV -DBFLB_CRYPT_HARDWARE -DBFLB_PKA_HARDWARE -DCLOCK_MONOTONIC=0 -DRCUTILS_CUSTOM_TIME_IMPL -DRCUTILS_NO_64_ATOMIC -DROS_PACKAGE_NAME=\"rosidl_dynamic_typesupport\" -DUCLIENT_PLATFORM_RISCV -DUCLIENT_PROFILE_TCP=OFF -DUCLIENT_PROFILE_UDP=OFF -D_POSIX_TIMERS -I/home/w0x7ce/Desktop/microros_ws/firmware/mcu_ws/ros2/rosidl_dynamic_typesupport/src -I/home/w0x7ce/Desktop/microros_ws/firmware/mcu_ws/ros2/rosidl_dynamic_typesupport/include -isystem /home/w0x7ce/Desktop/microros_ws/firmware/mcu_ws/install/include/rcutils -isystem /home/w0x7ce/Desktop/microros_ws/firmware/mcu_ws/install/include/rosidl_runtime_c -isystem /home/w0x7ce/Desktop/microros_ws/firmware/mcu_ws/install/include/rosidl_typesupport_interface -std=gnu99 -march=rv32imac -mabi=ilp32 -mcmodel=medlow -ffunction-sections -fdata-sections -fstrict-volatile-bitfields -fno-zero-initialized-in-bss -Os -ggdb -Wall -mno-save-restore -fmessage-length=0 -fsigned-char -ffunction-sections -fdata-sections -fno-common -O3 -DNDEBUG -std=gnu11 -Wall -Wextra -Wpedantic -MD -MT CMakeFiles/rosidl_dynamic_typesupport.dir/src/identifier.c.obj -MF CMakeFiles/rosidl_dynamic_typesupport.dir/src/identifier.c.obj.d -o CMakeFiles/rosidl_dynamic_typesupport.dir/src/identifier.c.obj -c /home/w0x7ce/Desktop/microros_ws/firmware/mcu_ws/ros2/rosidl_dynamic_typesupport/src/identifier.c
/home/w0x7ce/toolchain_gcc_t-head_linux/bin/riscv64-unknown-elf-gcc -DARCH_RISCV -DBFLB_CRYPT_HARDWARE -DBFLB_PKA_HARDWARE -DCLOCK_MONOTONIC=0 -DRCUTILS_CUSTOM_TIME_IMPL -DRCUTILS_NO_64_ATOMIC -DROS_PACKAGE_NAME=\"rosidl_dynamic_typesupport\" -DUCLIENT_PLATFORM_RISCV -DUCLIENT_PROFILE_TCP=OFF -DUCLIENT_PROFILE_UDP=OFF -D_POSIX_TIMERS -I/home/w0x7ce/Desktop/microros_ws/firmware/mcu_ws/ros2/rosidl_dynamic_typesupport/src -I/home/w0x7ce/Desktop/microros_ws/firmware/mcu_ws/ros2/rosidl_dynamic_typesupport/include -isystem /home/w0x7ce/Desktop/microros_ws/firmware/mcu_ws/install/include/rcutils -isystem /home/w0x7ce/Desktop/microros_ws/firmware/mcu_ws/install/include/rosidl_runtime_c -isystem /home/w0x7ce/Desktop/microros_ws/firmware/mcu_ws/install/include/rosidl_typesupport_interface -std=gnu99 -march=rv32imac -mabi=ilp32 -mcmodel=medlow -ffunction-sections -fdata-sections -fstrict-volatile-bitfields -fno-zero-initialized-in-bss -Os -ggdb -Wall -mno-save-restore -fmessage-length=0 -fsigned-char -ffunction-sections -fdata-sections -fno-common -O3 -DNDEBUG -std=gnu11 -Wall -Wextra -Wpedantic -MD -MT CMakeFiles/rosidl_dynamic_typesupport.dir/src/api/dynamic_type.c.obj -MF CMakeFiles/rosidl_dynamic_typesupport.dir/src/api/dynamic_type.c.obj.d -o CMakeFiles/rosidl_dynamic_typesupport.dir/src/api/dynamic_type.c.obj -c /home/w0x7ce/Desktop/microros_ws/firmware/mcu_ws/ros2/rosidl_dynamic_typesupport/src/api/dynamic_type.c
[01m[K/home/w0x7ce/Desktop/microros_ws/firmware/mcu_ws/ros2/rosidl_dynamic_typesupport/src/api/dynamic_type.c:[m[K In function '[01m[Krosidl_dynamic_typesupport_dynamic_type_builder_init_from_description[m[K':
[01m[K/home/w0x7ce/Desktop/microros_ws/firmware/mcu_ws/ros2/rosidl_dynamic_typesupport/src/api/dynamic_type.c:318:28:[m[K [01;35m[Kwarning: [m[Kunused variable '[01m[Kerror_string[m[K' [[01;35m[K]8;;https://gcc.gnu.org/onlinedocs/gcc/Warning-Options.html#index-Wunused-variable-Wunused-variable]8;;[m[K]
  318 |     rcutils_error_string_t [01;35m[Kerror_string[m[K = rcutils_get_error_string();
      |                            [01;35m[K^~~~~~~~~~~~[m[K
[100%] [32m[1mLinking C static library librosidl_dynamic_typesupport.a[0m
/usr/bin/cmake -P CMakeFiles/rosidl_dynamic_typesupport.dir/cmake_clean_target.cmake
/usr/bin/cmake -E cmake_link_script CMakeFiles/rosidl_dynamic_typesupport.dir/link.txt --verbose=1
/home/w0x7ce/toolchain_gcc_t-head_linux/bin/riscv64-unknown-elf-ar qc librosidl_dynamic_typesupport.a CMakeFiles/rosidl_dynamic_typesupport.dir/src/api/serialization_support.c.obj CMakeFiles/rosidl_dynamic_typesupport.dir/src/api/dynamic_data.c.obj CMakeFiles/rosidl_dynamic_typesupport.dir/src/api/dynamic_type.c.obj CMakeFiles/rosidl_dynamic_typesupport.dir/src/dynamic_message_type_support_struct.c.obj CMakeFiles/rosidl_dynamic_typesupport.dir/src/identifier.c.obj
/home/w0x7ce/toolchain_gcc_t-head_linux/bin/riscv64-unknown-elf-ranlib librosidl_dynamic_typesupport.a
gmake[2]: Leaving directory '/home/w0x7ce/Desktop/microros_ws/firmware/mcu_ws/build/rosidl_dynamic_typesupport'
[100%] Built target rosidl_dynamic_typesupport
gmake[1]: Leaving directory '/home/w0x7ce/Desktop/microros_ws/firmware/mcu_ws/build/rosidl_dynamic_typesupport'
/usr/bin/cmake -E cmake_progress_start /home/w0x7ce/Desktop/microros_ws/firmware/mcu_ws/build/rosidl_dynamic_typesupport/CMakeFiles 0

-- Install configuration: "Release"
-- Installing: /home/w0x7ce/Desktop/microros_ws/firmware/mcu_ws/install/lib/librosidl_dynamic_typesupport.a
-- Installing: /home/w0x7ce/Desktop/microros_ws/firmware/mcu_ws/install/include/rosidl_dynamic_typesupport
-- Installing: /home/w0x7ce/Desktop/microros_ws/firmware/mcu_ws/install/include/rosidl_dynamic_typesupport/rosidl_dynamic_typesupport
-- Installing: /home/w0x7ce/Desktop/microros_ws/firmware/mcu_ws/install/include/rosidl_dynamic_typesupport/rosidl_dynamic_typesupport/uchar.h
-- Installing: /home/w0x7ce/Desktop/microros_ws/firmware/mcu_ws/install/include/rosidl_dynamic_typesupport/rosidl_dynamic_typesupport/types.h
-- Installing: /home/w0x7ce/Desktop/microros_ws/firmware/mcu_ws/install/include/rosidl_dynamic_typesupport/rosidl_dynamic_typesupport/macros.h
-- Installing: /home/w0x7ce/Desktop/microros_ws/firmware/mcu_ws/install/include/rosidl_dynamic_typesupport/rosidl_dynamic_typesupport/identifier.h
-- Installing: /home/w0x7ce/Desktop/microros_ws/firmware/mcu_ws/install/include/rosidl_dynamic_typesupport/rosidl_dynamic_typesupport/dynamic_message_type_support_struct.h
-- Installing: /home/w0x7ce/Desktop/microros_ws/firmware/mcu_ws/install/include/rosidl_dynamic_typesupport/rosidl_dynamic_typesupport/api
-- Installing: /home/w0x7ce/Desktop/microros_ws/firmware/mcu_ws/install/include/rosidl_dynamic_typesupport/rosidl_dynamic_typesupport/api/dynamic_data.h
-- Installing: /home/w0x7ce/Desktop/microros_ws/firmware/mcu_ws/install/include/rosidl_dynamic_typesupport/rosidl_dynamic_typesupport/api/serialization_support_interface.h
-- Installing: /home/w0x7ce/Desktop/microros_ws/firmware/mcu_ws/install/include/rosidl_dynamic_typesupport/rosidl_dynamic_typesupport/api/dynamic_type.h
-- Installing: /home/w0x7ce/Desktop/microros_ws/firmware/mcu_ws/install/include/rosidl_dynamic_typesupport/rosidl_dynamic_typesupport/api/serialization_support.h
-- Installing: /home/w0x7ce/Desktop/microros_ws/firmware/mcu_ws/install/include/rosidl_dynamic_typesupport/rosidl_dynamic_typesupport/visibility_control.h
-- Installing: /home/w0x7ce/Desktop/microros_ws/firmware/mcu_ws/install/share/rosidl_dynamic_typesupport/environment/library_path.sh
-- Installing: /home/w0x7ce/Desktop/microros_ws/firmware/mcu_ws/install/share/rosidl_dynamic_typesupport/environment/library_path.dsv
-- Installing: /home/w0x7ce/Desktop/microros_ws/firmware/mcu_ws/install/share/ament_index/resource_index/package_run_dependencies/rosidl_dynamic_typesupport
-- Installing: /home/w0x7ce/Desktop/microros_ws/firmware/mcu_ws/install/share/ament_index/resource_index/parent_prefix_path/rosidl_dynamic_typesupport
-- Installing: /home/w0x7ce/Desktop/microros_ws/firmware/mcu_ws/install/share/rosidl_dynamic_typesupport/environment/ament_prefix_path.sh
-- Installing: /home/w0x7ce/Desktop/microros_ws/firmware/mcu_ws/install/share/rosidl_dynamic_typesupport/environment/ament_prefix_path.dsv
-- Installing: /home/w0x7ce/Desktop/microros_ws/firmware/mcu_ws/install/share/rosidl_dynamic_typesupport/environment/path.sh
-- Installing: /home/w0x7ce/Desktop/microros_ws/firmware/mcu_ws/install/share/rosidl_dynamic_typesupport/environment/path.dsv
-- Installing: /home/w0x7ce/Desktop/microros_ws/firmware/mcu_ws/install/share/rosidl_dynamic_typesupport/local_setup.bash
-- Installing: /home/w0x7ce/Desktop/microros_ws/firmware/mcu_ws/install/share/rosidl_dynamic_typesupport/local_setup.sh
-- Installing: /home/w0x7ce/Desktop/microros_ws/firmware/mcu_ws/install/share/rosidl_dynamic_typesupport/local_setup.zsh
-- Installing: /home/w0x7ce/Desktop/microros_ws/firmware/mcu_ws/install/share/rosidl_dynamic_typesupport/local_setup.dsv
-- Installing: /home/w0x7ce/Desktop/microros_ws/firmware/mcu_ws/install/share/rosidl_dynamic_typesupport/package.dsv
-- Installing: /home/w0x7ce/Desktop/microros_ws/firmware/mcu_ws/install/share/ament_index/resource_index/packages/rosidl_dynamic_typesupport
-- Installing: /home/w0x7ce/Desktop/microros_ws/firmware/mcu_ws/install/share/rosidl_dynamic_typesupport/cmake/rosidl_dynamic_typesupport-exportExport.cmake
-- Installing: /home/w0x7ce/Desktop/microros_ws/firmware/mcu_ws/install/share/rosidl_dynamic_typesupport/cmake/rosidl_dynamic_typesupport-exportExport-release.cmake
-- Installing: /home/w0x7ce/Desktop/microros_ws/firmware/mcu_ws/install/share/rosidl_dynamic_typesupport/cmake/ament_cmake_export_targets-extras.cmake
-- Installing: /home/w0x7ce/Desktop/microros_ws/firmware/mcu_ws/install/share/rosidl_dynamic_typesupport/cmake/ament_cmake_export_dependencies-extras.cmake
-- Installing: /home/w0x7ce/Desktop/microros_ws/firmware/mcu_ws/install/share/rosidl_dynamic_typesupport/cmake/rosidl_dynamic_typesupportConfig.cmake
-- Installing: /home/w0x7ce/Desktop/microros_ws/firmware/mcu_ws/install/share/rosidl_dynamic_typesupport/cmake/rosidl_dynamic_typesupportConfig-version.cmake
-- Installing: /home/w0x7ce/Desktop/microros_ws/firmware/mcu_ws/install/share/rosidl_dynamic_typesupport/package.xml
