[2.101s] Invoking command in '/home/w0x7ce/Desktop/microros_ws/firmware/mcu_ws/ros2/ros2_tracing/tracetools_read': DEBUGINFOD_URLS=https://debuginfod.ubuntu.com PYTHONPATH=/home/w0x7ce/Desktop/microros_ws/firmware/mcu_ws/build/tracetools_read/prefix_override:/usr/lib/python3/dist-packages/colcon_core/task/python/colcon_distutils_commands:/home/w0x7ce/Desktop/microros_ws/firmware/mcu_ws/install/lib/python3.12/site-packages:${PYTHONPATH} /usr/bin/python3 -W ignore:setup.py install is deprecated setup.py egg_info --egg-base ../../../build/tracetools_read build --build-base /home/w0x7ce/Desktop/microros_ws/firmware/mcu_ws/build/tracetools_read/build install --record /home/w0x7ce/Desktop/microros_ws/firmware/mcu_ws/build/tracetools_read/install.log --single-version-externally-managed install_data
[2.558s] running egg_info
[2.558s] creating ../../../build/tracetools_read/tracetools_read.egg-info
[2.569s] writing ../../../build/tracetools_read/tracetools_read.egg-info/PKG-INFO
[2.570s] writing dependency_links to ../../../build/tracetools_read/tracetools_read.egg-info/dependency_links.txt
[2.570s] writing requirements to ../../../build/tracetools_read/tracetools_read.egg-info/requires.txt
[2.570s] writing top-level names to ../../../build/tracetools_read/tracetools_read.egg-info/top_level.txt
[2.570s] writing manifest file '../../../build/tracetools_read/tracetools_read.egg-info/SOURCES.txt'
[2.599s] reading manifest file '../../../build/tracetools_read/tracetools_read.egg-info/SOURCES.txt'
[2.600s] writing manifest file '../../../build/tracetools_read/tracetools_read.egg-info/SOURCES.txt'
[2.600s] running build
[2.600s] running build_py
[2.600s] creating /home/w0x7ce/Desktop/microros_ws/firmware/mcu_ws/build/tracetools_read/build
[2.600s] creating /home/w0x7ce/Desktop/microros_ws/firmware/mcu_ws/build/tracetools_read/build/lib
[2.600s] creating /home/w0x7ce/Desktop/microros_ws/firmware/mcu_ws/build/tracetools_read/build/lib/tracetools_read
[2.600s] copying tracetools_read/__init__.py -> /home/w0x7ce/Desktop/microros_ws/firmware/mcu_ws/build/tracetools_read/build/lib/tracetools_read
[2.600s] copying tracetools_read/trace.py -> /home/w0x7ce/Desktop/microros_ws/firmware/mcu_ws/build/tracetools_read/build/lib/tracetools_read
[2.600s] running install
[2.605s] running install_lib
[2.619s] creating /home/w0x7ce/Desktop/microros_ws/firmware/mcu_ws/install/lib/python3.12/site-packages/tracetools_read
[2.619s] copying /home/w0x7ce/Desktop/microros_ws/firmware/mcu_ws/build/tracetools_read/build/lib/tracetools_read/__init__.py -> /home/w0x7ce/Desktop/microros_ws/firmware/mcu_ws/install/lib/python3.12/site-packages/tracetools_read
[2.619s] copying /home/w0x7ce/Desktop/microros_ws/firmware/mcu_ws/build/tracetools_read/build/lib/tracetools_read/trace.py -> /home/w0x7ce/Desktop/microros_ws/firmware/mcu_ws/install/lib/python3.12/site-packages/tracetools_read
[2.619s] byte-compiling /home/w0x7ce/Desktop/microros_ws/firmware/mcu_ws/install/lib/python3.12/site-packages/tracetools_read/__init__.py to __init__.cpython-312.pyc
[2.620s] byte-compiling /home/w0x7ce/Desktop/microros_ws/firmware/mcu_ws/install/lib/python3.12/site-packages/tracetools_read/trace.py to trace.cpython-312.pyc
[2.620s] running install_data
[2.620s] copying package.xml -> /home/w0x7ce/Desktop/microros_ws/firmware/mcu_ws/install/share/tracetools_read
[2.620s] copying resource/tracetools_read -> /home/w0x7ce/Desktop/microros_ws/firmware/mcu_ws/install/share/ament_index/resource_index/packages
[2.620s] running install_egg_info
[2.635s] Copying ../../../build/tracetools_read/tracetools_read.egg-info to /home/w0x7ce/Desktop/microros_ws/firmware/mcu_ws/install/lib/python3.12/site-packages/tracetools_read-8.2.1-py3.12.egg-info
[2.635s] running install_scripts
[2.752s] writing list of installed files to '/home/w0x7ce/Desktop/microros_ws/firmware/mcu_ws/build/tracetools_read/install.log'
[2.857s] Invoked command in '/home/w0x7ce/Desktop/microros_ws/firmware/mcu_ws/ros2/ros2_tracing/tracetools_read' returned '0': DEBUGINFOD_URLS=https://debuginfod.ubuntu.com PYTHONPATH=/home/w0x7ce/Desktop/microros_ws/firmware/mcu_ws/build/tracetools_read/prefix_override:/usr/lib/python3/dist-packages/colcon_core/task/python/colcon_distutils_commands:/home/w0x7ce/Desktop/microros_ws/firmware/mcu_ws/install/lib/python3.12/site-packages:${PYTHONPATH} /usr/bin/python3 -W ignore:setup.py install is deprecated setup.py egg_info --egg-base ../../../build/tracetools_read build --build-base /home/w0x7ce/Desktop/microros_ws/firmware/mcu_ws/build/tracetools_read/build install --record /home/w0x7ce/Desktop/microros_ws/firmware/mcu_ws/build/tracetools_read/install.log --single-version-externally-managed install_data
