Not searching for unused variables given on the command line.
-- The C compiler identification is GNU 10.2.0
-- The CXX compiler identification is GNU 10.2.0
-- Detecting C compiler ABI info
-- Detecting C compiler ABI info - done
-- Check for working C compiler: /home/w0x7ce/toolchain_gcc_t-head_linux/bin/riscv64-unknown-elf-gcc - skipped
-- Detecting C compile features
-- Detecting C compile features - done
-- Detecting CXX compiler ABI info
-- Detecting CXX compiler ABI info - done
-- Check for working CXX compiler: /home/w0x7ce/toolchain_gcc_t-head_linux/bin/riscv64-unknown-elf-g++ - skipped
-- Detecting CXX compile features
-- Detecting CXX compile features - done
-- Found ament_cmake_ros: 0.12.0 (/home/w0x7ce/Desktop/microros_ws/firmware/dev_ws/install/ament_cmake_ros/share/ament_cmake_ros/cmake)
-- Found Python3: /usr/bin/python3 (found version "3.12.3") found components: Interpreter
-- Found action_msgs: 2.0.2 (/home/w0x7ce/Desktop/microros_ws/firmware/mcu_ws/install/share/action_msgs/cmake)
-- Using all available rosidl_typesupport_c: rosidl_typesupport_introspection_c;rosidl_typesupport_microxrcedds_c
-- Found rosidl_adapter: 4.6.3 (/home/w0x7ce/Desktop/microros_ws/firmware/mcu_ws/install/share/rosidl_adapter/cmake)
-- Found rcl: 9.2.3 (/home/w0x7ce/Desktop/microros_ws/firmware/mcu_ws/install/share/rcl/cmake)
-- Found rmw_implementation_cmake: 7.3.1 (/home/w0x7ce/Desktop/microros_ws/firmware/mcu_ws/install/share/rmw_implementation_cmake/cmake)
-- Found rmw_microxrcedds: 5.0.1 (/home/w0x7ce/Desktop/microros_ws/firmware/mcu_ws/install/share/rmw_microxrcedds/cmake)
-- Using RMW implementation 'rmw_microxrcedds'
-- Configuring done (1.4s)
-- Generating done (0.0s)
-- Build files have been written to: /home/w0x7ce/Desktop/microros_ws/firmware/mcu_ws/build/rcl_action
Change Dir: '/home/w0x7ce/Desktop/microros_ws/firmware/mcu_ws/build/rcl_action'

Run Build Command(s): /usr/bin/cmake -E env VERBOSE=1 /usr/bin/gmake -f Makefile -j16 -l16
/usr/bin/cmake -S/home/w0x7ce/Desktop/microros_ws/firmware/mcu_ws/uros/rcl/rcl_action -B/home/w0x7ce/Desktop/microros_ws/firmware/mcu_ws/build/rcl_action --check-build-system CMakeFiles/Makefile.cmake 0
/usr/bin/cmake -E cmake_progress_start /home/w0x7ce/Desktop/microros_ws/firmware/mcu_ws/build/rcl_action/CMakeFiles /home/w0x7ce/Desktop/microros_ws/firmware/mcu_ws/build/rcl_action//CMakeFiles/progress.marks
/usr/bin/gmake  -f CMakeFiles/Makefile2 all
gmake[1]: Entering directory '/home/w0x7ce/Desktop/microros_ws/firmware/mcu_ws/build/rcl_action'
/usr/bin/gmake  -f CMakeFiles/ament_generate_version_header__rcl_action.dir/build.make CMakeFiles/ament_generate_version_header__rcl_action.dir/depend
gmake[2]: Entering directory '/home/w0x7ce/Desktop/microros_ws/firmware/mcu_ws/build/rcl_action'
cd /home/w0x7ce/Desktop/microros_ws/firmware/mcu_ws/build/rcl_action && /usr/bin/cmake -E cmake_depends "Unix Makefiles" /home/w0x7ce/Desktop/microros_ws/firmware/mcu_ws/uros/rcl/rcl_action /home/w0x7ce/Desktop/microros_ws/firmware/mcu_ws/uros/rcl/rcl_action /home/w0x7ce/Desktop/microros_ws/firmware/mcu_ws/build/rcl_action /home/w0x7ce/Desktop/microros_ws/firmware/mcu_ws/build/rcl_action /home/w0x7ce/Desktop/microros_ws/firmware/mcu_ws/build/rcl_action/CMakeFiles/ament_generate_version_header__rcl_action.dir/DependInfo.cmake "--color="
gmake[2]: Leaving directory '/home/w0x7ce/Desktop/microros_ws/firmware/mcu_ws/build/rcl_action'
/usr/bin/gmake  -f CMakeFiles/ament_generate_version_header__rcl_action.dir/build.make CMakeFiles/ament_generate_version_header__rcl_action.dir/build
gmake[2]: Entering directory '/home/w0x7ce/Desktop/microros_ws/firmware/mcu_ws/build/rcl_action'
[ 11%] [34m[1mGenerating rcl_action/version.h[0m
/usr/bin/cmake -P /home/w0x7ce/Desktop/microros_ws/firmware/mcu_ws/build/rcl_action/ament_generate_version_header/rcl_action/generate_version_header.cmake
gmake[2]: Leaving directory '/home/w0x7ce/Desktop/microros_ws/firmware/mcu_ws/build/rcl_action'
[ 11%] Built target ament_generate_version_header__rcl_action
/usr/bin/gmake  -f CMakeFiles/rcl_action.dir/build.make CMakeFiles/rcl_action.dir/depend
gmake[2]: Entering directory '/home/w0x7ce/Desktop/microros_ws/firmware/mcu_ws/build/rcl_action'
cd /home/w0x7ce/Desktop/microros_ws/firmware/mcu_ws/build/rcl_action && /usr/bin/cmake -E cmake_depends "Unix Makefiles" /home/w0x7ce/Desktop/microros_ws/firmware/mcu_ws/uros/rcl/rcl_action /home/w0x7ce/Desktop/microros_ws/firmware/mcu_ws/uros/rcl/rcl_action /home/w0x7ce/Desktop/microros_ws/firmware/mcu_ws/build/rcl_action /home/w0x7ce/Desktop/microros_ws/firmware/mcu_ws/build/rcl_action /home/w0x7ce/Desktop/microros_ws/firmware/mcu_ws/build/rcl_action/CMakeFiles/rcl_action.dir/DependInfo.cmake "--color="
gmake[2]: Leaving directory '/home/w0x7ce/Desktop/microros_ws/firmware/mcu_ws/build/rcl_action'
/usr/bin/gmake  -f CMakeFiles/rcl_action.dir/build.make CMakeFiles/rcl_action.dir/build
gmake[2]: Entering directory '/home/w0x7ce/Desktop/microros_ws/firmware/mcu_ws/build/rcl_action'
[ 22%] [32mBuilding C object CMakeFiles/rcl_action.dir/src/rcl_action/action_client.c.obj[0m
[ 33%] [32mBuilding C object CMakeFiles/rcl_action.dir/src/rcl_action/goal_state_machine.c.obj[0m
[ 55%] [32mBuilding C object CMakeFiles/rcl_action.dir/src/rcl_action/goal_handle.c.obj[0m
[ 55%] [32mBuilding C object CMakeFiles/rcl_action.dir/src/rcl_action/action_server.c.obj[0m
/home/w0x7ce/toolchain_gcc_t-head_linux/bin/riscv64-unknown-elf-gcc -DARCH_RISCV -DBFLB_CRYPT_HARDWARE -DBFLB_PKA_HARDWARE -DCLOCK_MONOTONIC=0 -DRCL_ACTION_BUILDING_DLL -DRCUTILS_CUSTOM_TIME_IMPL -DRCUTILS_NO_64_ATOMIC -DROS_PACKAGE_NAME=\"rcl_action\" -DUCLIENT_PLATFORM_RISCV -DUCLIENT_PROFILE_TCP=OFF -DUCLIENT_PROFILE_UDP=OFF -D_POSIX_TIMERS -I/home/w0x7ce/Desktop/microros_ws/firmware/mcu_ws/uros/rcl/rcl_action/include -I/home/w0x7ce/Desktop/microros_ws/firmware/mcu_ws/build/rcl_action/ament_generate_version_header/rcl_action -isystem /home/w0x7ce/Desktop/microros_ws/firmware/mcu_ws/install/include/action_msgs -isystem /home/w0x7ce/Desktop/microros_ws/firmware/mcu_ws/install/include/builtin_interfaces -isystem /home/w0x7ce/Desktop/microros_ws/firmware/mcu_ws/install/include/rosidl_runtime_c -isystem /home/w0x7ce/Desktop/microros_ws/firmware/mcu_ws/install/include/rcutils -isystem /home/w0x7ce/Desktop/microros_ws/firmware/mcu_ws/install/include/rosidl_typesupport_interface -isystem /home/w0x7ce/Desktop/microros_ws/firmware/mcu_ws/install/include/unique_identifier_msgs -isystem /home/w0x7ce/Desktop/microros_ws/firmware/mcu_ws/install/include/service_msgs -isystem /home/w0x7ce/Desktop/microros_ws/firmware/mcu_ws/install/include/rosidl_typesupport_introspection_c -isystem /home/w0x7ce/Desktop/microros_ws/firmware/mcu_ws/install/include/rcl -isystem /home/w0x7ce/Desktop/microros_ws/firmware/mcu_ws/install/include/rcl_interfaces -isystem /home/w0x7ce/Desktop/microros_ws/firmware/mcu_ws/install/include/rcl_logging_interface -isystem /home/w0x7ce/Desktop/microros_ws/firmware/mcu_ws/install/include/rmw -isystem /home/w0x7ce/Desktop/microros_ws/firmware/mcu_ws/install/include/rosidl_dynamic_typesupport -isystem /home/w0x7ce/Desktop/microros_ws/firmware/mcu_ws/install/include -isystem /home/w0x7ce/Desktop/microros_ws/firmware/mcu_ws/install/include/type_description_interfaces -std=gnu99 -march=rv32imac -mabi=ilp32 -mcmodel=medlow -ffunction-sections -fdata-sections -fstrict-volatile-bitfields -fno-zero-initialized-in-bss -Os -ggdb -Wall -mno-save-restore -fmessage-length=0 -fsigned-char -ffunction-sections -fdata-sections -fno-common -O3 -DNDEBUG -std=gnu11 -fvisibility=hidden -Wall -Wextra -Wpedantic -MD -MT CMakeFiles/rcl_action.dir/src/rcl_action/action_client.c.obj -MF CMakeFiles/rcl_action.dir/src/rcl_action/action_client.c.obj.d -o CMakeFiles/rcl_action.dir/src/rcl_action/action_client.c.obj -c /home/w0x7ce/Desktop/microros_ws/firmware/mcu_ws/uros/rcl/rcl_action/src/rcl_action/action_client.c
/home/w0x7ce/toolchain_gcc_t-head_linux/bin/riscv64-unknown-elf-gcc -DARCH_RISCV -DBFLB_CRYPT_HARDWARE -DBFLB_PKA_HARDWARE -DCLOCK_MONOTONIC=0 -DRCL_ACTION_BUILDING_DLL -DRCUTILS_CUSTOM_TIME_IMPL -DRCUTILS_NO_64_ATOMIC -DROS_PACKAGE_NAME=\"rcl_action\" -DUCLIENT_PLATFORM_RISCV -DUCLIENT_PROFILE_TCP=OFF -DUCLIENT_PROFILE_UDP=OFF -D_POSIX_TIMERS -I/home/w0x7ce/Desktop/microros_ws/firmware/mcu_ws/uros/rcl/rcl_action/include -I/home/w0x7ce/Desktop/microros_ws/firmware/mcu_ws/build/rcl_action/ament_generate_version_header/rcl_action -isystem /home/w0x7ce/Desktop/microros_ws/firmware/mcu_ws/install/include/action_msgs -isystem /home/w0x7ce/Desktop/microros_ws/firmware/mcu_ws/install/include/builtin_interfaces -isystem /home/w0x7ce/Desktop/microros_ws/firmware/mcu_ws/install/include/rosidl_runtime_c -isystem /home/w0x7ce/Desktop/microros_ws/firmware/mcu_ws/install/include/rcutils -isystem /home/w0x7ce/Desktop/microros_ws/firmware/mcu_ws/install/include/rosidl_typesupport_interface -isystem /home/w0x7ce/Desktop/microros_ws/firmware/mcu_ws/install/include/unique_identifier_msgs -isystem /home/w0x7ce/Desktop/microros_ws/firmware/mcu_ws/install/include/service_msgs -isystem /home/w0x7ce/Desktop/microros_ws/firmware/mcu_ws/install/include/rosidl_typesupport_introspection_c -isystem /home/w0x7ce/Desktop/microros_ws/firmware/mcu_ws/install/include/rcl -isystem /home/w0x7ce/Desktop/microros_ws/firmware/mcu_ws/install/include/rcl_interfaces -isystem /home/w0x7ce/Desktop/microros_ws/firmware/mcu_ws/install/include/rcl_logging_interface -isystem /home/w0x7ce/Desktop/microros_ws/firmware/mcu_ws/install/include/rmw -isystem /home/w0x7ce/Desktop/microros_ws/firmware/mcu_ws/install/include/rosidl_dynamic_typesupport -isystem /home/w0x7ce/Desktop/microros_ws/firmware/mcu_ws/install/include -isystem /home/w0x7ce/Desktop/microros_ws/firmware/mcu_ws/install/include/type_description_interfaces -std=gnu99 -march=rv32imac -mabi=ilp32 -mcmodel=medlow -ffunction-sections -fdata-sections -fstrict-volatile-bitfields -fno-zero-initialized-in-bss -Os -ggdb -Wall -mno-save-restore -fmessage-length=0 -fsigned-char -ffunction-sections -fdata-sections -fno-common -O3 -DNDEBUG -std=gnu11 -fvisibility=hidden -Wall -Wextra -Wpedantic -MD -MT CMakeFiles/rcl_action.dir/src/rcl_action/goal_state_machine.c.obj -MF CMakeFiles/rcl_action.dir/src/rcl_action/goal_state_machine.c.obj.d -o CMakeFiles/rcl_action.dir/src/rcl_action/goal_state_machine.c.obj -c /home/w0x7ce/Desktop/microros_ws/firmware/mcu_ws/uros/rcl/rcl_action/src/rcl_action/goal_state_machine.c
[ 66%] [32mBuilding C object CMakeFiles/rcl_action.dir/src/rcl_action/graph.c.obj[0m
/home/w0x7ce/toolchain_gcc_t-head_linux/bin/riscv64-unknown-elf-gcc -DARCH_RISCV -DBFLB_CRYPT_HARDWARE -DBFLB_PKA_HARDWARE -DCLOCK_MONOTONIC=0 -DRCL_ACTION_BUILDING_DLL -DRCUTILS_CUSTOM_TIME_IMPL -DRCUTILS_NO_64_ATOMIC -DROS_PACKAGE_NAME=\"rcl_action\" -DUCLIENT_PLATFORM_RISCV -DUCLIENT_PROFILE_TCP=OFF -DUCLIENT_PROFILE_UDP=OFF -D_POSIX_TIMERS -I/home/w0x7ce/Desktop/microros_ws/firmware/mcu_ws/uros/rcl/rcl_action/include -I/home/w0x7ce/Desktop/microros_ws/firmware/mcu_ws/build/rcl_action/ament_generate_version_header/rcl_action -isystem /home/w0x7ce/Desktop/microros_ws/firmware/mcu_ws/install/include/action_msgs -isystem /home/w0x7ce/Desktop/microros_ws/firmware/mcu_ws/install/include/builtin_interfaces -isystem /home/w0x7ce/Desktop/microros_ws/firmware/mcu_ws/install/include/rosidl_runtime_c -isystem /home/w0x7ce/Desktop/microros_ws/firmware/mcu_ws/install/include/rcutils -isystem /home/w0x7ce/Desktop/microros_ws/firmware/mcu_ws/install/include/rosidl_typesupport_interface -isystem /home/w0x7ce/Desktop/microros_ws/firmware/mcu_ws/install/include/unique_identifier_msgs -isystem /home/w0x7ce/Desktop/microros_ws/firmware/mcu_ws/install/include/service_msgs -isystem /home/w0x7ce/Desktop/microros_ws/firmware/mcu_ws/install/include/rosidl_typesupport_introspection_c -isystem /home/w0x7ce/Desktop/microros_ws/firmware/mcu_ws/install/include/rcl -isystem /home/w0x7ce/Desktop/microros_ws/firmware/mcu_ws/install/include/rcl_interfaces -isystem /home/w0x7ce/Desktop/microros_ws/firmware/mcu_ws/install/include/rcl_logging_interface -isystem /home/w0x7ce/Desktop/microros_ws/firmware/mcu_ws/install/include/rmw -isystem /home/w0x7ce/Desktop/microros_ws/firmware/mcu_ws/install/include/rosidl_dynamic_typesupport -isystem /home/w0x7ce/Desktop/microros_ws/firmware/mcu_ws/install/include -isystem /home/w0x7ce/Desktop/microros_ws/firmware/mcu_ws/install/include/type_description_interfaces -std=gnu99 -march=rv32imac -mabi=ilp32 -mcmodel=medlow -ffunction-sections -fdata-sections -fstrict-volatile-bitfields -fno-zero-initialized-in-bss -Os -ggdb -Wall -mno-save-restore -fmessage-length=0 -fsigned-char -ffunction-sections -fdata-sections -fno-common -O3 -DNDEBUG -std=gnu11 -fvisibility=hidden -Wall -Wextra -Wpedantic -MD -MT CMakeFiles/rcl_action.dir/src/rcl_action/action_server.c.obj -MF CMakeFiles/rcl_action.dir/src/rcl_action/action_server.c.obj.d -o CMakeFiles/rcl_action.dir/src/rcl_action/action_server.c.obj -c /home/w0x7ce/Desktop/microros_ws/firmware/mcu_ws/uros/rcl/rcl_action/src/rcl_action/action_server.c
[ 77%] [32mBuilding C object CMakeFiles/rcl_action.dir/src/rcl_action/names.c.obj[0m
/home/w0x7ce/toolchain_gcc_t-head_linux/bin/riscv64-unknown-elf-gcc -DARCH_RISCV -DBFLB_CRYPT_HARDWARE -DBFLB_PKA_HARDWARE -DCLOCK_MONOTONIC=0 -DRCL_ACTION_BUILDING_DLL -DRCUTILS_CUSTOM_TIME_IMPL -DRCUTILS_NO_64_ATOMIC -DROS_PACKAGE_NAME=\"rcl_action\" -DUCLIENT_PLATFORM_RISCV -DUCLIENT_PROFILE_TCP=OFF -DUCLIENT_PROFILE_UDP=OFF -D_POSIX_TIMERS -I/home/w0x7ce/Desktop/microros_ws/firmware/mcu_ws/uros/rcl/rcl_action/include -I/home/w0x7ce/Desktop/microros_ws/firmware/mcu_ws/build/rcl_action/ament_generate_version_header/rcl_action -isystem /home/w0x7ce/Desktop/microros_ws/firmware/mcu_ws/install/include/action_msgs -isystem /home/w0x7ce/Desktop/microros_ws/firmware/mcu_ws/install/include/builtin_interfaces -isystem /home/w0x7ce/Desktop/microros_ws/firmware/mcu_ws/install/include/rosidl_runtime_c -isystem /home/w0x7ce/Desktop/microros_ws/firmware/mcu_ws/install/include/rcutils -isystem /home/w0x7ce/Desktop/microros_ws/firmware/mcu_ws/install/include/rosidl_typesupport_interface -isystem /home/w0x7ce/Desktop/microros_ws/firmware/mcu_ws/install/include/unique_identifier_msgs -isystem /home/w0x7ce/Desktop/microros_ws/firmware/mcu_ws/install/include/service_msgs -isystem /home/w0x7ce/Desktop/microros_ws/firmware/mcu_ws/install/include/rosidl_typesupport_introspection_c -isystem /home/w0x7ce/Desktop/microros_ws/firmware/mcu_ws/install/include/rcl -isystem /home/w0x7ce/Desktop/microros_ws/firmware/mcu_ws/install/include/rcl_interfaces -isystem /home/w0x7ce/Desktop/microros_ws/firmware/mcu_ws/install/include/rcl_logging_interface -isystem /home/w0x7ce/Desktop/microros_ws/firmware/mcu_ws/install/include/rmw -isystem /home/w0x7ce/Desktop/microros_ws/firmware/mcu_ws/install/include/rosidl_dynamic_typesupport -isystem /home/w0x7ce/Desktop/microros_ws/firmware/mcu_ws/install/include -isystem /home/w0x7ce/Desktop/microros_ws/firmware/mcu_ws/install/include/type_description_interfaces -std=gnu99 -march=rv32imac -mabi=ilp32 -mcmodel=medlow -ffunction-sections -fdata-sections -fstrict-volatile-bitfields -fno-zero-initialized-in-bss -Os -ggdb -Wall -mno-save-restore -fmessage-length=0 -fsigned-char -ffunction-sections -fdata-sections -fno-common -O3 -DNDEBUG -std=gnu11 -fvisibility=hidden -Wall -Wextra -Wpedantic -MD -MT CMakeFiles/rcl_action.dir/src/rcl_action/goal_handle.c.obj -MF CMakeFiles/rcl_action.dir/src/rcl_action/goal_handle.c.obj.d -o CMakeFiles/rcl_action.dir/src/rcl_action/goal_handle.c.obj -c /home/w0x7ce/Desktop/microros_ws/firmware/mcu_ws/uros/rcl/rcl_action/src/rcl_action/goal_handle.c
/home/w0x7ce/toolchain_gcc_t-head_linux/bin/riscv64-unknown-elf-gcc -DARCH_RISCV -DBFLB_CRYPT_HARDWARE -DBFLB_PKA_HARDWARE -DCLOCK_MONOTONIC=0 -DRCL_ACTION_BUILDING_DLL -DRCUTILS_CUSTOM_TIME_IMPL -DRCUTILS_NO_64_ATOMIC -DROS_PACKAGE_NAME=\"rcl_action\" -DUCLIENT_PLATFORM_RISCV -DUCLIENT_PROFILE_TCP=OFF -DUCLIENT_PROFILE_UDP=OFF -D_POSIX_TIMERS -I/home/w0x7ce/Desktop/microros_ws/firmware/mcu_ws/uros/rcl/rcl_action/include -I/home/w0x7ce/Desktop/microros_ws/firmware/mcu_ws/build/rcl_action/ament_generate_version_header/rcl_action -isystem /home/w0x7ce/Desktop/microros_ws/firmware/mcu_ws/install/include/action_msgs -isystem /home/w0x7ce/Desktop/microros_ws/firmware/mcu_ws/install/include/builtin_interfaces -isystem /home/w0x7ce/Desktop/microros_ws/firmware/mcu_ws/install/include/rosidl_runtime_c -isystem /home/w0x7ce/Desktop/microros_ws/firmware/mcu_ws/install/include/rcutils -isystem /home/w0x7ce/Desktop/microros_ws/firmware/mcu_ws/install/include/rosidl_typesupport_interface -isystem /home/w0x7ce/Desktop/microros_ws/firmware/mcu_ws/install/include/unique_identifier_msgs -isystem /home/w0x7ce/Desktop/microros_ws/firmware/mcu_ws/install/include/service_msgs -isystem /home/w0x7ce/Desktop/microros_ws/firmware/mcu_ws/install/include/rosidl_typesupport_introspection_c -isystem /home/w0x7ce/Desktop/microros_ws/firmware/mcu_ws/install/include/rcl -isystem /home/w0x7ce/Desktop/microros_ws/firmware/mcu_ws/install/include/rcl_interfaces -isystem /home/w0x7ce/Desktop/microros_ws/firmware/mcu_ws/install/include/rcl_logging_interface -isystem /home/w0x7ce/Desktop/microros_ws/firmware/mcu_ws/install/include/rmw -isystem /home/w0x7ce/Desktop/microros_ws/firmware/mcu_ws/install/include/rosidl_dynamic_typesupport -isystem /home/w0x7ce/Desktop/microros_ws/firmware/mcu_ws/install/include -isystem /home/w0x7ce/Desktop/microros_ws/firmware/mcu_ws/install/include/type_description_interfaces -std=gnu99 -march=rv32imac -mabi=ilp32 -mcmodel=medlow -ffunction-sections -fdata-sections -fstrict-volatile-bitfields -fno-zero-initialized-in-bss -Os -ggdb -Wall -mno-save-restore -fmessage-length=0 -fsigned-char -ffunction-sections -fdata-sections -fno-common -O3 -DNDEBUG -std=gnu11 -fvisibility=hidden -Wall -Wextra -Wpedantic -MD -MT CMakeFiles/rcl_action.dir/src/rcl_action/graph.c.obj -MF CMakeFiles/rcl_action.dir/src/rcl_action/graph.c.obj.d -o CMakeFiles/rcl_action.dir/src/rcl_action/graph.c.obj -c /home/w0x7ce/Desktop/microros_ws/firmware/mcu_ws/uros/rcl/rcl_action/src/rcl_action/graph.c
[ 88%] [32mBuilding C object CMakeFiles/rcl_action.dir/src/rcl_action/types.c.obj[0m
/home/w0x7ce/toolchain_gcc_t-head_linux/bin/riscv64-unknown-elf-gcc -DARCH_RISCV -DBFLB_CRYPT_HARDWARE -DBFLB_PKA_HARDWARE -DCLOCK_MONOTONIC=0 -DRCL_ACTION_BUILDING_DLL -DRCUTILS_CUSTOM_TIME_IMPL -DRCUTILS_NO_64_ATOMIC -DROS_PACKAGE_NAME=\"rcl_action\" -DUCLIENT_PLATFORM_RISCV -DUCLIENT_PROFILE_TCP=OFF -DUCLIENT_PROFILE_UDP=OFF -D_POSIX_TIMERS -I/home/w0x7ce/Desktop/microros_ws/firmware/mcu_ws/uros/rcl/rcl_action/include -I/home/w0x7ce/Desktop/microros_ws/firmware/mcu_ws/build/rcl_action/ament_generate_version_header/rcl_action -isystem /home/w0x7ce/Desktop/microros_ws/firmware/mcu_ws/install/include/action_msgs -isystem /home/w0x7ce/Desktop/microros_ws/firmware/mcu_ws/install/include/builtin_interfaces -isystem /home/w0x7ce/Desktop/microros_ws/firmware/mcu_ws/install/include/rosidl_runtime_c -isystem /home/w0x7ce/Desktop/microros_ws/firmware/mcu_ws/install/include/rcutils -isystem /home/w0x7ce/Desktop/microros_ws/firmware/mcu_ws/install/include/rosidl_typesupport_interface -isystem /home/w0x7ce/Desktop/microros_ws/firmware/mcu_ws/install/include/unique_identifier_msgs -isystem /home/w0x7ce/Desktop/microros_ws/firmware/mcu_ws/install/include/service_msgs -isystem /home/w0x7ce/Desktop/microros_ws/firmware/mcu_ws/install/include/rosidl_typesupport_introspection_c -isystem /home/w0x7ce/Desktop/microros_ws/firmware/mcu_ws/install/include/rcl -isystem /home/w0x7ce/Desktop/microros_ws/firmware/mcu_ws/install/include/rcl_interfaces -isystem /home/w0x7ce/Desktop/microros_ws/firmware/mcu_ws/install/include/rcl_logging_interface -isystem /home/w0x7ce/Desktop/microros_ws/firmware/mcu_ws/install/include/rmw -isystem /home/w0x7ce/Desktop/microros_ws/firmware/mcu_ws/install/include/rosidl_dynamic_typesupport -isystem /home/w0x7ce/Desktop/microros_ws/firmware/mcu_ws/install/include -isystem /home/w0x7ce/Desktop/microros_ws/firmware/mcu_ws/install/include/type_description_interfaces -std=gnu99 -march=rv32imac -mabi=ilp32 -mcmodel=medlow -ffunction-sections -fdata-sections -fstrict-volatile-bitfields -fno-zero-initialized-in-bss -Os -ggdb -Wall -mno-save-restore -fmessage-length=0 -fsigned-char -ffunction-sections -fdata-sections -fno-common -O3 -DNDEBUG -std=gnu11 -fvisibility=hidden -Wall -Wextra -Wpedantic -MD -MT CMakeFiles/rcl_action.dir/src/rcl_action/names.c.obj -MF CMakeFiles/rcl_action.dir/src/rcl_action/names.c.obj.d -o CMakeFiles/rcl_action.dir/src/rcl_action/names.c.obj -c /home/w0x7ce/Desktop/microros_ws/firmware/mcu_ws/uros/rcl/rcl_action/src/rcl_action/names.c
/home/w0x7ce/toolchain_gcc_t-head_linux/bin/riscv64-unknown-elf-gcc -DARCH_RISCV -DBFLB_CRYPT_HARDWARE -DBFLB_PKA_HARDWARE -DCLOCK_MONOTONIC=0 -DRCL_ACTION_BUILDING_DLL -DRCUTILS_CUSTOM_TIME_IMPL -DRCUTILS_NO_64_ATOMIC -DROS_PACKAGE_NAME=\"rcl_action\" -DUCLIENT_PLATFORM_RISCV -DUCLIENT_PROFILE_TCP=OFF -DUCLIENT_PROFILE_UDP=OFF -D_POSIX_TIMERS -I/home/w0x7ce/Desktop/microros_ws/firmware/mcu_ws/uros/rcl/rcl_action/include -I/home/w0x7ce/Desktop/microros_ws/firmware/mcu_ws/build/rcl_action/ament_generate_version_header/rcl_action -isystem /home/w0x7ce/Desktop/microros_ws/firmware/mcu_ws/install/include/action_msgs -isystem /home/w0x7ce/Desktop/microros_ws/firmware/mcu_ws/install/include/builtin_interfaces -isystem /home/w0x7ce/Desktop/microros_ws/firmware/mcu_ws/install/include/rosidl_runtime_c -isystem /home/w0x7ce/Desktop/microros_ws/firmware/mcu_ws/install/include/rcutils -isystem /home/w0x7ce/Desktop/microros_ws/firmware/mcu_ws/install/include/rosidl_typesupport_interface -isystem /home/w0x7ce/Desktop/microros_ws/firmware/mcu_ws/install/include/unique_identifier_msgs -isystem /home/w0x7ce/Desktop/microros_ws/firmware/mcu_ws/install/include/service_msgs -isystem /home/w0x7ce/Desktop/microros_ws/firmware/mcu_ws/install/include/rosidl_typesupport_introspection_c -isystem /home/w0x7ce/Desktop/microros_ws/firmware/mcu_ws/install/include/rcl -isystem /home/w0x7ce/Desktop/microros_ws/firmware/mcu_ws/install/include/rcl_interfaces -isystem /home/w0x7ce/Desktop/microros_ws/firmware/mcu_ws/install/include/rcl_logging_interface -isystem /home/w0x7ce/Desktop/microros_ws/firmware/mcu_ws/install/include/rmw -isystem /home/w0x7ce/Desktop/microros_ws/firmware/mcu_ws/install/include/rosidl_dynamic_typesupport -isystem /home/w0x7ce/Desktop/microros_ws/firmware/mcu_ws/install/include -isystem /home/w0x7ce/Desktop/microros_ws/firmware/mcu_ws/install/include/type_description_interfaces -std=gnu99 -march=rv32imac -mabi=ilp32 -mcmodel=medlow -ffunction-sections -fdata-sections -fstrict-volatile-bitfields -fno-zero-initialized-in-bss -Os -ggdb -Wall -mno-save-restore -fmessage-length=0 -fsigned-char -ffunction-sections -fdata-sections -fno-common -O3 -DNDEBUG -std=gnu11 -fvisibility=hidden -Wall -Wextra -Wpedantic -MD -MT CMakeFiles/rcl_action.dir/src/rcl_action/types.c.obj -MF CMakeFiles/rcl_action.dir/src/rcl_action/types.c.obj.d -o CMakeFiles/rcl_action.dir/src/rcl_action/types.c.obj -c /home/w0x7ce/Desktop/microros_ws/firmware/mcu_ws/uros/rcl/rcl_action/src/rcl_action/types.c
[100%] [32m[1mLinking CXX static library librcl_action.a[0m
/usr/bin/cmake -P CMakeFiles/rcl_action.dir/cmake_clean_target.cmake
/usr/bin/cmake -E cmake_link_script CMakeFiles/rcl_action.dir/link.txt --verbose=1
/home/w0x7ce/toolchain_gcc_t-head_linux/bin/riscv64-unknown-elf-ar qc librcl_action.a CMakeFiles/rcl_action.dir/src/rcl_action/action_client.c.obj CMakeFiles/rcl_action.dir/src/rcl_action/action_server.c.obj CMakeFiles/rcl_action.dir/src/rcl_action/goal_handle.c.obj CMakeFiles/rcl_action.dir/src/rcl_action/goal_state_machine.c.obj CMakeFiles/rcl_action.dir/src/rcl_action/graph.c.obj CMakeFiles/rcl_action.dir/src/rcl_action/names.c.obj CMakeFiles/rcl_action.dir/src/rcl_action/types.c.obj
/home/w0x7ce/toolchain_gcc_t-head_linux/bin/riscv64-unknown-elf-ranlib librcl_action.a
gmake[2]: Leaving directory '/home/w0x7ce/Desktop/microros_ws/firmware/mcu_ws/build/rcl_action'
[100%] Built target rcl_action
gmake[1]: Leaving directory '/home/w0x7ce/Desktop/microros_ws/firmware/mcu_ws/build/rcl_action'
/usr/bin/cmake -E cmake_progress_start /home/w0x7ce/Desktop/microros_ws/firmware/mcu_ws/build/rcl_action/CMakeFiles 0

-- Install configuration: "Release"
-- Installing: /home/w0x7ce/Desktop/microros_ws/firmware/mcu_ws/install/include/rcl_action
-- Installing: /home/w0x7ce/Desktop/microros_ws/firmware/mcu_ws/install/include/rcl_action/rcl_action
-- Installing: /home/w0x7ce/Desktop/microros_ws/firmware/mcu_ws/install/include/rcl_action/rcl_action/goal_state_machine.h
-- Installing: /home/w0x7ce/Desktop/microros_ws/firmware/mcu_ws/install/include/rcl_action/rcl_action/action_client.h
-- Installing: /home/w0x7ce/Desktop/microros_ws/firmware/mcu_ws/install/include/rcl_action/rcl_action/wait.h
-- Installing: /home/w0x7ce/Desktop/microros_ws/firmware/mcu_ws/install/include/rcl_action/rcl_action/types.h
-- Installing: /home/w0x7ce/Desktop/microros_ws/firmware/mcu_ws/install/include/rcl_action/rcl_action/graph.h
-- Installing: /home/w0x7ce/Desktop/microros_ws/firmware/mcu_ws/install/include/rcl_action/rcl_action/goal_handle.h
-- Installing: /home/w0x7ce/Desktop/microros_ws/firmware/mcu_ws/install/include/rcl_action/rcl_action/default_qos.h
-- Installing: /home/w0x7ce/Desktop/microros_ws/firmware/mcu_ws/install/include/rcl_action/rcl_action/names.h
-- Installing: /home/w0x7ce/Desktop/microros_ws/firmware/mcu_ws/install/include/rcl_action/rcl_action/action_server.h
-- Installing: /home/w0x7ce/Desktop/microros_ws/firmware/mcu_ws/install/include/rcl_action/rcl_action/rcl_action.h
-- Installing: /home/w0x7ce/Desktop/microros_ws/firmware/mcu_ws/install/include/rcl_action/rcl_action/visibility_control.h
-- Installing: /home/w0x7ce/Desktop/microros_ws/firmware/mcu_ws/install/lib/librcl_action.a
-- Installing: /home/w0x7ce/Desktop/microros_ws/firmware/mcu_ws/install/share/rcl_action/environment/library_path.sh
-- Installing: /home/w0x7ce/Desktop/microros_ws/firmware/mcu_ws/install/share/rcl_action/environment/library_path.dsv
-- Installing: /home/w0x7ce/Desktop/microros_ws/firmware/mcu_ws/install/include/rcl_action/rcl_action/version.h
-- Installing: /home/w0x7ce/Desktop/microros_ws/firmware/mcu_ws/install/share/ament_index/resource_index/package_run_dependencies/rcl_action
-- Installing: /home/w0x7ce/Desktop/microros_ws/firmware/mcu_ws/install/share/ament_index/resource_index/parent_prefix_path/rcl_action
-- Installing: /home/w0x7ce/Desktop/microros_ws/firmware/mcu_ws/install/share/rcl_action/environment/ament_prefix_path.sh
-- Installing: /home/w0x7ce/Desktop/microros_ws/firmware/mcu_ws/install/share/rcl_action/environment/ament_prefix_path.dsv
-- Installing: /home/w0x7ce/Desktop/microros_ws/firmware/mcu_ws/install/share/rcl_action/environment/path.sh
-- Installing: /home/w0x7ce/Desktop/microros_ws/firmware/mcu_ws/install/share/rcl_action/environment/path.dsv
-- Installing: /home/w0x7ce/Desktop/microros_ws/firmware/mcu_ws/install/share/rcl_action/local_setup.bash
-- Installing: /home/w0x7ce/Desktop/microros_ws/firmware/mcu_ws/install/share/rcl_action/local_setup.sh
-- Installing: /home/w0x7ce/Desktop/microros_ws/firmware/mcu_ws/install/share/rcl_action/local_setup.zsh
-- Installing: /home/w0x7ce/Desktop/microros_ws/firmware/mcu_ws/install/share/rcl_action/local_setup.dsv
-- Installing: /home/w0x7ce/Desktop/microros_ws/firmware/mcu_ws/install/share/rcl_action/package.dsv
-- Installing: /home/w0x7ce/Desktop/microros_ws/firmware/mcu_ws/install/share/ament_index/resource_index/packages/rcl_action
-- Installing: /home/w0x7ce/Desktop/microros_ws/firmware/mcu_ws/install/share/rcl_action/cmake/rcl_actionExport.cmake
-- Installing: /home/w0x7ce/Desktop/microros_ws/firmware/mcu_ws/install/share/rcl_action/cmake/rcl_actionExport-release.cmake
-- Installing: /home/w0x7ce/Desktop/microros_ws/firmware/mcu_ws/install/share/rcl_action/cmake/ament_cmake_export_include_directories-extras.cmake
-- Installing: /home/w0x7ce/Desktop/microros_ws/firmware/mcu_ws/install/share/rcl_action/cmake/ament_cmake_export_libraries-extras.cmake
-- Installing: /home/w0x7ce/Desktop/microros_ws/firmware/mcu_ws/install/share/rcl_action/cmake/ament_cmake_export_targets-extras.cmake
-- Installing: /home/w0x7ce/Desktop/microros_ws/firmware/mcu_ws/install/share/rcl_action/cmake/ament_cmake_export_dependencies-extras.cmake
-- Installing: /home/w0x7ce/Desktop/microros_ws/firmware/mcu_ws/install/share/rcl_action/cmake/rcl_actionConfig.cmake
-- Installing: /home/w0x7ce/Desktop/microros_ws/firmware/mcu_ws/install/share/rcl_action/cmake/rcl_actionConfig-version.cmake
-- Installing: /home/w0x7ce/Desktop/microros_ws/firmware/mcu_ws/install/share/rcl_action/package.xml
