Not searching for unused variables given on the command line.
-- Found ament_cmake: 2.5.2 (/home/w0x7ce/Desktop/microros_ws/firmware/dev_ws/install/ament_cmake/share/ament_cmake/cmake)
-- Found Python3: /usr/bin/python3 (found version "3.12.3") found components: Interpreter
-- Configuring done (0.4s)
-- Generating done (0.0s)
-- Build files have been written to: /home/w0x7ce/Desktop/microros_ws/firmware/mcu_ws/build/rosidl_parser
Change Dir: '/home/w0x7ce/Desktop/microros_ws/firmware/mcu_ws/build/rosidl_parser'

Run Build Command(s): /usr/bin/cmake -E env VERBOSE=1 /usr/bin/gmake -f Makefile -j16 -l16
/usr/bin/cmake -S/home/w0x7ce/Desktop/microros_ws/firmware/mcu_ws/ros2/rosidl/rosidl_parser -B/home/w0x7ce/Desktop/microros_ws/firmware/mcu_ws/build/rosidl_parser --check-build-system CMakeFiles/Makefile.cmake 0
/usr/bin/cmake -E cmake_progress_start /home/w0x7ce/Desktop/microros_ws/firmware/mcu_ws/build/rosidl_parser/CMakeFiles /home/w0x7ce/Desktop/microros_ws/firmware/mcu_ws/build/rosidl_parser//CMakeFiles/progress.marks
/usr/bin/gmake  -f CMakeFiles/Makefile2 all
gmake[1]: Entering directory '/home/w0x7ce/Desktop/microros_ws/firmware/mcu_ws/build/rosidl_parser'
/usr/bin/gmake  -f CMakeFiles/ament_cmake_python_copy_rosidl_parser.dir/build.make CMakeFiles/ament_cmake_python_copy_rosidl_parser.dir/depend
gmake[2]: Entering directory '/home/w0x7ce/Desktop/microros_ws/firmware/mcu_ws/build/rosidl_parser'
cd /home/w0x7ce/Desktop/microros_ws/firmware/mcu_ws/build/rosidl_parser && /usr/bin/cmake -E cmake_depends "Unix Makefiles" /home/w0x7ce/Desktop/microros_ws/firmware/mcu_ws/ros2/rosidl/rosidl_parser /home/w0x7ce/Desktop/microros_ws/firmware/mcu_ws/ros2/rosidl/rosidl_parser /home/w0x7ce/Desktop/microros_ws/firmware/mcu_ws/build/rosidl_parser /home/w0x7ce/Desktop/microros_ws/firmware/mcu_ws/build/rosidl_parser /home/w0x7ce/Desktop/microros_ws/firmware/mcu_ws/build/rosidl_parser/CMakeFiles/ament_cmake_python_copy_rosidl_parser.dir/DependInfo.cmake "--color="
gmake[2]: Leaving directory '/home/w0x7ce/Desktop/microros_ws/firmware/mcu_ws/build/rosidl_parser'
/usr/bin/gmake  -f CMakeFiles/ament_cmake_python_copy_rosidl_parser.dir/build.make CMakeFiles/ament_cmake_python_copy_rosidl_parser.dir/build
gmake[2]: Entering directory '/home/w0x7ce/Desktop/microros_ws/firmware/mcu_ws/build/rosidl_parser'
/usr/bin/cmake -E copy_directory /home/w0x7ce/Desktop/microros_ws/firmware/mcu_ws/ros2/rosidl/rosidl_parser/rosidl_parser /home/w0x7ce/Desktop/microros_ws/firmware/mcu_ws/build/rosidl_parser/ament_cmake_python/rosidl_parser/rosidl_parser
gmake[2]: Leaving directory '/home/w0x7ce/Desktop/microros_ws/firmware/mcu_ws/build/rosidl_parser'
Built target ament_cmake_python_copy_rosidl_parser
/usr/bin/gmake  -f CMakeFiles/ament_cmake_python_build_rosidl_parser_egg.dir/build.make CMakeFiles/ament_cmake_python_build_rosidl_parser_egg.dir/depend
gmake[2]: Entering directory '/home/w0x7ce/Desktop/microros_ws/firmware/mcu_ws/build/rosidl_parser'
cd /home/w0x7ce/Desktop/microros_ws/firmware/mcu_ws/build/rosidl_parser && /usr/bin/cmake -E cmake_depends "Unix Makefiles" /home/w0x7ce/Desktop/microros_ws/firmware/mcu_ws/ros2/rosidl/rosidl_parser /home/w0x7ce/Desktop/microros_ws/firmware/mcu_ws/ros2/rosidl/rosidl_parser /home/w0x7ce/Desktop/microros_ws/firmware/mcu_ws/build/rosidl_parser /home/w0x7ce/Desktop/microros_ws/firmware/mcu_ws/build/rosidl_parser /home/w0x7ce/Desktop/microros_ws/firmware/mcu_ws/build/rosidl_parser/CMakeFiles/ament_cmake_python_build_rosidl_parser_egg.dir/DependInfo.cmake "--color="
gmake[2]: Leaving directory '/home/w0x7ce/Desktop/microros_ws/firmware/mcu_ws/build/rosidl_parser'
/usr/bin/gmake  -f CMakeFiles/ament_cmake_python_build_rosidl_parser_egg.dir/build.make CMakeFiles/ament_cmake_python_build_rosidl_parser_egg.dir/build
gmake[2]: Entering directory '/home/w0x7ce/Desktop/microros_ws/firmware/mcu_ws/build/rosidl_parser'
cd /home/w0x7ce/Desktop/microros_ws/firmware/mcu_ws/build/rosidl_parser/ament_cmake_python/rosidl_parser && /usr/bin/python3 setup.py egg_info
running egg_info
creating rosidl_parser.egg-info
writing rosidl_parser.egg-info/PKG-INFO
writing dependency_links to rosidl_parser.egg-info/dependency_links.txt
writing top-level names to rosidl_parser.egg-info/top_level.txt
writing manifest file 'rosidl_parser.egg-info/SOURCES.txt'
reading manifest file 'rosidl_parser.egg-info/SOURCES.txt'
writing manifest file 'rosidl_parser.egg-info/SOURCES.txt'
gmake[2]: Leaving directory '/home/w0x7ce/Desktop/microros_ws/firmware/mcu_ws/build/rosidl_parser'
Built target ament_cmake_python_build_rosidl_parser_egg
gmake[1]: Leaving directory '/home/w0x7ce/Desktop/microros_ws/firmware/mcu_ws/build/rosidl_parser'
/usr/bin/cmake -E cmake_progress_start /home/w0x7ce/Desktop/microros_ws/firmware/mcu_ws/build/rosidl_parser/CMakeFiles 0

-- Install configuration: "Release"
-- Installing: /home/w0x7ce/Desktop/microros_ws/firmware/mcu_ws/install/share/rosidl_parser/environment/pythonpath.sh
-- Installing: /home/w0x7ce/Desktop/microros_ws/firmware/mcu_ws/install/share/rosidl_parser/environment/pythonpath.dsv
-- Installing: /home/w0x7ce/Desktop/microros_ws/firmware/mcu_ws/install/lib/python3.12/site-packages/rosidl_parser-4.6.3-py3.12.egg-info
-- Installing: /home/w0x7ce/Desktop/microros_ws/firmware/mcu_ws/install/lib/python3.12/site-packages/rosidl_parser-4.6.3-py3.12.egg-info/PKG-INFO
-- Installing: /home/w0x7ce/Desktop/microros_ws/firmware/mcu_ws/install/lib/python3.12/site-packages/rosidl_parser-4.6.3-py3.12.egg-info/SOURCES.txt
-- Installing: /home/w0x7ce/Desktop/microros_ws/firmware/mcu_ws/install/lib/python3.12/site-packages/rosidl_parser-4.6.3-py3.12.egg-info/dependency_links.txt
-- Installing: /home/w0x7ce/Desktop/microros_ws/firmware/mcu_ws/install/lib/python3.12/site-packages/rosidl_parser-4.6.3-py3.12.egg-info/top_level.txt
-- Installing: /home/w0x7ce/Desktop/microros_ws/firmware/mcu_ws/install/lib/python3.12/site-packages/rosidl_parser
-- Installing: /home/w0x7ce/Desktop/microros_ws/firmware/mcu_ws/install/lib/python3.12/site-packages/rosidl_parser/__init__.py
-- Installing: /home/w0x7ce/Desktop/microros_ws/firmware/mcu_ws/install/lib/python3.12/site-packages/rosidl_parser/grammar.lark
-- Installing: /home/w0x7ce/Desktop/microros_ws/firmware/mcu_ws/install/lib/python3.12/site-packages/rosidl_parser/definition.py
-- Installing: /home/w0x7ce/Desktop/microros_ws/firmware/mcu_ws/install/lib/python3.12/site-packages/rosidl_parser/parser.py
Listing '/home/w0x7ce/Desktop/microros_ws/firmware/mcu_ws/install/lib/python3.12/site-packages/rosidl_parser'...
Compiling '/home/w0x7ce/Desktop/microros_ws/firmware/mcu_ws/install/lib/python3.12/site-packages/rosidl_parser/__init__.py'...
Compiling '/home/w0x7ce/Desktop/microros_ws/firmware/mcu_ws/install/lib/python3.12/site-packages/rosidl_parser/definition.py'...
Compiling '/home/w0x7ce/Desktop/microros_ws/firmware/mcu_ws/install/lib/python3.12/site-packages/rosidl_parser/parser.py'...
-- Installing: /home/w0x7ce/Desktop/microros_ws/firmware/mcu_ws/install/share/ament_index/resource_index/package_run_dependencies/rosidl_parser
-- Installing: /home/w0x7ce/Desktop/microros_ws/firmware/mcu_ws/install/share/ament_index/resource_index/parent_prefix_path/rosidl_parser
-- Installing: /home/w0x7ce/Desktop/microros_ws/firmware/mcu_ws/install/share/rosidl_parser/environment/ament_prefix_path.sh
-- Installing: /home/w0x7ce/Desktop/microros_ws/firmware/mcu_ws/install/share/rosidl_parser/environment/ament_prefix_path.dsv
-- Installing: /home/w0x7ce/Desktop/microros_ws/firmware/mcu_ws/install/share/rosidl_parser/environment/path.sh
-- Installing: /home/w0x7ce/Desktop/microros_ws/firmware/mcu_ws/install/share/rosidl_parser/environment/path.dsv
-- Installing: /home/w0x7ce/Desktop/microros_ws/firmware/mcu_ws/install/share/rosidl_parser/local_setup.bash
-- Installing: /home/w0x7ce/Desktop/microros_ws/firmware/mcu_ws/install/share/rosidl_parser/local_setup.sh
-- Installing: /home/w0x7ce/Desktop/microros_ws/firmware/mcu_ws/install/share/rosidl_parser/local_setup.zsh
-- Installing: /home/w0x7ce/Desktop/microros_ws/firmware/mcu_ws/install/share/rosidl_parser/local_setup.dsv
-- Installing: /home/w0x7ce/Desktop/microros_ws/firmware/mcu_ws/install/share/rosidl_parser/package.dsv
-- Installing: /home/w0x7ce/Desktop/microros_ws/firmware/mcu_ws/install/share/ament_index/resource_index/packages/rosidl_parser
-- Installing: /home/w0x7ce/Desktop/microros_ws/firmware/mcu_ws/install/share/rosidl_parser/cmake/rosidl_parserConfig.cmake
-- Installing: /home/w0x7ce/Desktop/microros_ws/firmware/mcu_ws/install/share/rosidl_parser/cmake/rosidl_parserConfig-version.cmake
-- Installing: /home/w0x7ce/Desktop/microros_ws/firmware/mcu_ws/install/share/rosidl_parser/package.xml
-- Installing: /home/w0x7ce/Desktop/microros_ws/firmware/mcu_ws/install/lib/rosidl_parser/idl2png
