[1.064s] Invoking command in '/home/w0x7ce/Desktop/microros_ws/firmware/mcu_ws/ros2/rosidl/rosidl_pycommon': AMENT_PREFIX_PATH=/home/w0x7ce/Desktop/microros_ws/firmware/mcu_ws/install:${AMENT_PREFIX_PATH} CMAKE_PREFIX_PATH=/home/w0x7ce/Desktop/microros_ws/firmware/mcu_ws/install:${CMAKE_PREFIX_PATH} DEBUGINFOD_URLS=https://debuginfod.ubuntu.com PATH=/home/w0x7ce/Desktop/microros_ws/firmware/mcu_ws/install/bin:${PATH} PYTHONPATH=/home/w0x7ce/Desktop/microros_ws/firmware/mcu_ws/build/rosidl_pycommon/prefix_override:/usr/lib/python3/dist-packages/colcon_core/task/python/colcon_distutils_commands:/home/w0x7ce/Desktop/microros_ws/firmware/mcu_ws/install/lib/python3.12/site-packages:/home/w0x7ce/Desktop/microros_ws/firmware/mcu_ws/install/lib/python3.12/site-packages:${PYTHONPATH} /usr/bin/python3 -W ignore:setup.py install is deprecated setup.py egg_info --egg-base ../../../build/rosidl_pycommon build --build-base /home/w0x7ce/Desktop/microros_ws/firmware/mcu_ws/build/rosidl_pycommon/build install --record /home/w0x7ce/Desktop/microros_ws/firmware/mcu_ws/build/rosidl_pycommon/install.log --single-version-externally-managed install_data
[1.343s] running egg_info
[1.343s] creating ../../../build/rosidl_pycommon/rosidl_pycommon.egg-info
[1.356s] writing ../../../build/rosidl_pycommon/rosidl_pycommon.egg-info/PKG-INFO
[1.356s] writing dependency_links to ../../../build/rosidl_pycommon/rosidl_pycommon.egg-info/dependency_links.txt
[1.356s] writing requirements to ../../../build/rosidl_pycommon/rosidl_pycommon.egg-info/requires.txt
[1.356s] writing top-level names to ../../../build/rosidl_pycommon/rosidl_pycommon.egg-info/top_level.txt
[1.356s] writing manifest file '../../../build/rosidl_pycommon/rosidl_pycommon.egg-info/SOURCES.txt'
[1.384s] reading manifest file '../../../build/rosidl_pycommon/rosidl_pycommon.egg-info/SOURCES.txt'
[1.384s] writing manifest file '../../../build/rosidl_pycommon/rosidl_pycommon.egg-info/SOURCES.txt'
[1.384s] running build
[1.384s] running build_py
[1.385s] creating /home/w0x7ce/Desktop/microros_ws/firmware/mcu_ws/build/rosidl_pycommon/build
[1.385s] creating /home/w0x7ce/Desktop/microros_ws/firmware/mcu_ws/build/rosidl_pycommon/build/lib
[1.385s] creating /home/w0x7ce/Desktop/microros_ws/firmware/mcu_ws/build/rosidl_pycommon/build/lib/rosidl_pycommon
[1.385s] copying rosidl_pycommon/__init__.py -> /home/w0x7ce/Desktop/microros_ws/firmware/mcu_ws/build/rosidl_pycommon/build/lib/rosidl_pycommon
[1.385s] running install
[1.390s] running install_lib
[1.404s] creating /home/w0x7ce/Desktop/microros_ws/firmware/mcu_ws/install/lib/python3.12/site-packages/rosidl_pycommon
[1.404s] copying /home/w0x7ce/Desktop/microros_ws/firmware/mcu_ws/build/rosidl_pycommon/build/lib/rosidl_pycommon/__init__.py -> /home/w0x7ce/Desktop/microros_ws/firmware/mcu_ws/install/lib/python3.12/site-packages/rosidl_pycommon
[1.404s] byte-compiling /home/w0x7ce/Desktop/microros_ws/firmware/mcu_ws/install/lib/python3.12/site-packages/rosidl_pycommon/__init__.py to __init__.cpython-312.pyc
[1.406s] running install_data
[1.406s] copying resource/rosidl_pycommon -> /home/w0x7ce/Desktop/microros_ws/firmware/mcu_ws/install/share/ament_index/resource_index/packages
[1.406s] copying package.xml -> /home/w0x7ce/Desktop/microros_ws/firmware/mcu_ws/install/share/rosidl_pycommon
[1.406s] running install_egg_info
[1.420s] Copying ../../../build/rosidl_pycommon/rosidl_pycommon.egg-info to /home/w0x7ce/Desktop/microros_ws/firmware/mcu_ws/install/lib/python3.12/site-packages/rosidl_pycommon-4.6.3-py3.12.egg-info
[1.421s] running install_scripts
[1.532s] writing list of installed files to '/home/w0x7ce/Desktop/microros_ws/firmware/mcu_ws/build/rosidl_pycommon/install.log'
[1.600s] Invoked command in '/home/w0x7ce/Desktop/microros_ws/firmware/mcu_ws/ros2/rosidl/rosidl_pycommon' returned '0': AMENT_PREFIX_PATH=/home/w0x7ce/Desktop/microros_ws/firmware/mcu_ws/install:${AMENT_PREFIX_PATH} CMAKE_PREFIX_PATH=/home/w0x7ce/Desktop/microros_ws/firmware/mcu_ws/install:${CMAKE_PREFIX_PATH} DEBUGINFOD_URLS=https://debuginfod.ubuntu.com PATH=/home/w0x7ce/Desktop/microros_ws/firmware/mcu_ws/install/bin:${PATH} PYTHONPATH=/home/w0x7ce/Desktop/microros_ws/firmware/mcu_ws/build/rosidl_pycommon/prefix_override:/usr/lib/python3/dist-packages/colcon_core/task/python/colcon_distutils_commands:/home/w0x7ce/Desktop/microros_ws/firmware/mcu_ws/install/lib/python3.12/site-packages:/home/w0x7ce/Desktop/microros_ws/firmware/mcu_ws/install/lib/python3.12/site-packages:${PYTHONPATH} /usr/bin/python3 -W ignore:setup.py install is deprecated setup.py egg_info --egg-base ../../../build/rosidl_pycommon build --build-base /home/w0x7ce/Desktop/microros_ws/firmware/mcu_ws/build/rosidl_pycommon/build install --record /home/w0x7ce/Desktop/microros_ws/firmware/mcu_ws/build/rosidl_pycommon/install.log --single-version-externally-managed install_data
