[0.266s] Invoking command in '/home/w0x7ce/Desktop/microros_ws/firmware/mcu_ws/build/libyaml_vendor': CMAKE_PREFIX_PATH=${CMAKE_PREFIX_PATH}:/home/w0x7ce/Desktop/microros_ws/firmware/dev_ws/install/ament_uncrustify:/home/w0x7ce/Desktop/microros_ws/firmware/dev_ws/install/domain_coordinator:/home/w0x7ce/Desktop/microros_ws/firmware/dev_ws/install/ament_xmllint:/home/w0x7ce/Desktop/microros_ws/firmware/dev_ws/install/ament_pyflakes:/home/w0x7ce/Desktop/microros_ws/firmware/dev_ws/install/ament_pycodestyle:/home/w0x7ce/Desktop/microros_ws/firmware/dev_ws/install/ament_pep257:/home/w0x7ce/Desktop/microros_ws/firmware/dev_ws/install/ament_pclint:/home/w0x7ce/Desktop/microros_ws/firmware/dev_ws/install/ament_package:/home/w0x7ce/Desktop/microros_ws/firmware/dev_ws/install/ament_mypy:/home/w0x7ce/Desktop/microros_ws/firmware/dev_ws/install/ament_lint_cmake:/home/w0x7ce/Desktop/microros_ws/firmware/dev_ws/install/ament_flake8:/home/w0x7ce/Desktop/microros_ws/firmware/dev_ws/install/ament_copyright:/home/w0x7ce/Desktop/microros_ws/firmware/dev_ws/install/ament_lint:/home/w0x7ce/Desktop/microros_ws/firmware/dev_ws/install/ament_index_python:/home/w0x7ce/Desktop/microros_ws/firmware/dev_ws/install/ament_cpplint:/home/w0x7ce/Desktop/microros_ws/firmware/dev_ws/install/ament_cppcheck:/home/w0x7ce/Desktop/microros_ws/firmware/dev_ws/install/ament_clang_tidy:/home/w0x7ce/Desktop/microros_ws/firmware/dev_ws/install/ament_clang_format DEBUGINFOD_URLS=https://debuginfod.ubuntu.com /usr/bin/cmake /home/w0x7ce/Desktop/microros_ws/firmware/mcu_ws/ros2/libyaml_vendor --no-warn-unused-cli -DCMAKE_POSITION_INDEPENDENT_CODE:BOOL=OFF -DTHIRDPARTY=ON -DBUILD_SHARED_LIBS=OFF -DBUILD_TESTING=OFF -DCMAKE_BUILD_TYPE=Release -DCMAKE_TOOLCHAIN_FILE=/home/w0x7ce/Desktop/microros_ws/toolchain.cmake -DCMAKE_VERBOSE_MAKEFILE=ON -DCMAKE_INSTALL_PREFIX=/home/w0x7ce/Desktop/microros_ws/firmware/mcu_ws/install
[0.909s] Not searching for unused variables given on the command line.
[0.909s] -- The C compiler identification is GNU 10.2.0
[0.909s] -- The CXX compiler identification is GNU 10.2.0
[0.909s] -- Detecting C compiler ABI info
[0.909s] -- Detecting C compiler ABI info - done
[0.909s] -- Check for working C compiler: /home/w0x7ce/toolchain_gcc_t-head_linux/bin/riscv64-unknown-elf-gcc - skipped
[0.909s] -- Detecting C compile features
[0.910s] -- Detecting C compile features - done
[0.910s] -- Detecting CXX compiler ABI info
[0.910s] -- Detecting CXX compiler ABI info - done
[0.910s] -- Check for working CXX compiler: /home/w0x7ce/toolchain_gcc_t-head_linux/bin/riscv64-unknown-elf-g++ - skipped
[0.910s] -- Detecting CXX compile features
[0.910s] -- Detecting CXX compile features - done
[0.910s] -- Found ament_cmake: 2.5.2 (/home/w0x7ce/Desktop/microros_ws/firmware/dev_ws/install/ament_cmake/share/ament_cmake/cmake)
[0.910s] -- Found Python3: /usr/bin/python3 (found version "3.12.3") found components: Interpreter
[0.910s] -- Found ament_cmake_vendor_package: 2.5.2 (/home/w0x7ce/Desktop/microros_ws/firmware/dev_ws/install/ament_cmake_vendor_package/share/ament_cmake_vendor_package/cmake)
[0.910s] -- Checking for module 'yaml-0.1'
[0.910s] --   Found yaml-0.1, version 0.2.5
[0.920s] -- Skipping vendor package build for 'libyaml_vendor', which is already satisfied
[1.033s] -- Configuring done (0.8s)
[1.037s] -- Generating done (0.0s)
[1.037s] -- Build files have been written to: /home/w0x7ce/Desktop/microros_ws/firmware/mcu_ws/build/libyaml_vendor
[1.046s] Invoked command in '/home/w0x7ce/Desktop/microros_ws/firmware/mcu_ws/build/libyaml_vendor' returned '0': CMAKE_PREFIX_PATH=${CMAKE_PREFIX_PATH}:/home/w0x7ce/Desktop/microros_ws/firmware/dev_ws/install/ament_uncrustify:/home/w0x7ce/Desktop/microros_ws/firmware/dev_ws/install/domain_coordinator:/home/w0x7ce/Desktop/microros_ws/firmware/dev_ws/install/ament_xmllint:/home/w0x7ce/Desktop/microros_ws/firmware/dev_ws/install/ament_pyflakes:/home/w0x7ce/Desktop/microros_ws/firmware/dev_ws/install/ament_pycodestyle:/home/w0x7ce/Desktop/microros_ws/firmware/dev_ws/install/ament_pep257:/home/w0x7ce/Desktop/microros_ws/firmware/dev_ws/install/ament_pclint:/home/w0x7ce/Desktop/microros_ws/firmware/dev_ws/install/ament_package:/home/w0x7ce/Desktop/microros_ws/firmware/dev_ws/install/ament_mypy:/home/w0x7ce/Desktop/microros_ws/firmware/dev_ws/install/ament_lint_cmake:/home/w0x7ce/Desktop/microros_ws/firmware/dev_ws/install/ament_flake8:/home/w0x7ce/Desktop/microros_ws/firmware/dev_ws/install/ament_copyright:/home/w0x7ce/Desktop/microros_ws/firmware/dev_ws/install/ament_lint:/home/w0x7ce/Desktop/microros_ws/firmware/dev_ws/install/ament_index_python:/home/w0x7ce/Desktop/microros_ws/firmware/dev_ws/install/ament_cpplint:/home/w0x7ce/Desktop/microros_ws/firmware/dev_ws/install/ament_cppcheck:/home/w0x7ce/Desktop/microros_ws/firmware/dev_ws/install/ament_clang_tidy:/home/w0x7ce/Desktop/microros_ws/firmware/dev_ws/install/ament_clang_format DEBUGINFOD_URLS=https://debuginfod.ubuntu.com /usr/bin/cmake /home/w0x7ce/Desktop/microros_ws/firmware/mcu_ws/ros2/libyaml_vendor --no-warn-unused-cli -DCMAKE_POSITION_INDEPENDENT_CODE:BOOL=OFF -DTHIRDPARTY=ON -DBUILD_SHARED_LIBS=OFF -DBUILD_TESTING=OFF -DCMAKE_BUILD_TYPE=Release -DCMAKE_TOOLCHAIN_FILE=/home/w0x7ce/Desktop/microros_ws/toolchain.cmake -DCMAKE_VERBOSE_MAKEFILE=ON -DCMAKE_INSTALL_PREFIX=/home/w0x7ce/Desktop/microros_ws/firmware/mcu_ws/install
[1.047s] Invoking command in '/home/w0x7ce/Desktop/microros_ws/firmware/mcu_ws/build/libyaml_vendor': CMAKE_PREFIX_PATH=${CMAKE_PREFIX_PATH}:/home/w0x7ce/Desktop/microros_ws/firmware/dev_ws/install/ament_uncrustify:/home/w0x7ce/Desktop/microros_ws/firmware/dev_ws/install/domain_coordinator:/home/w0x7ce/Desktop/microros_ws/firmware/dev_ws/install/ament_xmllint:/home/w0x7ce/Desktop/microros_ws/firmware/dev_ws/install/ament_pyflakes:/home/w0x7ce/Desktop/microros_ws/firmware/dev_ws/install/ament_pycodestyle:/home/w0x7ce/Desktop/microros_ws/firmware/dev_ws/install/ament_pep257:/home/w0x7ce/Desktop/microros_ws/firmware/dev_ws/install/ament_pclint:/home/w0x7ce/Desktop/microros_ws/firmware/dev_ws/install/ament_package:/home/w0x7ce/Desktop/microros_ws/firmware/dev_ws/install/ament_mypy:/home/w0x7ce/Desktop/microros_ws/firmware/dev_ws/install/ament_lint_cmake:/home/w0x7ce/Desktop/microros_ws/firmware/dev_ws/install/ament_flake8:/home/w0x7ce/Desktop/microros_ws/firmware/dev_ws/install/ament_copyright:/home/w0x7ce/Desktop/microros_ws/firmware/dev_ws/install/ament_lint:/home/w0x7ce/Desktop/microros_ws/firmware/dev_ws/install/ament_index_python:/home/w0x7ce/Desktop/microros_ws/firmware/dev_ws/install/ament_cpplint:/home/w0x7ce/Desktop/microros_ws/firmware/dev_ws/install/ament_cppcheck:/home/w0x7ce/Desktop/microros_ws/firmware/dev_ws/install/ament_clang_tidy:/home/w0x7ce/Desktop/microros_ws/firmware/dev_ws/install/ament_clang_format DEBUGINFOD_URLS=https://debuginfod.ubuntu.com /usr/bin/cmake --build /home/w0x7ce/Desktop/microros_ws/firmware/mcu_ws/build/libyaml_vendor -- -j16 -l16
[1.050s] Change Dir: '/home/w0x7ce/Desktop/microros_ws/firmware/mcu_ws/build/libyaml_vendor'
[1.050s] 
[1.050s] Run Build Command(s): /usr/bin/cmake -E env VERBOSE=1 /usr/bin/gmake -f Makefile -j16 -l16
[1.057s] /usr/bin/cmake -S/home/w0x7ce/Desktop/microros_ws/firmware/mcu_ws/ros2/libyaml_vendor -B/home/w0x7ce/Desktop/microros_ws/firmware/mcu_ws/build/libyaml_vendor --check-build-system CMakeFiles/Makefile.cmake 0
[1.064s] /usr/bin/cmake -E cmake_progress_start /home/w0x7ce/Desktop/microros_ws/firmware/mcu_ws/build/libyaml_vendor/CMakeFiles /home/w0x7ce/Desktop/microros_ws/firmware/mcu_ws/build/libyaml_vendor//CMakeFiles/progress.marks
[1.069s] /usr/bin/gmake  -f CMakeFiles/Makefile2 all
[1.070s] gmake[1]: Entering directory '/home/w0x7ce/Desktop/microros_ws/firmware/mcu_ws/build/libyaml_vendor'
[1.071s] gmake[1]: Nothing to be done for 'all'.
[1.071s] gmake[1]: Leaving directory '/home/w0x7ce/Desktop/microros_ws/firmware/mcu_ws/build/libyaml_vendor'
[1.071s] /usr/bin/cmake -E cmake_progress_start /home/w0x7ce/Desktop/microros_ws/firmware/mcu_ws/build/libyaml_vendor/CMakeFiles 0
[1.075s] 
[1.077s] Invoked command in '/home/w0x7ce/Desktop/microros_ws/firmware/mcu_ws/build/libyaml_vendor' returned '0': CMAKE_PREFIX_PATH=${CMAKE_PREFIX_PATH}:/home/w0x7ce/Desktop/microros_ws/firmware/dev_ws/install/ament_uncrustify:/home/w0x7ce/Desktop/microros_ws/firmware/dev_ws/install/domain_coordinator:/home/w0x7ce/Desktop/microros_ws/firmware/dev_ws/install/ament_xmllint:/home/w0x7ce/Desktop/microros_ws/firmware/dev_ws/install/ament_pyflakes:/home/w0x7ce/Desktop/microros_ws/firmware/dev_ws/install/ament_pycodestyle:/home/w0x7ce/Desktop/microros_ws/firmware/dev_ws/install/ament_pep257:/home/w0x7ce/Desktop/microros_ws/firmware/dev_ws/install/ament_pclint:/home/w0x7ce/Desktop/microros_ws/firmware/dev_ws/install/ament_package:/home/w0x7ce/Desktop/microros_ws/firmware/dev_ws/install/ament_mypy:/home/w0x7ce/Desktop/microros_ws/firmware/dev_ws/install/ament_lint_cmake:/home/w0x7ce/Desktop/microros_ws/firmware/dev_ws/install/ament_flake8:/home/w0x7ce/Desktop/microros_ws/firmware/dev_ws/install/ament_copyright:/home/w0x7ce/Desktop/microros_ws/firmware/dev_ws/install/ament_lint:/home/w0x7ce/Desktop/microros_ws/firmware/dev_ws/install/ament_index_python:/home/w0x7ce/Desktop/microros_ws/firmware/dev_ws/install/ament_cpplint:/home/w0x7ce/Desktop/microros_ws/firmware/dev_ws/install/ament_cppcheck:/home/w0x7ce/Desktop/microros_ws/firmware/dev_ws/install/ament_clang_tidy:/home/w0x7ce/Desktop/microros_ws/firmware/dev_ws/install/ament_clang_format DEBUGINFOD_URLS=https://debuginfod.ubuntu.com /usr/bin/cmake --build /home/w0x7ce/Desktop/microros_ws/firmware/mcu_ws/build/libyaml_vendor -- -j16 -l16
[1.095s] Invoking command in '/home/w0x7ce/Desktop/microros_ws/firmware/mcu_ws/build/libyaml_vendor': CMAKE_PREFIX_PATH=${CMAKE_PREFIX_PATH}:/home/w0x7ce/Desktop/microros_ws/firmware/dev_ws/install/ament_uncrustify:/home/w0x7ce/Desktop/microros_ws/firmware/dev_ws/install/domain_coordinator:/home/w0x7ce/Desktop/microros_ws/firmware/dev_ws/install/ament_xmllint:/home/w0x7ce/Desktop/microros_ws/firmware/dev_ws/install/ament_pyflakes:/home/w0x7ce/Desktop/microros_ws/firmware/dev_ws/install/ament_pycodestyle:/home/w0x7ce/Desktop/microros_ws/firmware/dev_ws/install/ament_pep257:/home/w0x7ce/Desktop/microros_ws/firmware/dev_ws/install/ament_pclint:/home/w0x7ce/Desktop/microros_ws/firmware/dev_ws/install/ament_package:/home/w0x7ce/Desktop/microros_ws/firmware/dev_ws/install/ament_mypy:/home/w0x7ce/Desktop/microros_ws/firmware/dev_ws/install/ament_lint_cmake:/home/w0x7ce/Desktop/microros_ws/firmware/dev_ws/install/ament_flake8:/home/w0x7ce/Desktop/microros_ws/firmware/dev_ws/install/ament_copyright:/home/w0x7ce/Desktop/microros_ws/firmware/dev_ws/install/ament_lint:/home/w0x7ce/Desktop/microros_ws/firmware/dev_ws/install/ament_index_python:/home/w0x7ce/Desktop/microros_ws/firmware/dev_ws/install/ament_cpplint:/home/w0x7ce/Desktop/microros_ws/firmware/dev_ws/install/ament_cppcheck:/home/w0x7ce/Desktop/microros_ws/firmware/dev_ws/install/ament_clang_tidy:/home/w0x7ce/Desktop/microros_ws/firmware/dev_ws/install/ament_clang_format DEBUGINFOD_URLS=https://debuginfod.ubuntu.com /usr/bin/cmake --install /home/w0x7ce/Desktop/microros_ws/firmware/mcu_ws/build/libyaml_vendor
[1.099s] -- Install configuration: "Release"
[1.099s] -- Installing: /home/w0x7ce/Desktop/microros_ws/firmware/mcu_ws/install/share/libyaml_vendor/cmake
[1.099s] -- Installing: /home/w0x7ce/Desktop/microros_ws/firmware/mcu_ws/install/share/libyaml_vendor/cmake/Modules
[1.099s] -- Installing: /home/w0x7ce/Desktop/microros_ws/firmware/mcu_ws/install/share/libyaml_vendor/cmake/Modules/Findyaml.cmake
[1.099s] -- Installing: /home/w0x7ce/Desktop/microros_ws/firmware/mcu_ws/install/share/ament_index/resource_index/package_run_dependencies/libyaml_vendor
[1.100s] -- Installing: /home/w0x7ce/Desktop/microros_ws/firmware/mcu_ws/install/share/ament_index/resource_index/parent_prefix_path/libyaml_vendor
[1.100s] -- Installing: /home/w0x7ce/Desktop/microros_ws/firmware/mcu_ws/install/share/libyaml_vendor/environment/ament_prefix_path.sh
[1.100s] -- Installing: /home/w0x7ce/Desktop/microros_ws/firmware/mcu_ws/install/share/libyaml_vendor/environment/ament_prefix_path.dsv
[1.100s] -- Installing: /home/w0x7ce/Desktop/microros_ws/firmware/mcu_ws/install/share/libyaml_vendor/environment/path.sh
[1.100s] -- Installing: /home/w0x7ce/Desktop/microros_ws/firmware/mcu_ws/install/share/libyaml_vendor/environment/path.dsv
[1.100s] -- Installing: /home/w0x7ce/Desktop/microros_ws/firmware/mcu_ws/install/share/libyaml_vendor/local_setup.bash
[1.100s] -- Installing: /home/w0x7ce/Desktop/microros_ws/firmware/mcu_ws/install/share/libyaml_vendor/local_setup.sh
[1.100s] -- Installing: /home/w0x7ce/Desktop/microros_ws/firmware/mcu_ws/install/share/libyaml_vendor/local_setup.zsh
[1.100s] -- Installing: /home/w0x7ce/Desktop/microros_ws/firmware/mcu_ws/install/share/libyaml_vendor/local_setup.dsv
[1.101s] -- Installing: /home/w0x7ce/Desktop/microros_ws/firmware/mcu_ws/install/share/libyaml_vendor/package.dsv
[1.101s] -- Installing: /home/w0x7ce/Desktop/microros_ws/firmware/mcu_ws/install/share/ament_index/resource_index/packages/libyaml_vendor
[1.101s] -- Installing: /home/w0x7ce/Desktop/microros_ws/firmware/mcu_ws/install/share/libyaml_vendor/cmake/libyaml_vendor-extras.cmake
[1.101s] -- Installing: /home/w0x7ce/Desktop/microros_ws/firmware/mcu_ws/install/share/libyaml_vendor/cmake/ament_cmake_export_dependencies-extras.cmake
[1.103s] -- Installing: /home/w0x7ce/Desktop/microros_ws/firmware/mcu_ws/install/share/libyaml_vendor/cmake/libyaml_vendorConfig.cmake
[1.103s] -- Installing: /home/w0x7ce/Desktop/microros_ws/firmware/mcu_ws/install/share/libyaml_vendor/cmake/libyaml_vendorConfig-version.cmake
[1.103s] -- Installing: /home/w0x7ce/Desktop/microros_ws/firmware/mcu_ws/install/share/libyaml_vendor/package.xml
[1.104s] Invoked command in '/home/w0x7ce/Desktop/microros_ws/firmware/mcu_ws/build/libyaml_vendor' returned '0': CMAKE_PREFIX_PATH=${CMAKE_PREFIX_PATH}:/home/w0x7ce/Desktop/microros_ws/firmware/dev_ws/install/ament_uncrustify:/home/w0x7ce/Desktop/microros_ws/firmware/dev_ws/install/domain_coordinator:/home/w0x7ce/Desktop/microros_ws/firmware/dev_ws/install/ament_xmllint:/home/w0x7ce/Desktop/microros_ws/firmware/dev_ws/install/ament_pyflakes:/home/w0x7ce/Desktop/microros_ws/firmware/dev_ws/install/ament_pycodestyle:/home/w0x7ce/Desktop/microros_ws/firmware/dev_ws/install/ament_pep257:/home/w0x7ce/Desktop/microros_ws/firmware/dev_ws/install/ament_pclint:/home/w0x7ce/Desktop/microros_ws/firmware/dev_ws/install/ament_package:/home/w0x7ce/Desktop/microros_ws/firmware/dev_ws/install/ament_mypy:/home/w0x7ce/Desktop/microros_ws/firmware/dev_ws/install/ament_lint_cmake:/home/w0x7ce/Desktop/microros_ws/firmware/dev_ws/install/ament_flake8:/home/w0x7ce/Desktop/microros_ws/firmware/dev_ws/install/ament_copyright:/home/w0x7ce/Desktop/microros_ws/firmware/dev_ws/install/ament_lint:/home/w0x7ce/Desktop/microros_ws/firmware/dev_ws/install/ament_index_python:/home/w0x7ce/Desktop/microros_ws/firmware/dev_ws/install/ament_cpplint:/home/w0x7ce/Desktop/microros_ws/firmware/dev_ws/install/ament_cppcheck:/home/w0x7ce/Desktop/microros_ws/firmware/dev_ws/install/ament_clang_tidy:/home/w0x7ce/Desktop/microros_ws/firmware/dev_ws/install/ament_clang_format DEBUGINFOD_URLS=https://debuginfod.ubuntu.com /usr/bin/cmake --install /home/w0x7ce/Desktop/microros_ws/firmware/mcu_ws/build/libyaml_vendor
