[0.270s] Invoking command in '/home/w0x7ce/Desktop/microros_ws/firmware/mcu_ws/build/tracetools': CMAKE_PREFIX_PATH=${CMAKE_PREFIX_PATH}:/home/w0x7ce/Desktop/microros_ws/firmware/dev_ws/install/ament_uncrustify:/home/w0x7ce/Desktop/microros_ws/firmware/dev_ws/install/domain_coordinator:/home/w0x7ce/Desktop/microros_ws/firmware/dev_ws/install/ament_xmllint:/home/w0x7ce/Desktop/microros_ws/firmware/dev_ws/install/ament_pyflakes:/home/w0x7ce/Desktop/microros_ws/firmware/dev_ws/install/ament_pycodestyle:/home/w0x7ce/Desktop/microros_ws/firmware/dev_ws/install/ament_pep257:/home/w0x7ce/Desktop/microros_ws/firmware/dev_ws/install/ament_pclint:/home/w0x7ce/Desktop/microros_ws/firmware/dev_ws/install/ament_package:/home/w0x7ce/Desktop/microros_ws/firmware/dev_ws/install/ament_mypy:/home/w0x7ce/Desktop/microros_ws/firmware/dev_ws/install/ament_lint_cmake:/home/w0x7ce/Desktop/microros_ws/firmware/dev_ws/install/ament_flake8:/home/w0x7ce/Desktop/microros_ws/firmware/dev_ws/install/ament_copyright:/home/w0x7ce/Desktop/microros_ws/firmware/dev_ws/install/ament_lint:/home/w0x7ce/Desktop/microros_ws/firmware/dev_ws/install/ament_index_python:/home/w0x7ce/Desktop/microros_ws/firmware/dev_ws/install/ament_cpplint:/home/w0x7ce/Desktop/microros_ws/firmware/dev_ws/install/ament_cppcheck:/home/w0x7ce/Desktop/microros_ws/firmware/dev_ws/install/ament_clang_tidy:/home/w0x7ce/Desktop/microros_ws/firmware/dev_ws/install/ament_clang_format DEBUGINFOD_URLS=https://debuginfod.ubuntu.com /usr/bin/cmake /home/w0x7ce/Desktop/microros_ws/firmware/mcu_ws/ros2/ros2_tracing/tracetools --no-warn-unused-cli -DCMAKE_POSITION_INDEPENDENT_CODE:BOOL=OFF -DTHIRDPARTY=ON -DBUILD_SHARED_LIBS=OFF -DBUILD_TESTING=OFF -DCMAKE_BUILD_TYPE=Release -DCMAKE_TOOLCHAIN_FILE=/home/w0x7ce/Desktop/microros_ws/toolchain.cmake -DCMAKE_VERBOSE_MAKEFILE=ON -DTRACETOOLS_DISABLED=ON -DTRACETOOLS_STATUS_CHECKING_TOOL=OFF -DCMAKE_INSTALL_PREFIX=/home/w0x7ce/Desktop/microros_ws/firmware/mcu_ws/install
[0.913s] Not searching for unused variables given on the command line.
[0.913s] -- The C compiler identification is GNU 10.2.0
[0.913s] -- The CXX compiler identification is GNU 10.2.0
[0.913s] -- Detecting C compiler ABI info
[0.913s] -- Detecting C compiler ABI info - done
[0.913s] -- Check for working C compiler: /home/w0x7ce/toolchain_gcc_t-head_linux/bin/riscv64-unknown-elf-gcc - skipped
[0.913s] -- Detecting C compile features
[0.913s] -- Detecting C compile features - done
[0.913s] -- Detecting CXX compiler ABI info
[0.913s] -- Detecting CXX compiler ABI info - done
[0.913s] -- Check for working CXX compiler: /home/w0x7ce/toolchain_gcc_t-head_linux/bin/riscv64-unknown-elf-g++ - skipped
[0.913s] -- Detecting CXX compile features
[0.913s] -- Detecting CXX compile features - done
[0.913s] -- Found ament_cmake_gen_version_h: 2.5.2 (/home/w0x7ce/Desktop/microros_ws/firmware/dev_ws/install/ament_cmake_gen_version_h/share/ament_cmake_gen_version_h/cmake)
[0.914s] -- Found ament_cmake_ros: 0.12.0 (/home/w0x7ce/Desktop/microros_ws/firmware/dev_ws/install/ament_cmake_ros/share/ament_cmake_ros/cmake)
[0.914s] -- Found Python3: /usr/bin/python3 (found version "3.12.3") found components: Interpreter
[0.938s] -- Configuring done (0.7s)
[0.940s] -- Generating done (0.0s)
[0.940s] -- Build files have been written to: /home/w0x7ce/Desktop/microros_ws/firmware/mcu_ws/build/tracetools
[0.952s] Invoked command in '/home/w0x7ce/Desktop/microros_ws/firmware/mcu_ws/build/tracetools' returned '0': CMAKE_PREFIX_PATH=${CMAKE_PREFIX_PATH}:/home/w0x7ce/Desktop/microros_ws/firmware/dev_ws/install/ament_uncrustify:/home/w0x7ce/Desktop/microros_ws/firmware/dev_ws/install/domain_coordinator:/home/w0x7ce/Desktop/microros_ws/firmware/dev_ws/install/ament_xmllint:/home/w0x7ce/Desktop/microros_ws/firmware/dev_ws/install/ament_pyflakes:/home/w0x7ce/Desktop/microros_ws/firmware/dev_ws/install/ament_pycodestyle:/home/w0x7ce/Desktop/microros_ws/firmware/dev_ws/install/ament_pep257:/home/w0x7ce/Desktop/microros_ws/firmware/dev_ws/install/ament_pclint:/home/w0x7ce/Desktop/microros_ws/firmware/dev_ws/install/ament_package:/home/w0x7ce/Desktop/microros_ws/firmware/dev_ws/install/ament_mypy:/home/w0x7ce/Desktop/microros_ws/firmware/dev_ws/install/ament_lint_cmake:/home/w0x7ce/Desktop/microros_ws/firmware/dev_ws/install/ament_flake8:/home/w0x7ce/Desktop/microros_ws/firmware/dev_ws/install/ament_copyright:/home/w0x7ce/Desktop/microros_ws/firmware/dev_ws/install/ament_lint:/home/w0x7ce/Desktop/microros_ws/firmware/dev_ws/install/ament_index_python:/home/w0x7ce/Desktop/microros_ws/firmware/dev_ws/install/ament_cpplint:/home/w0x7ce/Desktop/microros_ws/firmware/dev_ws/install/ament_cppcheck:/home/w0x7ce/Desktop/microros_ws/firmware/dev_ws/install/ament_clang_tidy:/home/w0x7ce/Desktop/microros_ws/firmware/dev_ws/install/ament_clang_format DEBUGINFOD_URLS=https://debuginfod.ubuntu.com /usr/bin/cmake /home/w0x7ce/Desktop/microros_ws/firmware/mcu_ws/ros2/ros2_tracing/tracetools --no-warn-unused-cli -DCMAKE_POSITION_INDEPENDENT_CODE:BOOL=OFF -DTHIRDPARTY=ON -DBUILD_SHARED_LIBS=OFF -DBUILD_TESTING=OFF -DCMAKE_BUILD_TYPE=Release -DCMAKE_TOOLCHAIN_FILE=/home/w0x7ce/Desktop/microros_ws/toolchain.cmake -DCMAKE_VERBOSE_MAKEFILE=ON -DTRACETOOLS_DISABLED=ON -DTRACETOOLS_STATUS_CHECKING_TOOL=OFF -DCMAKE_INSTALL_PREFIX=/home/w0x7ce/Desktop/microros_ws/firmware/mcu_ws/install
[0.953s] Invoking command in '/home/w0x7ce/Desktop/microros_ws/firmware/mcu_ws/build/tracetools': CMAKE_PREFIX_PATH=${CMAKE_PREFIX_PATH}:/home/w0x7ce/Desktop/microros_ws/firmware/dev_ws/install/ament_uncrustify:/home/w0x7ce/Desktop/microros_ws/firmware/dev_ws/install/domain_coordinator:/home/w0x7ce/Desktop/microros_ws/firmware/dev_ws/install/ament_xmllint:/home/w0x7ce/Desktop/microros_ws/firmware/dev_ws/install/ament_pyflakes:/home/w0x7ce/Desktop/microros_ws/firmware/dev_ws/install/ament_pycodestyle:/home/w0x7ce/Desktop/microros_ws/firmware/dev_ws/install/ament_pep257:/home/w0x7ce/Desktop/microros_ws/firmware/dev_ws/install/ament_pclint:/home/w0x7ce/Desktop/microros_ws/firmware/dev_ws/install/ament_package:/home/w0x7ce/Desktop/microros_ws/firmware/dev_ws/install/ament_mypy:/home/w0x7ce/Desktop/microros_ws/firmware/dev_ws/install/ament_lint_cmake:/home/w0x7ce/Desktop/microros_ws/firmware/dev_ws/install/ament_flake8:/home/w0x7ce/Desktop/microros_ws/firmware/dev_ws/install/ament_copyright:/home/w0x7ce/Desktop/microros_ws/firmware/dev_ws/install/ament_lint:/home/w0x7ce/Desktop/microros_ws/firmware/dev_ws/install/ament_index_python:/home/w0x7ce/Desktop/microros_ws/firmware/dev_ws/install/ament_cpplint:/home/w0x7ce/Desktop/microros_ws/firmware/dev_ws/install/ament_cppcheck:/home/w0x7ce/Desktop/microros_ws/firmware/dev_ws/install/ament_clang_tidy:/home/w0x7ce/Desktop/microros_ws/firmware/dev_ws/install/ament_clang_format DEBUGINFOD_URLS=https://debuginfod.ubuntu.com /usr/bin/cmake --build /home/w0x7ce/Desktop/microros_ws/firmware/mcu_ws/build/tracetools -- -j16 -l16
[0.959s] Change Dir: '/home/w0x7ce/Desktop/microros_ws/firmware/mcu_ws/build/tracetools'
[0.959s] 
[0.959s] Run Build Command(s): /usr/bin/cmake -E env VERBOSE=1 /usr/bin/gmake -f Makefile -j16 -l16
[0.959s] /usr/bin/cmake -S/home/w0x7ce/Desktop/microros_ws/firmware/mcu_ws/ros2/ros2_tracing/tracetools -B/home/w0x7ce/Desktop/microros_ws/firmware/mcu_ws/build/tracetools --check-build-system CMakeFiles/Makefile.cmake 0
[0.964s] /usr/bin/cmake -E cmake_progress_start /home/w0x7ce/Desktop/microros_ws/firmware/mcu_ws/build/tracetools/CMakeFiles /home/w0x7ce/Desktop/microros_ws/firmware/mcu_ws/build/tracetools//CMakeFiles/progress.marks
[0.970s] /usr/bin/gmake  -f CMakeFiles/Makefile2 all
[0.970s] gmake[1]: Entering directory '/home/w0x7ce/Desktop/microros_ws/firmware/mcu_ws/build/tracetools'
[0.970s] gmake[1]: Nothing to be done for 'all'.
[0.970s] gmake[1]: Leaving directory '/home/w0x7ce/Desktop/microros_ws/firmware/mcu_ws/build/tracetools'
[0.970s] /usr/bin/cmake -E cmake_progress_start /home/w0x7ce/Desktop/microros_ws/firmware/mcu_ws/build/tracetools/CMakeFiles 0
[0.971s] 
[0.996s] Invoked command in '/home/w0x7ce/Desktop/microros_ws/firmware/mcu_ws/build/tracetools' returned '0': CMAKE_PREFIX_PATH=${CMAKE_PREFIX_PATH}:/home/w0x7ce/Desktop/microros_ws/firmware/dev_ws/install/ament_uncrustify:/home/w0x7ce/Desktop/microros_ws/firmware/dev_ws/install/domain_coordinator:/home/w0x7ce/Desktop/microros_ws/firmware/dev_ws/install/ament_xmllint:/home/w0x7ce/Desktop/microros_ws/firmware/dev_ws/install/ament_pyflakes:/home/w0x7ce/Desktop/microros_ws/firmware/dev_ws/install/ament_pycodestyle:/home/w0x7ce/Desktop/microros_ws/firmware/dev_ws/install/ament_pep257:/home/w0x7ce/Desktop/microros_ws/firmware/dev_ws/install/ament_pclint:/home/w0x7ce/Desktop/microros_ws/firmware/dev_ws/install/ament_package:/home/w0x7ce/Desktop/microros_ws/firmware/dev_ws/install/ament_mypy:/home/w0x7ce/Desktop/microros_ws/firmware/dev_ws/install/ament_lint_cmake:/home/w0x7ce/Desktop/microros_ws/firmware/dev_ws/install/ament_flake8:/home/w0x7ce/Desktop/microros_ws/firmware/dev_ws/install/ament_copyright:/home/w0x7ce/Desktop/microros_ws/firmware/dev_ws/install/ament_lint:/home/w0x7ce/Desktop/microros_ws/firmware/dev_ws/install/ament_index_python:/home/w0x7ce/Desktop/microros_ws/firmware/dev_ws/install/ament_cpplint:/home/w0x7ce/Desktop/microros_ws/firmware/dev_ws/install/ament_cppcheck:/home/w0x7ce/Desktop/microros_ws/firmware/dev_ws/install/ament_clang_tidy:/home/w0x7ce/Desktop/microros_ws/firmware/dev_ws/install/ament_clang_format DEBUGINFOD_URLS=https://debuginfod.ubuntu.com /usr/bin/cmake --build /home/w0x7ce/Desktop/microros_ws/firmware/mcu_ws/build/tracetools -- -j16 -l16
[1.028s] Invoking command in '/home/w0x7ce/Desktop/microros_ws/firmware/mcu_ws/build/tracetools': CMAKE_PREFIX_PATH=${CMAKE_PREFIX_PATH}:/home/w0x7ce/Desktop/microros_ws/firmware/dev_ws/install/ament_uncrustify:/home/w0x7ce/Desktop/microros_ws/firmware/dev_ws/install/domain_coordinator:/home/w0x7ce/Desktop/microros_ws/firmware/dev_ws/install/ament_xmllint:/home/w0x7ce/Desktop/microros_ws/firmware/dev_ws/install/ament_pyflakes:/home/w0x7ce/Desktop/microros_ws/firmware/dev_ws/install/ament_pycodestyle:/home/w0x7ce/Desktop/microros_ws/firmware/dev_ws/install/ament_pep257:/home/w0x7ce/Desktop/microros_ws/firmware/dev_ws/install/ament_pclint:/home/w0x7ce/Desktop/microros_ws/firmware/dev_ws/install/ament_package:/home/w0x7ce/Desktop/microros_ws/firmware/dev_ws/install/ament_mypy:/home/w0x7ce/Desktop/microros_ws/firmware/dev_ws/install/ament_lint_cmake:/home/w0x7ce/Desktop/microros_ws/firmware/dev_ws/install/ament_flake8:/home/w0x7ce/Desktop/microros_ws/firmware/dev_ws/install/ament_copyright:/home/w0x7ce/Desktop/microros_ws/firmware/dev_ws/install/ament_lint:/home/w0x7ce/Desktop/microros_ws/firmware/dev_ws/install/ament_index_python:/home/w0x7ce/Desktop/microros_ws/firmware/dev_ws/install/ament_cpplint:/home/w0x7ce/Desktop/microros_ws/firmware/dev_ws/install/ament_cppcheck:/home/w0x7ce/Desktop/microros_ws/firmware/dev_ws/install/ament_clang_tidy:/home/w0x7ce/Desktop/microros_ws/firmware/dev_ws/install/ament_clang_format DEBUGINFOD_URLS=https://debuginfod.ubuntu.com /usr/bin/cmake --install /home/w0x7ce/Desktop/microros_ws/firmware/mcu_ws/build/tracetools
[1.032s] -- Install configuration: "Release"
[1.032s] -- Installing: /home/w0x7ce/Desktop/microros_ws/firmware/mcu_ws/install/include/tracetools
[1.033s] -- Installing: /home/w0x7ce/Desktop/microros_ws/firmware/mcu_ws/install/include/tracetools/tracetools
[1.033s] -- Installing: /home/w0x7ce/Desktop/microros_ws/firmware/mcu_ws/install/include/tracetools/tracetools/visibility_control.hpp
[1.033s] -- Installing: /home/w0x7ce/Desktop/microros_ws/firmware/mcu_ws/install/include/tracetools/tracetools/config.h
[1.033s] -- Installing: /home/w0x7ce/Desktop/microros_ws/firmware/mcu_ws/install/include/tracetools/tracetools/tracetools.h
[1.033s] -- Installing: /home/w0x7ce/Desktop/microros_ws/firmware/mcu_ws/install/include/tracetools/tracetools/utils.hpp
[1.033s] -- Installing: /home/w0x7ce/Desktop/microros_ws/firmware/mcu_ws/install/share/ament_index/resource_index/package_run_dependencies/tracetools
[1.033s] -- Installing: /home/w0x7ce/Desktop/microros_ws/firmware/mcu_ws/install/share/ament_index/resource_index/parent_prefix_path/tracetools
[1.035s] -- Installing: /home/w0x7ce/Desktop/microros_ws/firmware/mcu_ws/install/share/tracetools/environment/ament_prefix_path.sh
[1.035s] -- Installing: /home/w0x7ce/Desktop/microros_ws/firmware/mcu_ws/install/share/tracetools/environment/ament_prefix_path.dsv
[1.035s] -- Installing: /home/w0x7ce/Desktop/microros_ws/firmware/mcu_ws/install/share/tracetools/environment/path.sh
[1.035s] -- Installing: /home/w0x7ce/Desktop/microros_ws/firmware/mcu_ws/install/share/tracetools/environment/path.dsv
[1.035s] -- Installing: /home/w0x7ce/Desktop/microros_ws/firmware/mcu_ws/install/share/tracetools/local_setup.bash
[1.035s] -- Installing: /home/w0x7ce/Desktop/microros_ws/firmware/mcu_ws/install/share/tracetools/local_setup.sh
[1.036s] -- Installing: /home/w0x7ce/Desktop/microros_ws/firmware/mcu_ws/install/share/tracetools/local_setup.zsh
[1.036s] -- Installing: /home/w0x7ce/Desktop/microros_ws/firmware/mcu_ws/install/share/tracetools/local_setup.dsv
[1.036s] -- Installing: /home/w0x7ce/Desktop/microros_ws/firmware/mcu_ws/install/share/tracetools/package.dsv
[1.036s] -- Installing: /home/w0x7ce/Desktop/microros_ws/firmware/mcu_ws/install/share/ament_index/resource_index/packages/tracetools
[1.036s] -- Installing: /home/w0x7ce/Desktop/microros_ws/firmware/mcu_ws/install/share/tracetools/cmake/tracetools_exportExport.cmake
[1.036s] -- Installing: /home/w0x7ce/Desktop/microros_ws/firmware/mcu_ws/install/share/tracetools/cmake/ament_cmake_export_targets-extras.cmake
[1.036s] -- Installing: /home/w0x7ce/Desktop/microros_ws/firmware/mcu_ws/install/share/tracetools/cmake/ament_cmake_export_include_directories-extras.cmake
[1.036s] -- Installing: /home/w0x7ce/Desktop/microros_ws/firmware/mcu_ws/install/share/tracetools/cmake/tracetoolsConfig.cmake
[1.036s] -- Installing: /home/w0x7ce/Desktop/microros_ws/firmware/mcu_ws/install/share/tracetools/cmake/tracetoolsConfig-version.cmake
[1.036s] -- Installing: /home/w0x7ce/Desktop/microros_ws/firmware/mcu_ws/install/share/tracetools/package.xml
[1.041s] Invoked command in '/home/w0x7ce/Desktop/microros_ws/firmware/mcu_ws/build/tracetools' returned '0': CMAKE_PREFIX_PATH=${CMAKE_PREFIX_PATH}:/home/w0x7ce/Desktop/microros_ws/firmware/dev_ws/install/ament_uncrustify:/home/w0x7ce/Desktop/microros_ws/firmware/dev_ws/install/domain_coordinator:/home/w0x7ce/Desktop/microros_ws/firmware/dev_ws/install/ament_xmllint:/home/w0x7ce/Desktop/microros_ws/firmware/dev_ws/install/ament_pyflakes:/home/w0x7ce/Desktop/microros_ws/firmware/dev_ws/install/ament_pycodestyle:/home/w0x7ce/Desktop/microros_ws/firmware/dev_ws/install/ament_pep257:/home/w0x7ce/Desktop/microros_ws/firmware/dev_ws/install/ament_pclint:/home/w0x7ce/Desktop/microros_ws/firmware/dev_ws/install/ament_package:/home/w0x7ce/Desktop/microros_ws/firmware/dev_ws/install/ament_mypy:/home/w0x7ce/Desktop/microros_ws/firmware/dev_ws/install/ament_lint_cmake:/home/w0x7ce/Desktop/microros_ws/firmware/dev_ws/install/ament_flake8:/home/w0x7ce/Desktop/microros_ws/firmware/dev_ws/install/ament_copyright:/home/w0x7ce/Desktop/microros_ws/firmware/dev_ws/install/ament_lint:/home/w0x7ce/Desktop/microros_ws/firmware/dev_ws/install/ament_index_python:/home/w0x7ce/Desktop/microros_ws/firmware/dev_ws/install/ament_cpplint:/home/w0x7ce/Desktop/microros_ws/firmware/dev_ws/install/ament_cppcheck:/home/w0x7ce/Desktop/microros_ws/firmware/dev_ws/install/ament_clang_tidy:/home/w0x7ce/Desktop/microros_ws/firmware/dev_ws/install/ament_clang_format DEBUGINFOD_URLS=https://debuginfod.ubuntu.com /usr/bin/cmake --install /home/w0x7ce/Desktop/microros_ws/firmware/mcu_ws/build/tracetools
