/home/w0x7ce/Desktop/microros_ws/firmware/mcu_ws/install/lib/python3.12/site-packages/tracetools_trace/__init__.py
/home/w0x7ce/Desktop/microros_ws/firmware/mcu_ws/install/lib/python3.12/site-packages/tracetools_trace/trace.py
/home/w0x7ce/Desktop/microros_ws/firmware/mcu_ws/install/lib/python3.12/site-packages/tracetools_trace/tools/lttng_impl.py
/home/w0x7ce/Desktop/microros_ws/firmware/mcu_ws/install/lib/python3.12/site-packages/tracetools_trace/tools/lttng.py
/home/w0x7ce/Desktop/microros_ws/firmware/mcu_ws/install/lib/python3.12/site-packages/tracetools_trace/tools/__init__.py
/home/w0x7ce/Desktop/microros_ws/firmware/mcu_ws/install/lib/python3.12/site-packages/tracetools_trace/tools/args.py
/home/w0x7ce/Desktop/microros_ws/firmware/mcu_ws/install/lib/python3.12/site-packages/tracetools_trace/tools/tracepoints.py
/home/w0x7ce/Desktop/microros_ws/firmware/mcu_ws/install/lib/python3.12/site-packages/tracetools_trace/tools/names.py
/home/w0x7ce/Desktop/microros_ws/firmware/mcu_ws/install/lib/python3.12/site-packages/tracetools_trace/tools/lttng_stub.py
/home/w0x7ce/Desktop/microros_ws/firmware/mcu_ws/install/lib/python3.12/site-packages/tracetools_trace/tools/path.py
/home/w0x7ce/Desktop/microros_ws/firmware/mcu_ws/install/lib/python3.12/site-packages/tracetools_trace/tools/signals.py
/home/w0x7ce/Desktop/microros_ws/firmware/mcu_ws/install/lib/python3.12/site-packages/tracetools_trace/__pycache__/__init__.cpython-312.pyc
/home/w0x7ce/Desktop/microros_ws/firmware/mcu_ws/install/lib/python3.12/site-packages/tracetools_trace/__pycache__/trace.cpython-312.pyc
/home/w0x7ce/Desktop/microros_ws/firmware/mcu_ws/install/lib/python3.12/site-packages/tracetools_trace/tools/__pycache__/lttng_impl.cpython-312.pyc
/home/w0x7ce/Desktop/microros_ws/firmware/mcu_ws/install/lib/python3.12/site-packages/tracetools_trace/tools/__pycache__/lttng.cpython-312.pyc
/home/w0x7ce/Desktop/microros_ws/firmware/mcu_ws/install/lib/python3.12/site-packages/tracetools_trace/tools/__pycache__/__init__.cpython-312.pyc
/home/w0x7ce/Desktop/microros_ws/firmware/mcu_ws/install/lib/python3.12/site-packages/tracetools_trace/tools/__pycache__/args.cpython-312.pyc
/home/w0x7ce/Desktop/microros_ws/firmware/mcu_ws/install/lib/python3.12/site-packages/tracetools_trace/tools/__pycache__/tracepoints.cpython-312.pyc
/home/w0x7ce/Desktop/microros_ws/firmware/mcu_ws/install/lib/python3.12/site-packages/tracetools_trace/tools/__pycache__/names.cpython-312.pyc
/home/w0x7ce/Desktop/microros_ws/firmware/mcu_ws/install/lib/python3.12/site-packages/tracetools_trace/tools/__pycache__/lttng_stub.cpython-312.pyc
/home/w0x7ce/Desktop/microros_ws/firmware/mcu_ws/install/lib/python3.12/site-packages/tracetools_trace/tools/__pycache__/path.cpython-312.pyc
/home/w0x7ce/Desktop/microros_ws/firmware/mcu_ws/install/lib/python3.12/site-packages/tracetools_trace/tools/__pycache__/signals.cpython-312.pyc
/home/w0x7ce/Desktop/microros_ws/firmware/mcu_ws/install/share/tracetools_trace/package.xml
/home/w0x7ce/Desktop/microros_ws/firmware/mcu_ws/install/share/ament_index/resource_index/packages/tracetools_trace
/home/w0x7ce/Desktop/microros_ws/firmware/mcu_ws/install/lib/python3.12/site-packages/tracetools_trace-8.2.1-py3.12.egg-info/requires.txt
/home/w0x7ce/Desktop/microros_ws/firmware/mcu_ws/install/lib/python3.12/site-packages/tracetools_trace-8.2.1-py3.12.egg-info/PKG-INFO
/home/w0x7ce/Desktop/microros_ws/firmware/mcu_ws/install/lib/python3.12/site-packages/tracetools_trace-8.2.1-py3.12.egg-info/SOURCES.txt
/home/w0x7ce/Desktop/microros_ws/firmware/mcu_ws/install/lib/python3.12/site-packages/tracetools_trace-8.2.1-py3.12.egg-info/dependency_links.txt
/home/w0x7ce/Desktop/microros_ws/firmware/mcu_ws/install/lib/python3.12/site-packages/tracetools_trace-8.2.1-py3.12.egg-info/top_level.txt
/home/w0x7ce/Desktop/microros_ws/firmware/mcu_ws/install/lib/python3.12/site-packages/tracetools_trace-8.2.1-py3.12.egg-info/entry_points.txt
/home/w0x7ce/Desktop/microros_ws/firmware/mcu_ws/install/lib/tracetools_trace/trace
