running egg_info
creating ../../../build/tracetools_launch/tracetools_launch.egg-info
writing ../../../build/tracetools_launch/tracetools_launch.egg-info/PKG-INFO
writing dependency_links to ../../../build/tracetools_launch/tracetools_launch.egg-info/dependency_links.txt
writing entry points to ../../../build/tracetools_launch/tracetools_launch.egg-info/entry_points.txt
writing requirements to ../../../build/tracetools_launch/tracetools_launch.egg-info/requires.txt
writing top-level names to ../../../build/tracetools_launch/tracetools_launch.egg-info/top_level.txt
writing manifest file '../../../build/tracetools_launch/tracetools_launch.egg-info/SOURCES.txt'
reading manifest file '../../../build/tracetools_launch/tracetools_launch.egg-info/SOURCES.txt'
writing manifest file '../../../build/tracetools_launch/tracetools_launch.egg-info/SOURCES.txt'
running build
running build_py
creating /home/w0x7ce/Desktop/microros_ws/firmware/mcu_ws/build/tracetools_launch/build
creating /home/w0x7ce/Desktop/microros_ws/firmware/mcu_ws/build/tracetools_launch/build/lib
creating /home/w0x7ce/Desktop/microros_ws/firmware/mcu_ws/build/tracetools_launch/build/lib/tracetools_launch
copying tracetools_launch/__init__.py -> /home/w0x7ce/Desktop/microros_ws/firmware/mcu_ws/build/tracetools_launch/build/lib/tracetools_launch
copying tracetools_launch/action.py -> /home/w0x7ce/Desktop/microros_ws/firmware/mcu_ws/build/tracetools_launch/build/lib/tracetools_launch
creating /home/w0x7ce/Desktop/microros_ws/firmware/mcu_ws/build/tracetools_launch/build/lib/tracetools_launch/actions
copying tracetools_launch/actions/ld_preload.py -> /home/w0x7ce/Desktop/microros_ws/firmware/mcu_ws/build/tracetools_launch/build/lib/tracetools_launch/actions
copying tracetools_launch/actions/__init__.py -> /home/w0x7ce/Desktop/microros_ws/firmware/mcu_ws/build/tracetools_launch/build/lib/tracetools_launch/actions
running install
running install_lib
creating /home/w0x7ce/Desktop/microros_ws/firmware/mcu_ws/install/lib/python3.12/site-packages/tracetools_launch
copying /home/w0x7ce/Desktop/microros_ws/firmware/mcu_ws/build/tracetools_launch/build/lib/tracetools_launch/__init__.py -> /home/w0x7ce/Desktop/microros_ws/firmware/mcu_ws/install/lib/python3.12/site-packages/tracetools_launch
copying /home/w0x7ce/Desktop/microros_ws/firmware/mcu_ws/build/tracetools_launch/build/lib/tracetools_launch/action.py -> /home/w0x7ce/Desktop/microros_ws/firmware/mcu_ws/install/lib/python3.12/site-packages/tracetools_launch
creating /home/w0x7ce/Desktop/microros_ws/firmware/mcu_ws/install/lib/python3.12/site-packages/tracetools_launch/actions
copying /home/w0x7ce/Desktop/microros_ws/firmware/mcu_ws/build/tracetools_launch/build/lib/tracetools_launch/actions/ld_preload.py -> /home/w0x7ce/Desktop/microros_ws/firmware/mcu_ws/install/lib/python3.12/site-packages/tracetools_launch/actions
copying /home/w0x7ce/Desktop/microros_ws/firmware/mcu_ws/build/tracetools_launch/build/lib/tracetools_launch/actions/__init__.py -> /home/w0x7ce/Desktop/microros_ws/firmware/mcu_ws/install/lib/python3.12/site-packages/tracetools_launch/actions
byte-compiling /home/w0x7ce/Desktop/microros_ws/firmware/mcu_ws/install/lib/python3.12/site-packages/tracetools_launch/__init__.py to __init__.cpython-312.pyc
byte-compiling /home/w0x7ce/Desktop/microros_ws/firmware/mcu_ws/install/lib/python3.12/site-packages/tracetools_launch/action.py to action.cpython-312.pyc
byte-compiling /home/w0x7ce/Desktop/microros_ws/firmware/mcu_ws/install/lib/python3.12/site-packages/tracetools_launch/actions/ld_preload.py to ld_preload.cpython-312.pyc
byte-compiling /home/w0x7ce/Desktop/microros_ws/firmware/mcu_ws/install/lib/python3.12/site-packages/tracetools_launch/actions/__init__.py to __init__.cpython-312.pyc
running install_data
copying package.xml -> /home/w0x7ce/Desktop/microros_ws/firmware/mcu_ws/install/share/tracetools_launch
creating /home/w0x7ce/Desktop/microros_ws/firmware/mcu_ws/install/share/tracetools_launch/launch
copying launch/example.launch.py -> /home/w0x7ce/Desktop/microros_ws/firmware/mcu_ws/install/share/tracetools_launch/launch
copying launch/example.launch.yaml -> /home/w0x7ce/Desktop/microros_ws/firmware/mcu_ws/install/share/tracetools_launch/launch
copying launch/example.launch.xml -> /home/w0x7ce/Desktop/microros_ws/firmware/mcu_ws/install/share/tracetools_launch/launch
copying resource/tracetools_launch -> /home/w0x7ce/Desktop/microros_ws/firmware/mcu_ws/install/share/ament_index/resource_index/packages
running install_egg_info
Copying ../../../build/tracetools_launch/tracetools_launch.egg-info to /home/w0x7ce/Desktop/microros_ws/firmware/mcu_ws/install/lib/python3.12/site-packages/tracetools_launch-8.2.1-py3.12.egg-info
running install_scripts
writing list of installed files to '/home/w0x7ce/Desktop/microros_ws/firmware/mcu_ws/build/tracetools_launch/install.log'
