Not searching for unused variables given on the command line.
-- Found ament_cmake: 2.5.2 (/home/w0x7ce/Desktop/microros_ws/firmware/dev_ws/install/ament_cmake/share/ament_cmake/cmake)
-- Found Python3: /usr/bin/python3 (found version "3.12.3") found components: Interpreter
-- Configuring done (0.3s)
-- Generating done (0.0s)
-- Build files have been written to: /home/w0x7ce/Desktop/microros_ws/firmware/mcu_ws/build/rosidl_default_runtime
Change Dir: '/home/w0x7ce/Desktop/microros_ws/firmware/mcu_ws/build/rosidl_default_runtime'

Run Build Command(s): /usr/bin/cmake -E env VERBOSE=1 /usr/bin/gmake -f Makefile -j16 -l16
/usr/bin/cmake -S/home/w0x7ce/Desktop/microros_ws/firmware/mcu_ws/ros2/rosidl_defaults/rosidl_default_runtime -B/home/w0x7ce/Desktop/microros_ws/firmware/mcu_ws/build/rosidl_default_runtime --check-build-system CMakeFiles/Makefile.cmake 0
/usr/bin/cmake -E cmake_progress_start /home/w0x7ce/Desktop/microros_ws/firmware/mcu_ws/build/rosidl_default_runtime/CMakeFiles /home/w0x7ce/Desktop/microros_ws/firmware/mcu_ws/build/rosidl_default_runtime//CMakeFiles/progress.marks
/usr/bin/gmake  -f CMakeFiles/Makefile2 all
gmake[1]: Entering directory '/home/w0x7ce/Desktop/microros_ws/firmware/mcu_ws/build/rosidl_default_runtime'
gmake[1]: Nothing to be done for 'all'.
gmake[1]: Leaving directory '/home/w0x7ce/Desktop/microros_ws/firmware/mcu_ws/build/rosidl_default_runtime'
/usr/bin/cmake -E cmake_progress_start /home/w0x7ce/Desktop/microros_ws/firmware/mcu_ws/build/rosidl_default_runtime/CMakeFiles 0

-- Install configuration: "Release"
-- Installing: /home/w0x7ce/Desktop/microros_ws/firmware/mcu_ws/install/share/ament_index/resource_index/package_run_dependencies/rosidl_default_runtime
-- Installing: /home/w0x7ce/Desktop/microros_ws/firmware/mcu_ws/install/share/ament_index/resource_index/parent_prefix_path/rosidl_default_runtime
-- Installing: /home/w0x7ce/Desktop/microros_ws/firmware/mcu_ws/install/share/rosidl_default_runtime/environment/ament_prefix_path.sh
-- Installing: /home/w0x7ce/Desktop/microros_ws/firmware/mcu_ws/install/share/rosidl_default_runtime/environment/ament_prefix_path.dsv
-- Installing: /home/w0x7ce/Desktop/microros_ws/firmware/mcu_ws/install/share/rosidl_default_runtime/environment/path.sh
-- Installing: /home/w0x7ce/Desktop/microros_ws/firmware/mcu_ws/install/share/rosidl_default_runtime/environment/path.dsv
-- Installing: /home/w0x7ce/Desktop/microros_ws/firmware/mcu_ws/install/share/rosidl_default_runtime/local_setup.bash
-- Installing: /home/w0x7ce/Desktop/microros_ws/firmware/mcu_ws/install/share/rosidl_default_runtime/local_setup.sh
-- Installing: /home/w0x7ce/Desktop/microros_ws/firmware/mcu_ws/install/share/rosidl_default_runtime/local_setup.zsh
-- Installing: /home/w0x7ce/Desktop/microros_ws/firmware/mcu_ws/install/share/rosidl_default_runtime/local_setup.dsv
-- Installing: /home/w0x7ce/Desktop/microros_ws/firmware/mcu_ws/install/share/rosidl_default_runtime/package.dsv
-- Installing: /home/w0x7ce/Desktop/microros_ws/firmware/mcu_ws/install/share/ament_index/resource_index/packages/rosidl_default_runtime
-- Installing: /home/w0x7ce/Desktop/microros_ws/firmware/mcu_ws/install/share/rosidl_default_runtime/cmake/ament_cmake_export_dependencies-extras.cmake
-- Installing: /home/w0x7ce/Desktop/microros_ws/firmware/mcu_ws/install/share/rosidl_default_runtime/cmake/rosidl_default_runtimeConfig.cmake
-- Installing: /home/w0x7ce/Desktop/microros_ws/firmware/mcu_ws/install/share/rosidl_default_runtime/cmake/rosidl_default_runtimeConfig-version.cmake
-- Installing: /home/w0x7ce/Desktop/microros_ws/firmware/mcu_ws/install/share/rosidl_default_runtime/package.xml
