Not searching for unused variables given on the command line.
-- The C compiler identification is GNU 10.2.0
-- The CXX compiler identification is GNU 10.2.0
-- Detecting C compiler ABI info
-- Detecting C compiler ABI info - done
-- Check for working C compiler: /home/w0x7ce/toolchain_gcc_t-head_linux/bin/riscv64-unknown-elf-gcc - skipped
-- Detecting C compile features
-- Detecting C compile features - done
-- Detecting CXX compiler ABI info
-- Detecting CXX compiler ABI info - done
-- Check for working CXX compiler: /home/w0x7ce/toolchain_gcc_t-head_linux/bin/riscv64-unknown-elf-g++ - skipped
-- Detecting CXX compile features
-- Detecting CXX compile features - done
-- Found ament_cmake_ros: 0.12.0 (/home/w0x7ce/Desktop/microros_ws/firmware/dev_ws/install/ament_cmake_ros/share/ament_cmake_ros/cmake)
-- Found Python3: /usr/bin/python3 (found version "3.12.3") found components: Interpreter
-- Found rcutils: 6.7.1 (/home/w0x7ce/Desktop/microros_ws/firmware/mcu_ws/install/share/rcutils/cmake)
[33mCMake Warning at /home/w0x7ce/Desktop/microros_ws/firmware/mcu_ws/install/share/rcutils/cmake/ament_cmake_export_libraries-extras.cmake:116 (message):
  Package 'rcutils' exports library 'dl' which couldn't be found
Call Stack (most recent call first):
  /home/w0x7ce/Desktop/microros_ws/firmware/mcu_ws/install/share/rcutils/cmake/rcutilsConfig.cmake:41 (include)
  CMakeLists.txt:34 (find_package)

[0m
-- Found rosidl_runtime_c: 4.6.3 (/home/w0x7ce/Desktop/microros_ws/firmware/mcu_ws/install/share/rosidl_runtime_c/cmake)
-- Configuring done (0.7s)
-- Generating done (0.0s)
-- Build files have been written to: /home/w0x7ce/Desktop/microros_ws/firmware/mcu_ws/build/rosidl_typesupport_c
Change Dir: '/home/w0x7ce/Desktop/microros_ws/firmware/mcu_ws/build/rosidl_typesupport_c'

Run Build Command(s): /usr/bin/cmake -E env VERBOSE=1 /usr/bin/gmake -f Makefile -j16 -l16
/usr/bin/cmake -S/home/w0x7ce/Desktop/microros_ws/firmware/mcu_ws/uros/rosidl_typesupport/rosidl_typesupport_c -B/home/w0x7ce/Desktop/microros_ws/firmware/mcu_ws/build/rosidl_typesupport_c --check-build-system CMakeFiles/Makefile.cmake 0
/usr/bin/cmake -E cmake_progress_start /home/w0x7ce/Desktop/microros_ws/firmware/mcu_ws/build/rosidl_typesupport_c/CMakeFiles /home/w0x7ce/Desktop/microros_ws/firmware/mcu_ws/build/rosidl_typesupport_c//CMakeFiles/progress.marks
/usr/bin/gmake  -f CMakeFiles/Makefile2 all
gmake[1]: Entering directory '/home/w0x7ce/Desktop/microros_ws/firmware/mcu_ws/build/rosidl_typesupport_c'
/usr/bin/gmake  -f CMakeFiles/ament_cmake_python_copy_rosidl_typesupport_c_setup.dir/build.make CMakeFiles/ament_cmake_python_copy_rosidl_typesupport_c_setup.dir/depend
/usr/bin/gmake  -f CMakeFiles/ament_cmake_python_copy_rosidl_typesupport_c.dir/build.make CMakeFiles/ament_cmake_python_copy_rosidl_typesupport_c.dir/depend
/usr/bin/gmake  -f CMakeFiles/rosidl_typesupport_c.dir/build.make CMakeFiles/rosidl_typesupport_c.dir/depend
gmake[2]: Entering directory '/home/w0x7ce/Desktop/microros_ws/firmware/mcu_ws/build/rosidl_typesupport_c'
cd /home/w0x7ce/Desktop/microros_ws/firmware/mcu_ws/build/rosidl_typesupport_c && /usr/bin/cmake -E cmake_depends "Unix Makefiles" /home/w0x7ce/Desktop/microros_ws/firmware/mcu_ws/uros/rosidl_typesupport/rosidl_typesupport_c /home/w0x7ce/Desktop/microros_ws/firmware/mcu_ws/uros/rosidl_typesupport/rosidl_typesupport_c /home/w0x7ce/Desktop/microros_ws/firmware/mcu_ws/build/rosidl_typesupport_c /home/w0x7ce/Desktop/microros_ws/firmware/mcu_ws/build/rosidl_typesupport_c /home/w0x7ce/Desktop/microros_ws/firmware/mcu_ws/build/rosidl_typesupport_c/CMakeFiles/ament_cmake_python_copy_rosidl_typesupport_c_setup.dir/DependInfo.cmake "--color="
gmake[2]: Entering directory '/home/w0x7ce/Desktop/microros_ws/firmware/mcu_ws/build/rosidl_typesupport_c'
cd /home/w0x7ce/Desktop/microros_ws/firmware/mcu_ws/build/rosidl_typesupport_c && /usr/bin/cmake -E cmake_depends "Unix Makefiles" /home/w0x7ce/Desktop/microros_ws/firmware/mcu_ws/uros/rosidl_typesupport/rosidl_typesupport_c /home/w0x7ce/Desktop/microros_ws/firmware/mcu_ws/uros/rosidl_typesupport/rosidl_typesupport_c /home/w0x7ce/Desktop/microros_ws/firmware/mcu_ws/build/rosidl_typesupport_c /home/w0x7ce/Desktop/microros_ws/firmware/mcu_ws/build/rosidl_typesupport_c /home/w0x7ce/Desktop/microros_ws/firmware/mcu_ws/build/rosidl_typesupport_c/CMakeFiles/ament_cmake_python_copy_rosidl_typesupport_c.dir/DependInfo.cmake "--color="
gmake[2]: Entering directory '/home/w0x7ce/Desktop/microros_ws/firmware/mcu_ws/build/rosidl_typesupport_c'
cd /home/w0x7ce/Desktop/microros_ws/firmware/mcu_ws/build/rosidl_typesupport_c && /usr/bin/cmake -E cmake_depends "Unix Makefiles" /home/w0x7ce/Desktop/microros_ws/firmware/mcu_ws/uros/rosidl_typesupport/rosidl_typesupport_c /home/w0x7ce/Desktop/microros_ws/firmware/mcu_ws/uros/rosidl_typesupport/rosidl_typesupport_c /home/w0x7ce/Desktop/microros_ws/firmware/mcu_ws/build/rosidl_typesupport_c /home/w0x7ce/Desktop/microros_ws/firmware/mcu_ws/build/rosidl_typesupport_c /home/w0x7ce/Desktop/microros_ws/firmware/mcu_ws/build/rosidl_typesupport_c/CMakeFiles/rosidl_typesupport_c.dir/DependInfo.cmake "--color="
gmake[2]: Leaving directory '/home/w0x7ce/Desktop/microros_ws/firmware/mcu_ws/build/rosidl_typesupport_c'
/usr/bin/gmake  -f CMakeFiles/ament_cmake_python_copy_rosidl_typesupport_c_setup.dir/build.make CMakeFiles/ament_cmake_python_copy_rosidl_typesupport_c_setup.dir/build
gmake[2]: Leaving directory '/home/w0x7ce/Desktop/microros_ws/firmware/mcu_ws/build/rosidl_typesupport_c'
/usr/bin/gmake  -f CMakeFiles/ament_cmake_python_copy_rosidl_typesupport_c.dir/build.make CMakeFiles/ament_cmake_python_copy_rosidl_typesupport_c.dir/build
gmake[2]: Leaving directory '/home/w0x7ce/Desktop/microros_ws/firmware/mcu_ws/build/rosidl_typesupport_c'
/usr/bin/gmake  -f CMakeFiles/rosidl_typesupport_c.dir/build.make CMakeFiles/rosidl_typesupport_c.dir/build
gmake[2]: Entering directory '/home/w0x7ce/Desktop/microros_ws/firmware/mcu_ws/build/rosidl_typesupport_c'
/usr/bin/cmake -E copy /home/w0x7ce/Desktop/microros_ws/firmware/mcu_ws/uros/rosidl_typesupport/rosidl_typesupport_c/setup.cfg /home/w0x7ce/Desktop/microros_ws/firmware/mcu_ws/build/rosidl_typesupport_c/ament_cmake_python/rosidl_typesupport_c/setup.cfg
gmake[2]: Entering directory '/home/w0x7ce/Desktop/microros_ws/firmware/mcu_ws/build/rosidl_typesupport_c'
/usr/bin/cmake -E copy_directory /home/w0x7ce/Desktop/microros_ws/firmware/mcu_ws/uros/rosidl_typesupport/rosidl_typesupport_c/rosidl_typesupport_c /home/w0x7ce/Desktop/microros_ws/firmware/mcu_ws/build/rosidl_typesupport_c/ament_cmake_python/rosidl_typesupport_c/rosidl_typesupport_c
gmake[2]: Entering directory '/home/w0x7ce/Desktop/microros_ws/firmware/mcu_ws/build/rosidl_typesupport_c'
gmake[2]: Leaving directory '/home/w0x7ce/Desktop/microros_ws/firmware/mcu_ws/build/rosidl_typesupport_c'
gmake[2]: Leaving directory '/home/w0x7ce/Desktop/microros_ws/firmware/mcu_ws/build/rosidl_typesupport_c'
[ 25%] [32mBuilding C object CMakeFiles/rosidl_typesupport_c.dir/src/identifier.c.obj[0m
[ 50%] [32mBuilding CXX object CMakeFiles/rosidl_typesupport_c.dir/src/message_type_support_dispatch.cpp.obj[0m
[ 75%] [32mBuilding CXX object CMakeFiles/rosidl_typesupport_c.dir/src/service_type_support_dispatch.cpp.obj[0m
/home/w0x7ce/toolchain_gcc_t-head_linux/bin/riscv64-unknown-elf-gcc -DARCH_RISCV -DBFLB_CRYPT_HARDWARE -DBFLB_PKA_HARDWARE -DCLOCK_MONOTONIC=0 -DRCUTILS_CUSTOM_TIME_IMPL -DRCUTILS_NO_64_ATOMIC -DROSIDL_TYPESUPPORT_STATIC_TYPESUPPORT -DROS_PACKAGE_NAME=\"rosidl_typesupport_c\" -DUCLIENT_PLATFORM_RISCV -DUCLIENT_PROFILE_TCP=OFF -DUCLIENT_PROFILE_UDP=OFF -D_POSIX_TIMERS -I/home/w0x7ce/Desktop/microros_ws/firmware/mcu_ws/uros/rosidl_typesupport/rosidl_typesupport_c/include -isystem /home/w0x7ce/Desktop/microros_ws/firmware/mcu_ws/install/include/rosidl_runtime_c -isystem /home/w0x7ce/Desktop/microros_ws/firmware/mcu_ws/install/include/rcutils -isystem /home/w0x7ce/Desktop/microros_ws/firmware/mcu_ws/install/include/rosidl_typesupport_interface -std=gnu99 -march=rv32imac -mabi=ilp32 -mcmodel=medlow -ffunction-sections -fdata-sections -fstrict-volatile-bitfields -fno-zero-initialized-in-bss -Os -ggdb -Wall -mno-save-restore -fmessage-length=0 -fsigned-char -ffunction-sections -fdata-sections -fno-common -O3 -DNDEBUG -std=gnu11 -Wall -Wextra -Wpedantic -MD -MT CMakeFiles/rosidl_typesupport_c.dir/src/identifier.c.obj -MF CMakeFiles/rosidl_typesupport_c.dir/src/identifier.c.obj.d -o CMakeFiles/rosidl_typesupport_c.dir/src/identifier.c.obj -c /home/w0x7ce/Desktop/microros_ws/firmware/mcu_ws/uros/rosidl_typesupport/rosidl_typesupport_c/src/identifier.c
/home/w0x7ce/toolchain_gcc_t-head_linux/bin/riscv64-unknown-elf-g++ -DARCH_RISCV -DBFLB_CRYPT_HARDWARE -DBFLB_PKA_HARDWARE -DCLOCK_MONOTONIC=0 -DRCUTILS_CUSTOM_TIME_IMPL -DRCUTILS_NO_64_ATOMIC -DROSIDL_TYPESUPPORT_STATIC_TYPESUPPORT -DROS_PACKAGE_NAME=\"rosidl_typesupport_c\" -DUCLIENT_PLATFORM_RISCV -DUCLIENT_PROFILE_TCP=OFF -DUCLIENT_PROFILE_UDP=OFF -D_POSIX_TIMERS -I/home/w0x7ce/Desktop/microros_ws/firmware/mcu_ws/uros/rosidl_typesupport/rosidl_typesupport_c/include -isystem /home/w0x7ce/Desktop/microros_ws/firmware/mcu_ws/install/include/rosidl_runtime_c -isystem /home/w0x7ce/Desktop/microros_ws/firmware/mcu_ws/install/include/rcutils -isystem /home/w0x7ce/Desktop/microros_ws/firmware/mcu_ws/install/include/rosidl_typesupport_interface -std=gnu++11 -march=rv32imac -mabi=ilp32 -mcmodel=medlow -ffunction-sections -fdata-sections -fstrict-volatile-bitfields -fno-zero-initialized-in-bss -Os -ggdb -Wall -mno-save-restore -fmessage-length=0 -fsigned-char -ffunction-sections -fdata-sections -fno-common -fno-rtti -fno-exceptions -O3 -DNDEBUG -std=gnu++17 -Wall -Wextra -Wpedantic -MD -MT CMakeFiles/rosidl_typesupport_c.dir/src/message_type_support_dispatch.cpp.obj -MF CMakeFiles/rosidl_typesupport_c.dir/src/message_type_support_dispatch.cpp.obj.d -o CMakeFiles/rosidl_typesupport_c.dir/src/message_type_support_dispatch.cpp.obj -c /home/w0x7ce/Desktop/microros_ws/firmware/mcu_ws/uros/rosidl_typesupport/rosidl_typesupport_c/src/message_type_support_dispatch.cpp
/home/w0x7ce/toolchain_gcc_t-head_linux/bin/riscv64-unknown-elf-g++ -DARCH_RISCV -DBFLB_CRYPT_HARDWARE -DBFLB_PKA_HARDWARE -DCLOCK_MONOTONIC=0 -DRCUTILS_CUSTOM_TIME_IMPL -DRCUTILS_NO_64_ATOMIC -DROSIDL_TYPESUPPORT_STATIC_TYPESUPPORT -DROS_PACKAGE_NAME=\"rosidl_typesupport_c\" -DUCLIENT_PLATFORM_RISCV -DUCLIENT_PROFILE_TCP=OFF -DUCLIENT_PROFILE_UDP=OFF -D_POSIX_TIMERS -I/home/w0x7ce/Desktop/microros_ws/firmware/mcu_ws/uros/rosidl_typesupport/rosidl_typesupport_c/include -isystem /home/w0x7ce/Desktop/microros_ws/firmware/mcu_ws/install/include/rosidl_runtime_c -isystem /home/w0x7ce/Desktop/microros_ws/firmware/mcu_ws/install/include/rcutils -isystem /home/w0x7ce/Desktop/microros_ws/firmware/mcu_ws/install/include/rosidl_typesupport_interface -std=gnu++11 -march=rv32imac -mabi=ilp32 -mcmodel=medlow -ffunction-sections -fdata-sections -fstrict-volatile-bitfields -fno-zero-initialized-in-bss -Os -ggdb -Wall -mno-save-restore -fmessage-length=0 -fsigned-char -ffunction-sections -fdata-sections -fno-common -fno-rtti -fno-exceptions -O3 -DNDEBUG -std=gnu++17 -Wall -Wextra -Wpedantic -MD -MT CMakeFiles/rosidl_typesupport_c.dir/src/service_type_support_dispatch.cpp.obj -MF CMakeFiles/rosidl_typesupport_c.dir/src/service_type_support_dispatch.cpp.obj.d -o CMakeFiles/rosidl_typesupport_c.dir/src/service_type_support_dispatch.cpp.obj -c /home/w0x7ce/Desktop/microros_ws/firmware/mcu_ws/uros/rosidl_typesupport/rosidl_typesupport_c/src/service_type_support_dispatch.cpp
[ 75%] Built target ament_cmake_python_copy_rosidl_typesupport_c_setup
[ 75%] Built target ament_cmake_python_copy_rosidl_typesupport_c
/usr/bin/gmake  -f CMakeFiles/ament_cmake_python_build_rosidl_typesupport_c_egg.dir/build.make CMakeFiles/ament_cmake_python_build_rosidl_typesupport_c_egg.dir/depend
gmake[2]: Entering directory '/home/w0x7ce/Desktop/microros_ws/firmware/mcu_ws/build/rosidl_typesupport_c'
cd /home/w0x7ce/Desktop/microros_ws/firmware/mcu_ws/build/rosidl_typesupport_c && /usr/bin/cmake -E cmake_depends "Unix Makefiles" /home/w0x7ce/Desktop/microros_ws/firmware/mcu_ws/uros/rosidl_typesupport/rosidl_typesupport_c /home/w0x7ce/Desktop/microros_ws/firmware/mcu_ws/uros/rosidl_typesupport/rosidl_typesupport_c /home/w0x7ce/Desktop/microros_ws/firmware/mcu_ws/build/rosidl_typesupport_c /home/w0x7ce/Desktop/microros_ws/firmware/mcu_ws/build/rosidl_typesupport_c /home/w0x7ce/Desktop/microros_ws/firmware/mcu_ws/build/rosidl_typesupport_c/CMakeFiles/ament_cmake_python_build_rosidl_typesupport_c_egg.dir/DependInfo.cmake "--color="
gmake[2]: Leaving directory '/home/w0x7ce/Desktop/microros_ws/firmware/mcu_ws/build/rosidl_typesupport_c'
/usr/bin/gmake  -f CMakeFiles/ament_cmake_python_build_rosidl_typesupport_c_egg.dir/build.make CMakeFiles/ament_cmake_python_build_rosidl_typesupport_c_egg.dir/build
gmake[2]: Entering directory '/home/w0x7ce/Desktop/microros_ws/firmware/mcu_ws/build/rosidl_typesupport_c'
cd /home/w0x7ce/Desktop/microros_ws/firmware/mcu_ws/build/rosidl_typesupport_c/ament_cmake_python/rosidl_typesupport_c && /usr/bin/python3 setup.py egg_info
[100%] [32m[1mLinking CXX static library librosidl_typesupport_c.a[0m
/usr/bin/cmake -P CMakeFiles/rosidl_typesupport_c.dir/cmake_clean_target.cmake
/usr/bin/cmake -E cmake_link_script CMakeFiles/rosidl_typesupport_c.dir/link.txt --verbose=1
/home/w0x7ce/toolchain_gcc_t-head_linux/bin/riscv64-unknown-elf-ar qc librosidl_typesupport_c.a CMakeFiles/rosidl_typesupport_c.dir/src/identifier.c.obj CMakeFiles/rosidl_typesupport_c.dir/src/message_type_support_dispatch.cpp.obj CMakeFiles/rosidl_typesupport_c.dir/src/service_type_support_dispatch.cpp.obj
/home/w0x7ce/toolchain_gcc_t-head_linux/bin/riscv64-unknown-elf-ranlib librosidl_typesupport_c.a
gmake[2]: Leaving directory '/home/w0x7ce/Desktop/microros_ws/firmware/mcu_ws/build/rosidl_typesupport_c'
[100%] Built target rosidl_typesupport_c
running egg_info
creating rosidl_typesupport_c.egg-info
writing rosidl_typesupport_c.egg-info/PKG-INFO
writing dependency_links to rosidl_typesupport_c.egg-info/dependency_links.txt
writing entry points to rosidl_typesupport_c.egg-info/entry_points.txt
writing top-level names to rosidl_typesupport_c.egg-info/top_level.txt
writing manifest file 'rosidl_typesupport_c.egg-info/SOURCES.txt'
reading manifest file 'rosidl_typesupport_c.egg-info/SOURCES.txt'
writing manifest file 'rosidl_typesupport_c.egg-info/SOURCES.txt'
gmake[2]: Leaving directory '/home/w0x7ce/Desktop/microros_ws/firmware/mcu_ws/build/rosidl_typesupport_c'
[100%] Built target ament_cmake_python_build_rosidl_typesupport_c_egg
gmake[1]: Leaving directory '/home/w0x7ce/Desktop/microros_ws/firmware/mcu_ws/build/rosidl_typesupport_c'
/usr/bin/cmake -E cmake_progress_start /home/w0x7ce/Desktop/microros_ws/firmware/mcu_ws/build/rosidl_typesupport_c/CMakeFiles 0

-- Install configuration: "Release"
-- Installing: /home/w0x7ce/Desktop/microros_ws/firmware/mcu_ws/install/share/rosidl_typesupport_c/environment/pythonpath.sh
-- Installing: /home/w0x7ce/Desktop/microros_ws/firmware/mcu_ws/install/share/rosidl_typesupport_c/environment/pythonpath.dsv
-- Installing: /home/w0x7ce/Desktop/microros_ws/firmware/mcu_ws/install/lib/python3.12/site-packages/rosidl_typesupport_c-3.2.2-py3.12.egg-info
-- Installing: /home/w0x7ce/Desktop/microros_ws/firmware/mcu_ws/install/lib/python3.12/site-packages/rosidl_typesupport_c-3.2.2-py3.12.egg-info/PKG-INFO
-- Installing: /home/w0x7ce/Desktop/microros_ws/firmware/mcu_ws/install/lib/python3.12/site-packages/rosidl_typesupport_c-3.2.2-py3.12.egg-info/SOURCES.txt
-- Installing: /home/w0x7ce/Desktop/microros_ws/firmware/mcu_ws/install/lib/python3.12/site-packages/rosidl_typesupport_c-3.2.2-py3.12.egg-info/dependency_links.txt
-- Installing: /home/w0x7ce/Desktop/microros_ws/firmware/mcu_ws/install/lib/python3.12/site-packages/rosidl_typesupport_c-3.2.2-py3.12.egg-info/top_level.txt
-- Installing: /home/w0x7ce/Desktop/microros_ws/firmware/mcu_ws/install/lib/python3.12/site-packages/rosidl_typesupport_c-3.2.2-py3.12.egg-info/entry_points.txt
-- Installing: /home/w0x7ce/Desktop/microros_ws/firmware/mcu_ws/install/lib/python3.12/site-packages/rosidl_typesupport_c
-- Installing: /home/w0x7ce/Desktop/microros_ws/firmware/mcu_ws/install/lib/python3.12/site-packages/rosidl_typesupport_c/__init__.py
-- Installing: /home/w0x7ce/Desktop/microros_ws/firmware/mcu_ws/install/lib/python3.12/site-packages/rosidl_typesupport_c/cli.py
Listing '/home/w0x7ce/Desktop/microros_ws/firmware/mcu_ws/install/lib/python3.12/site-packages/rosidl_typesupport_c'...
Compiling '/home/w0x7ce/Desktop/microros_ws/firmware/mcu_ws/install/lib/python3.12/site-packages/rosidl_typesupport_c/__init__.py'...
Compiling '/home/w0x7ce/Desktop/microros_ws/firmware/mcu_ws/install/lib/python3.12/site-packages/rosidl_typesupport_c/cli.py'...
-- Installing: /home/w0x7ce/Desktop/microros_ws/firmware/mcu_ws/install/share/rosidl_typesupport_c/environment/library_path.sh
-- Installing: /home/w0x7ce/Desktop/microros_ws/firmware/mcu_ws/install/share/rosidl_typesupport_c/environment/library_path.dsv
-- Installing: /home/w0x7ce/Desktop/microros_ws/firmware/mcu_ws/install/share/ament_index/resource_index/rosidl_runtime_packages/rosidl_typesupport_c
-- Installing: /home/w0x7ce/Desktop/microros_ws/firmware/mcu_ws/install/share/ament_index/resource_index/package_run_dependencies/rosidl_typesupport_c
-- Installing: /home/w0x7ce/Desktop/microros_ws/firmware/mcu_ws/install/share/ament_index/resource_index/parent_prefix_path/rosidl_typesupport_c
-- Installing: /home/w0x7ce/Desktop/microros_ws/firmware/mcu_ws/install/share/rosidl_typesupport_c/environment/ament_prefix_path.sh
-- Installing: /home/w0x7ce/Desktop/microros_ws/firmware/mcu_ws/install/share/rosidl_typesupport_c/environment/ament_prefix_path.dsv
-- Installing: /home/w0x7ce/Desktop/microros_ws/firmware/mcu_ws/install/share/rosidl_typesupport_c/environment/path.sh
-- Installing: /home/w0x7ce/Desktop/microros_ws/firmware/mcu_ws/install/share/rosidl_typesupport_c/environment/path.dsv
-- Installing: /home/w0x7ce/Desktop/microros_ws/firmware/mcu_ws/install/share/rosidl_typesupport_c/local_setup.bash
-- Installing: /home/w0x7ce/Desktop/microros_ws/firmware/mcu_ws/install/share/rosidl_typesupport_c/local_setup.sh
-- Installing: /home/w0x7ce/Desktop/microros_ws/firmware/mcu_ws/install/share/rosidl_typesupport_c/local_setup.zsh
-- Installing: /home/w0x7ce/Desktop/microros_ws/firmware/mcu_ws/install/share/rosidl_typesupport_c/local_setup.dsv
-- Installing: /home/w0x7ce/Desktop/microros_ws/firmware/mcu_ws/install/share/rosidl_typesupport_c/package.dsv
-- Installing: /home/w0x7ce/Desktop/microros_ws/firmware/mcu_ws/install/share/ament_index/resource_index/packages/rosidl_typesupport_c
-- Installing: /home/w0x7ce/Desktop/microros_ws/firmware/mcu_ws/install/share/rosidl_typesupport_c/cmake/rosidl_typesupport_cExport.cmake
-- Installing: /home/w0x7ce/Desktop/microros_ws/firmware/mcu_ws/install/share/rosidl_typesupport_c/cmake/rosidl_typesupport_cExport-release.cmake
-- Installing: /home/w0x7ce/Desktop/microros_ws/firmware/mcu_ws/install/share/rosidl_typesupport_c/cmake/rosidl_typesupport_c-extras.cmake
-- Installing: /home/w0x7ce/Desktop/microros_ws/firmware/mcu_ws/install/share/rosidl_typesupport_c/cmake/ament_cmake_export_dependencies-extras.cmake
-- Installing: /home/w0x7ce/Desktop/microros_ws/firmware/mcu_ws/install/share/rosidl_typesupport_c/cmake/ament_cmake_export_include_directories-extras.cmake
-- Installing: /home/w0x7ce/Desktop/microros_ws/firmware/mcu_ws/install/share/rosidl_typesupport_c/cmake/ament_cmake_export_libraries-extras.cmake
-- Installing: /home/w0x7ce/Desktop/microros_ws/firmware/mcu_ws/install/share/rosidl_typesupport_c/cmake/ament_cmake_export_targets-extras.cmake
-- Installing: /home/w0x7ce/Desktop/microros_ws/firmware/mcu_ws/install/share/rosidl_typesupport_c/cmake/rosidl_typesupport_cConfig.cmake
-- Installing: /home/w0x7ce/Desktop/microros_ws/firmware/mcu_ws/install/share/rosidl_typesupport_c/cmake/rosidl_typesupport_cConfig-version.cmake
-- Installing: /home/w0x7ce/Desktop/microros_ws/firmware/mcu_ws/install/share/rosidl_typesupport_c/package.xml
-- Installing: /home/w0x7ce/Desktop/microros_ws/firmware/mcu_ws/install/lib/rosidl_typesupport_c/rosidl_typesupport_c
-- Up-to-date: /home/w0x7ce/Desktop/microros_ws/firmware/mcu_ws/install/share/rosidl_typesupport_c/cmake
-- Installing: /home/w0x7ce/Desktop/microros_ws/firmware/mcu_ws/install/share/rosidl_typesupport_c/cmake/get_used_typesupports.cmake
-- Installing: /home/w0x7ce/Desktop/microros_ws/firmware/mcu_ws/install/share/rosidl_typesupport_c/cmake/rosidl_typesupport_c_generate_interfaces.cmake
-- Installing: /home/w0x7ce/Desktop/microros_ws/firmware/mcu_ws/install/share/rosidl_typesupport_c/resource
-- Installing: /home/w0x7ce/Desktop/microros_ws/firmware/mcu_ws/install/share/rosidl_typesupport_c/resource/msg__type_support.cpp.em
-- Installing: /home/w0x7ce/Desktop/microros_ws/firmware/mcu_ws/install/share/rosidl_typesupport_c/resource/idl__type_support.cpp.em
-- Installing: /home/w0x7ce/Desktop/microros_ws/firmware/mcu_ws/install/share/rosidl_typesupport_c/resource/action__type_support.c.em
-- Installing: /home/w0x7ce/Desktop/microros_ws/firmware/mcu_ws/install/share/rosidl_typesupport_c/resource/srv__type_support.cpp.em
-- Installing: /home/w0x7ce/Desktop/microros_ws/firmware/mcu_ws/install/include/rosidl_typesupport_c
-- Installing: /home/w0x7ce/Desktop/microros_ws/firmware/mcu_ws/install/include/rosidl_typesupport_c/rosidl_typesupport_c
-- Installing: /home/w0x7ce/Desktop/microros_ws/firmware/mcu_ws/install/include/rosidl_typesupport_c/rosidl_typesupport_c/type_support_map.h
-- Installing: /home/w0x7ce/Desktop/microros_ws/firmware/mcu_ws/install/include/rosidl_typesupport_c/rosidl_typesupport_c/identifier.h
-- Installing: /home/w0x7ce/Desktop/microros_ws/firmware/mcu_ws/install/include/rosidl_typesupport_c/rosidl_typesupport_c/message_type_support_dispatch.h
-- Installing: /home/w0x7ce/Desktop/microros_ws/firmware/mcu_ws/install/include/rosidl_typesupport_c/rosidl_typesupport_c/service_type_support_dispatch.h
-- Installing: /home/w0x7ce/Desktop/microros_ws/firmware/mcu_ws/install/include/rosidl_typesupport_c/rosidl_typesupport_c/visibility_control.h
-- Installing: /home/w0x7ce/Desktop/microros_ws/firmware/mcu_ws/install/lib/librosidl_typesupport_c.a
