Not searching for unused variables given on the command line.
-- Found ament_cmake: 2.5.2 (/home/w0x7ce/Desktop/microros_ws/firmware/dev_ws/install/ament_cmake/share/ament_cmake/cmake)
-- Found Python3: /usr/bin/python3 (found version "3.12.3") found components: Interpreter
-- Configuring done (0.4s)
-- Generating done (0.0s)
-- Build files have been written to: /home/w0x7ce/Desktop/microros_ws/firmware/mcu_ws/build/rosidl_cmake
Change Dir: '/home/w0x7ce/Desktop/microros_ws/firmware/mcu_ws/build/rosidl_cmake'

Run Build Command(s): /usr/bin/cmake -E env VERBOSE=1 /usr/bin/gmake -f Makefile -j16 -l16
/usr/bin/cmake -S/home/w0x7ce/Desktop/microros_ws/firmware/mcu_ws/ros2/rosidl/rosidl_cmake -B/home/w0x7ce/Desktop/microros_ws/firmware/mcu_ws/build/rosidl_cmake --check-build-system CMakeFiles/Makefile.cmake 0
/usr/bin/cmake -E cmake_progress_start /home/w0x7ce/Desktop/microros_ws/firmware/mcu_ws/build/rosidl_cmake/CMakeFiles /home/w0x7ce/Desktop/microros_ws/firmware/mcu_ws/build/rosidl_cmake//CMakeFiles/progress.marks
/usr/bin/gmake  -f CMakeFiles/Makefile2 all
gmake[1]: Entering directory '/home/w0x7ce/Desktop/microros_ws/firmware/mcu_ws/build/rosidl_cmake'
/usr/bin/gmake  -f CMakeFiles/ament_cmake_python_copy_rosidl_cmake.dir/build.make CMakeFiles/ament_cmake_python_copy_rosidl_cmake.dir/depend
gmake[2]: Entering directory '/home/w0x7ce/Desktop/microros_ws/firmware/mcu_ws/build/rosidl_cmake'
cd /home/w0x7ce/Desktop/microros_ws/firmware/mcu_ws/build/rosidl_cmake && /usr/bin/cmake -E cmake_depends "Unix Makefiles" /home/w0x7ce/Desktop/microros_ws/firmware/mcu_ws/ros2/rosidl/rosidl_cmake /home/w0x7ce/Desktop/microros_ws/firmware/mcu_ws/ros2/rosidl/rosidl_cmake /home/w0x7ce/Desktop/microros_ws/firmware/mcu_ws/build/rosidl_cmake /home/w0x7ce/Desktop/microros_ws/firmware/mcu_ws/build/rosidl_cmake /home/w0x7ce/Desktop/microros_ws/firmware/mcu_ws/build/rosidl_cmake/CMakeFiles/ament_cmake_python_copy_rosidl_cmake.dir/DependInfo.cmake "--color="
gmake[2]: Leaving directory '/home/w0x7ce/Desktop/microros_ws/firmware/mcu_ws/build/rosidl_cmake'
/usr/bin/gmake  -f CMakeFiles/ament_cmake_python_copy_rosidl_cmake.dir/build.make CMakeFiles/ament_cmake_python_copy_rosidl_cmake.dir/build
gmake[2]: Entering directory '/home/w0x7ce/Desktop/microros_ws/firmware/mcu_ws/build/rosidl_cmake'
/usr/bin/cmake -E copy_directory /home/w0x7ce/Desktop/microros_ws/firmware/mcu_ws/ros2/rosidl/rosidl_cmake/rosidl_cmake /home/w0x7ce/Desktop/microros_ws/firmware/mcu_ws/build/rosidl_cmake/ament_cmake_python/rosidl_cmake/rosidl_cmake
gmake[2]: Leaving directory '/home/w0x7ce/Desktop/microros_ws/firmware/mcu_ws/build/rosidl_cmake'
Built target ament_cmake_python_copy_rosidl_cmake
/usr/bin/gmake  -f CMakeFiles/ament_cmake_python_build_rosidl_cmake_egg.dir/build.make CMakeFiles/ament_cmake_python_build_rosidl_cmake_egg.dir/depend
gmake[2]: Entering directory '/home/w0x7ce/Desktop/microros_ws/firmware/mcu_ws/build/rosidl_cmake'
cd /home/w0x7ce/Desktop/microros_ws/firmware/mcu_ws/build/rosidl_cmake && /usr/bin/cmake -E cmake_depends "Unix Makefiles" /home/w0x7ce/Desktop/microros_ws/firmware/mcu_ws/ros2/rosidl/rosidl_cmake /home/w0x7ce/Desktop/microros_ws/firmware/mcu_ws/ros2/rosidl/rosidl_cmake /home/w0x7ce/Desktop/microros_ws/firmware/mcu_ws/build/rosidl_cmake /home/w0x7ce/Desktop/microros_ws/firmware/mcu_ws/build/rosidl_cmake /home/w0x7ce/Desktop/microros_ws/firmware/mcu_ws/build/rosidl_cmake/CMakeFiles/ament_cmake_python_build_rosidl_cmake_egg.dir/DependInfo.cmake "--color="
gmake[2]: Leaving directory '/home/w0x7ce/Desktop/microros_ws/firmware/mcu_ws/build/rosidl_cmake'
/usr/bin/gmake  -f CMakeFiles/ament_cmake_python_build_rosidl_cmake_egg.dir/build.make CMakeFiles/ament_cmake_python_build_rosidl_cmake_egg.dir/build
gmake[2]: Entering directory '/home/w0x7ce/Desktop/microros_ws/firmware/mcu_ws/build/rosidl_cmake'
cd /home/w0x7ce/Desktop/microros_ws/firmware/mcu_ws/build/rosidl_cmake/ament_cmake_python/rosidl_cmake && /usr/bin/python3 setup.py egg_info
running egg_info
creating rosidl_cmake.egg-info
writing rosidl_cmake.egg-info/PKG-INFO
writing dependency_links to rosidl_cmake.egg-info/dependency_links.txt
writing top-level names to rosidl_cmake.egg-info/top_level.txt
writing manifest file 'rosidl_cmake.egg-info/SOURCES.txt'
reading manifest file 'rosidl_cmake.egg-info/SOURCES.txt'
writing manifest file 'rosidl_cmake.egg-info/SOURCES.txt'
gmake[2]: Leaving directory '/home/w0x7ce/Desktop/microros_ws/firmware/mcu_ws/build/rosidl_cmake'
Built target ament_cmake_python_build_rosidl_cmake_egg
gmake[1]: Leaving directory '/home/w0x7ce/Desktop/microros_ws/firmware/mcu_ws/build/rosidl_cmake'
/usr/bin/cmake -E cmake_progress_start /home/w0x7ce/Desktop/microros_ws/firmware/mcu_ws/build/rosidl_cmake/CMakeFiles 0

-- Install configuration: "Release"
-- Installing: /home/w0x7ce/Desktop/microros_ws/firmware/mcu_ws/install/share/rosidl_cmake/environment/pythonpath.sh
-- Installing: /home/w0x7ce/Desktop/microros_ws/firmware/mcu_ws/install/share/rosidl_cmake/environment/pythonpath.dsv
-- Installing: /home/w0x7ce/Desktop/microros_ws/firmware/mcu_ws/install/lib/python3.12/site-packages/rosidl_cmake-4.6.3-py3.12.egg-info
-- Installing: /home/w0x7ce/Desktop/microros_ws/firmware/mcu_ws/install/lib/python3.12/site-packages/rosidl_cmake-4.6.3-py3.12.egg-info/PKG-INFO
-- Installing: /home/w0x7ce/Desktop/microros_ws/firmware/mcu_ws/install/lib/python3.12/site-packages/rosidl_cmake-4.6.3-py3.12.egg-info/SOURCES.txt
-- Installing: /home/w0x7ce/Desktop/microros_ws/firmware/mcu_ws/install/lib/python3.12/site-packages/rosidl_cmake-4.6.3-py3.12.egg-info/dependency_links.txt
-- Installing: /home/w0x7ce/Desktop/microros_ws/firmware/mcu_ws/install/lib/python3.12/site-packages/rosidl_cmake-4.6.3-py3.12.egg-info/top_level.txt
-- Installing: /home/w0x7ce/Desktop/microros_ws/firmware/mcu_ws/install/lib/python3.12/site-packages/rosidl_cmake
-- Installing: /home/w0x7ce/Desktop/microros_ws/firmware/mcu_ws/install/lib/python3.12/site-packages/rosidl_cmake/__init__.py
Listing '/home/w0x7ce/Desktop/microros_ws/firmware/mcu_ws/install/lib/python3.12/site-packages/rosidl_cmake'...
Compiling '/home/w0x7ce/Desktop/microros_ws/firmware/mcu_ws/install/lib/python3.12/site-packages/rosidl_cmake/__init__.py'...
-- Installing: /home/w0x7ce/Desktop/microros_ws/firmware/mcu_ws/install/share/ament_index/resource_index/package_run_dependencies/rosidl_cmake
-- Installing: /home/w0x7ce/Desktop/microros_ws/firmware/mcu_ws/install/share/ament_index/resource_index/parent_prefix_path/rosidl_cmake
-- Installing: /home/w0x7ce/Desktop/microros_ws/firmware/mcu_ws/install/share/rosidl_cmake/environment/ament_prefix_path.sh
-- Installing: /home/w0x7ce/Desktop/microros_ws/firmware/mcu_ws/install/share/rosidl_cmake/environment/ament_prefix_path.dsv
-- Installing: /home/w0x7ce/Desktop/microros_ws/firmware/mcu_ws/install/share/rosidl_cmake/environment/path.sh
-- Installing: /home/w0x7ce/Desktop/microros_ws/firmware/mcu_ws/install/share/rosidl_cmake/environment/path.dsv
-- Installing: /home/w0x7ce/Desktop/microros_ws/firmware/mcu_ws/install/share/rosidl_cmake/local_setup.bash
-- Installing: /home/w0x7ce/Desktop/microros_ws/firmware/mcu_ws/install/share/rosidl_cmake/local_setup.sh
-- Installing: /home/w0x7ce/Desktop/microros_ws/firmware/mcu_ws/install/share/rosidl_cmake/local_setup.zsh
-- Installing: /home/w0x7ce/Desktop/microros_ws/firmware/mcu_ws/install/share/rosidl_cmake/local_setup.dsv
-- Installing: /home/w0x7ce/Desktop/microros_ws/firmware/mcu_ws/install/share/rosidl_cmake/package.dsv
-- Installing: /home/w0x7ce/Desktop/microros_ws/firmware/mcu_ws/install/share/ament_index/resource_index/packages/rosidl_cmake
-- Installing: /home/w0x7ce/Desktop/microros_ws/firmware/mcu_ws/install/share/rosidl_cmake/cmake/rosidl_cmake-extras.cmake
-- Installing: /home/w0x7ce/Desktop/microros_ws/firmware/mcu_ws/install/share/rosidl_cmake/cmake/rosidl_cmakeConfig.cmake
-- Installing: /home/w0x7ce/Desktop/microros_ws/firmware/mcu_ws/install/share/rosidl_cmake/cmake/rosidl_cmakeConfig-version.cmake
-- Installing: /home/w0x7ce/Desktop/microros_ws/firmware/mcu_ws/install/share/rosidl_cmake/package.xml
-- Up-to-date: /home/w0x7ce/Desktop/microros_ws/firmware/mcu_ws/install/share/rosidl_cmake/cmake
-- Installing: /home/w0x7ce/Desktop/microros_ws/firmware/mcu_ws/install/share/rosidl_cmake/cmake/rosidl_write_generator_arguments.cmake
-- Installing: /home/w0x7ce/Desktop/microros_ws/firmware/mcu_ws/install/share/rosidl_cmake/cmake/rosidl_cmake_export_typesupport_targets-extras.cmake.in
-- Installing: /home/w0x7ce/Desktop/microros_ws/firmware/mcu_ws/install/share/rosidl_cmake/cmake/rosidl_export_typesupport_libraries.cmake
-- Installing: /home/w0x7ce/Desktop/microros_ws/firmware/mcu_ws/install/share/rosidl_cmake/cmake/rosidl_get_typesupport_target.cmake
-- Installing: /home/w0x7ce/Desktop/microros_ws/firmware/mcu_ws/install/share/rosidl_cmake/cmake/rosidl_cmake-extras.cmake.in
-- Installing: /home/w0x7ce/Desktop/microros_ws/firmware/mcu_ws/install/share/rosidl_cmake/cmake/rosidl_cmake_export_typesupport_libraries_package_hook.cmake
-- Installing: /home/w0x7ce/Desktop/microros_ws/firmware/mcu_ws/install/share/rosidl_cmake/cmake/rosidl_cmake_export_typesupport_libraries-extras.cmake.in
-- Installing: /home/w0x7ce/Desktop/microros_ws/firmware/mcu_ws/install/share/rosidl_cmake/cmake/rosidl_target_interfaces.cmake
-- Installing: /home/w0x7ce/Desktop/microros_ws/firmware/mcu_ws/install/share/rosidl_cmake/cmake/rosidl_generate_interfaces.cmake
-- Installing: /home/w0x7ce/Desktop/microros_ws/firmware/mcu_ws/install/share/rosidl_cmake/cmake/string_camel_case_to_lower_case_underscore.cmake
-- Installing: /home/w0x7ce/Desktop/microros_ws/firmware/mcu_ws/install/share/rosidl_cmake/cmake/rosidl_cmake_export_typesupport_targets_package_hook.cmake
-- Installing: /home/w0x7ce/Desktop/microros_ws/firmware/mcu_ws/install/share/rosidl_cmake/cmake/rosidl_export_typesupport_targets.cmake
-- Installing: /home/w0x7ce/Desktop/microros_ws/firmware/mcu_ws/install/share/rosidl_cmake/cmake/rosidl_find_package_idl.cmake
-- Installing: /home/w0x7ce/Desktop/microros_ws/firmware/mcu_ws/install/share/rosidl_cmake/cmake/rosidl_cmake_package_hook.cmake
