Not searching for unused variables given on the command line.
-- The C compiler identification is GNU 10.2.0
-- The CXX compiler identification is GNU 10.2.0
-- Detecting C compiler ABI info
-- Detecting C compiler ABI info - done
-- Check for working C compiler: /home/w0x7ce/toolchain_gcc_t-head_linux/bin/riscv64-unknown-elf-gcc - skipped
-- Detecting C compile features
-- Detecting C compile features - done
-- Detecting CXX compiler ABI info
-- Detecting CXX compiler ABI info - done
-- Check for working CXX compiler: /home/w0x7ce/toolchain_gcc_t-head_linux/bin/riscv64-unknown-elf-g++ - skipped
-- Detecting CXX compile features
-- Detecting CXX compile features - done
-- Found ament_cmake: 2.5.2 (/home/w0x7ce/Desktop/microros_ws/firmware/dev_ws/install/ament_cmake/share/ament_cmake/cmake)
-- Found Python3: /usr/bin/python3 (found version "3.12.3") found components: Interpreter
-- Found rmw_implementation_cmake: 7.3.1 (/home/w0x7ce/Desktop/microros_ws/firmware/mcu_ws/install/share/rmw_implementation_cmake/cmake)
-- Found rmw_microxrcedds: 5.0.1 (/home/w0x7ce/Desktop/microros_ws/firmware/mcu_ws/install/share/rmw_microxrcedds/cmake)
[33mCMake Warning at /home/w0x7ce/Desktop/microros_ws/firmware/mcu_ws/install/share/rcutils/cmake/ament_cmake_export_libraries-extras.cmake:116 (message):
  Package 'rcutils' exports library 'dl' which couldn't be found
Call Stack (most recent call first):
  /home/w0x7ce/Desktop/microros_ws/firmware/mcu_ws/install/share/rcutils/cmake/rcutilsConfig.cmake:41 (include)
  /home/w0x7ce/Desktop/microros_ws/firmware/mcu_ws/install/share/rmw_microxrcedds/cmake/ament_cmake_export_dependencies-extras.cmake:21 (find_package)
  /home/w0x7ce/Desktop/microros_ws/firmware/mcu_ws/install/share/rmw_microxrcedds/cmake/rmw_microxrceddsConfig.cmake:41 (include)
  /home/w0x7ce/Desktop/microros_ws/firmware/mcu_ws/install/share/rmw_implementation_cmake/cmake/get_default_rmw_implementation.cmake:64 (find_package)
  CMakeLists.txt:23 (get_default_rmw_implementation)

[0m
-- Found rosidl_adapter: 4.6.3 (/home/w0x7ce/Desktop/microros_ws/firmware/mcu_ws/install/share/rosidl_adapter/cmake)
-- 
-- Default rmw implementation: 'rmw_microxrcedds'
-- 
-- Runtime selection of RMW disabled; Only using 'rmw_microxrcedds'
-- Configuring done (1.8s)
-- Generating done (0.0s)
-- Build files have been written to: /home/w0x7ce/Desktop/microros_ws/firmware/mcu_ws/build/rmw_implementation
Change Dir: '/home/w0x7ce/Desktop/microros_ws/firmware/mcu_ws/build/rmw_implementation'

Run Build Command(s): /usr/bin/cmake -E env VERBOSE=1 /usr/bin/gmake -f Makefile -j16 -l16
/usr/bin/cmake -S/home/w0x7ce/Desktop/microros_ws/firmware/mcu_ws/ros2/rmw_implementation/rmw_implementation -B/home/w0x7ce/Desktop/microros_ws/firmware/mcu_ws/build/rmw_implementation --check-build-system CMakeFiles/Makefile.cmake 0
/usr/bin/cmake -E cmake_progress_start /home/w0x7ce/Desktop/microros_ws/firmware/mcu_ws/build/rmw_implementation/CMakeFiles /home/w0x7ce/Desktop/microros_ws/firmware/mcu_ws/build/rmw_implementation//CMakeFiles/progress.marks
/usr/bin/gmake  -f CMakeFiles/Makefile2 all
gmake[1]: Entering directory '/home/w0x7ce/Desktop/microros_ws/firmware/mcu_ws/build/rmw_implementation'
gmake[1]: Nothing to be done for 'all'.
gmake[1]: Leaving directory '/home/w0x7ce/Desktop/microros_ws/firmware/mcu_ws/build/rmw_implementation'
/usr/bin/cmake -E cmake_progress_start /home/w0x7ce/Desktop/microros_ws/firmware/mcu_ws/build/rmw_implementation/CMakeFiles 0

-- Install configuration: "Release"
-- Installing: /home/w0x7ce/Desktop/microros_ws/firmware/mcu_ws/install/share/ament_index/resource_index/rmw_typesupport_c/rmw_implementation
-- Installing: /home/w0x7ce/Desktop/microros_ws/firmware/mcu_ws/install/share/ament_index/resource_index/rmw_typesupport_cpp/rmw_implementation
-- Installing: /home/w0x7ce/Desktop/microros_ws/firmware/mcu_ws/install/share/ament_index/resource_index/rmw_typesupport/rmw_implementation
-- Installing: /home/w0x7ce/Desktop/microros_ws/firmware/mcu_ws/install/share/ament_index/resource_index/package_run_dependencies/rmw_implementation
-- Installing: /home/w0x7ce/Desktop/microros_ws/firmware/mcu_ws/install/share/ament_index/resource_index/parent_prefix_path/rmw_implementation
-- Installing: /home/w0x7ce/Desktop/microros_ws/firmware/mcu_ws/install/share/rmw_implementation/environment/ament_prefix_path.sh
-- Installing: /home/w0x7ce/Desktop/microros_ws/firmware/mcu_ws/install/share/rmw_implementation/environment/ament_prefix_path.dsv
-- Installing: /home/w0x7ce/Desktop/microros_ws/firmware/mcu_ws/install/share/rmw_implementation/environment/path.sh
-- Installing: /home/w0x7ce/Desktop/microros_ws/firmware/mcu_ws/install/share/rmw_implementation/environment/path.dsv
-- Installing: /home/w0x7ce/Desktop/microros_ws/firmware/mcu_ws/install/share/rmw_implementation/local_setup.bash
-- Installing: /home/w0x7ce/Desktop/microros_ws/firmware/mcu_ws/install/share/rmw_implementation/local_setup.sh
-- Installing: /home/w0x7ce/Desktop/microros_ws/firmware/mcu_ws/install/share/rmw_implementation/local_setup.zsh
-- Installing: /home/w0x7ce/Desktop/microros_ws/firmware/mcu_ws/install/share/rmw_implementation/local_setup.dsv
-- Installing: /home/w0x7ce/Desktop/microros_ws/firmware/mcu_ws/install/share/rmw_implementation/package.dsv
-- Installing: /home/w0x7ce/Desktop/microros_ws/firmware/mcu_ws/install/share/ament_index/resource_index/packages/rmw_implementation
-- Installing: /home/w0x7ce/Desktop/microros_ws/firmware/mcu_ws/install/share/rmw_implementation/cmake/rmw_implementation-extras.cmake
-- Installing: /home/w0x7ce/Desktop/microros_ws/firmware/mcu_ws/install/share/rmw_implementation/cmake/rmw_implementationConfig.cmake
-- Installing: /home/w0x7ce/Desktop/microros_ws/firmware/mcu_ws/install/share/rmw_implementation/cmake/rmw_implementationConfig-version.cmake
-- Installing: /home/w0x7ce/Desktop/microros_ws/firmware/mcu_ws/install/share/rmw_implementation/package.xml
