Not searching for unused variables given on the command line.
-- The C compiler identification is GNU 10.2.0
-- The CXX compiler identification is GNU 10.2.0
-- Detecting C compiler ABI info
-- Detecting C compiler ABI info - done
-- Check for working C compiler: /home/w0x7ce/toolchain_gcc_t-head_linux/bin/riscv64-unknown-elf-gcc - skipped
-- Detecting C compile features
-- Detecting C compile features - done
-- Detecting CXX compiler ABI info
-- Detecting CXX compiler ABI info - done
-- Check for working CXX compiler: /home/w0x7ce/toolchain_gcc_t-head_linux/bin/riscv64-unknown-elf-g++ - skipped
-- Detecting CXX compile features
-- Detecting CXX compile features - done
-- Found ament_cmake_ros: 0.12.0 (/home/w0x7ce/Desktop/microros_ws/firmware/dev_ws/install/ament_cmake_ros/share/ament_cmake_ros/cmake)
-- Found Python3: /usr/bin/python3 (found version "3.12.3") found components: Interpreter
-- Found rcutils: 6.7.1 (/home/w0x7ce/Desktop/microros_ws/firmware/mcu_ws/install/share/rcutils/cmake)
-- Configuring done (1.1s)
-- Generating done (0.0s)
-- Build files have been written to: /home/w0x7ce/Desktop/microros_ws/firmware/mcu_ws/build/rcl_logging_interface
Change Dir: '/home/w0x7ce/Desktop/microros_ws/firmware/mcu_ws/build/rcl_logging_interface'

Run Build Command(s): /usr/bin/cmake -E env VERBOSE=1 /usr/bin/gmake -f Makefile -j16 -l16
/usr/bin/cmake -S/home/w0x7ce/Desktop/microros_ws/firmware/mcu_ws/ros2/rcl_logging/rcl_logging_interface -B/home/w0x7ce/Desktop/microros_ws/firmware/mcu_ws/build/rcl_logging_interface --check-build-system CMakeFiles/Makefile.cmake 0
/usr/bin/cmake -E cmake_progress_start /home/w0x7ce/Desktop/microros_ws/firmware/mcu_ws/build/rcl_logging_interface/CMakeFiles /home/w0x7ce/Desktop/microros_ws/firmware/mcu_ws/build/rcl_logging_interface//CMakeFiles/progress.marks
/usr/bin/gmake  -f CMakeFiles/Makefile2 all
gmake[1]: Entering directory '/home/w0x7ce/Desktop/microros_ws/firmware/mcu_ws/build/rcl_logging_interface'
/usr/bin/gmake  -f CMakeFiles/rcl_logging_interface.dir/build.make CMakeFiles/rcl_logging_interface.dir/depend
gmake[2]: Entering directory '/home/w0x7ce/Desktop/microros_ws/firmware/mcu_ws/build/rcl_logging_interface'
cd /home/w0x7ce/Desktop/microros_ws/firmware/mcu_ws/build/rcl_logging_interface && /usr/bin/cmake -E cmake_depends "Unix Makefiles" /home/w0x7ce/Desktop/microros_ws/firmware/mcu_ws/ros2/rcl_logging/rcl_logging_interface /home/w0x7ce/Desktop/microros_ws/firmware/mcu_ws/ros2/rcl_logging/rcl_logging_interface /home/w0x7ce/Desktop/microros_ws/firmware/mcu_ws/build/rcl_logging_interface /home/w0x7ce/Desktop/microros_ws/firmware/mcu_ws/build/rcl_logging_interface /home/w0x7ce/Desktop/microros_ws/firmware/mcu_ws/build/rcl_logging_interface/CMakeFiles/rcl_logging_interface.dir/DependInfo.cmake "--color="
gmake[2]: Leaving directory '/home/w0x7ce/Desktop/microros_ws/firmware/mcu_ws/build/rcl_logging_interface'
/usr/bin/gmake  -f CMakeFiles/rcl_logging_interface.dir/build.make CMakeFiles/rcl_logging_interface.dir/build
gmake[2]: Entering directory '/home/w0x7ce/Desktop/microros_ws/firmware/mcu_ws/build/rcl_logging_interface'
[ 50%] [32mBuilding C object CMakeFiles/rcl_logging_interface.dir/src/logging_dir.c.obj[0m
/home/w0x7ce/toolchain_gcc_t-head_linux/bin/riscv64-unknown-elf-gcc -DARCH_RISCV -DBFLB_CRYPT_HARDWARE -DBFLB_PKA_HARDWARE -DCLOCK_MONOTONIC=0 -DRCL_LOGGING_INTERFACE_BUILDING_DLL -DRCUTILS_CUSTOM_TIME_IMPL -DRCUTILS_NO_64_ATOMIC -DROS_PACKAGE_NAME=\"rcl_logging_interface\" -DUCLIENT_PLATFORM_RISCV -DUCLIENT_PROFILE_TCP=OFF -DUCLIENT_PROFILE_UDP=OFF -D_POSIX_TIMERS -I/home/w0x7ce/Desktop/microros_ws/firmware/mcu_ws/ros2/rcl_logging/rcl_logging_interface/include -isystem /home/w0x7ce/Desktop/microros_ws/firmware/mcu_ws/install/include/rcutils -std=gnu99 -march=rv32imac -mabi=ilp32 -mcmodel=medlow -ffunction-sections -fdata-sections -fstrict-volatile-bitfields -fno-zero-initialized-in-bss -Os -ggdb -Wall -mno-save-restore -fmessage-length=0 -fsigned-char -ffunction-sections -fdata-sections -fno-common -O3 -DNDEBUG -std=gnu11 -Wall -Wextra -Wpedantic -MD -MT CMakeFiles/rcl_logging_interface.dir/src/logging_dir.c.obj -MF CMakeFiles/rcl_logging_interface.dir/src/logging_dir.c.obj.d -o CMakeFiles/rcl_logging_interface.dir/src/logging_dir.c.obj -c /home/w0x7ce/Desktop/microros_ws/firmware/mcu_ws/ros2/rcl_logging/rcl_logging_interface/src/logging_dir.c
[100%] [32m[1mLinking C static library librcl_logging_interface.a[0m
/usr/bin/cmake -P CMakeFiles/rcl_logging_interface.dir/cmake_clean_target.cmake
/usr/bin/cmake -E cmake_link_script CMakeFiles/rcl_logging_interface.dir/link.txt --verbose=1
/home/w0x7ce/toolchain_gcc_t-head_linux/bin/riscv64-unknown-elf-ar qc librcl_logging_interface.a CMakeFiles/rcl_logging_interface.dir/src/logging_dir.c.obj
/home/w0x7ce/toolchain_gcc_t-head_linux/bin/riscv64-unknown-elf-ranlib librcl_logging_interface.a
gmake[2]: Leaving directory '/home/w0x7ce/Desktop/microros_ws/firmware/mcu_ws/build/rcl_logging_interface'
[100%] Built target rcl_logging_interface
gmake[1]: Leaving directory '/home/w0x7ce/Desktop/microros_ws/firmware/mcu_ws/build/rcl_logging_interface'
/usr/bin/cmake -E cmake_progress_start /home/w0x7ce/Desktop/microros_ws/firmware/mcu_ws/build/rcl_logging_interface/CMakeFiles 0

-- Install configuration: "Release"
-- Installing: /home/w0x7ce/Desktop/microros_ws/firmware/mcu_ws/install/include/rcl_logging_interface
-- Installing: /home/w0x7ce/Desktop/microros_ws/firmware/mcu_ws/install/include/rcl_logging_interface/rcl_logging_interface
-- Installing: /home/w0x7ce/Desktop/microros_ws/firmware/mcu_ws/install/include/rcl_logging_interface/rcl_logging_interface/rcl_logging_interface.h
-- Installing: /home/w0x7ce/Desktop/microros_ws/firmware/mcu_ws/install/include/rcl_logging_interface/rcl_logging_interface/visibility_control.h
-- Installing: /home/w0x7ce/Desktop/microros_ws/firmware/mcu_ws/install/lib/librcl_logging_interface.a
-- Installing: /home/w0x7ce/Desktop/microros_ws/firmware/mcu_ws/install/share/ament_index/resource_index/package_run_dependencies/rcl_logging_interface
-- Installing: /home/w0x7ce/Desktop/microros_ws/firmware/mcu_ws/install/share/ament_index/resource_index/parent_prefix_path/rcl_logging_interface
-- Installing: /home/w0x7ce/Desktop/microros_ws/firmware/mcu_ws/install/share/rcl_logging_interface/environment/ament_prefix_path.sh
-- Installing: /home/w0x7ce/Desktop/microros_ws/firmware/mcu_ws/install/share/rcl_logging_interface/environment/ament_prefix_path.dsv
-- Installing: /home/w0x7ce/Desktop/microros_ws/firmware/mcu_ws/install/share/rcl_logging_interface/environment/path.sh
-- Installing: /home/w0x7ce/Desktop/microros_ws/firmware/mcu_ws/install/share/rcl_logging_interface/environment/path.dsv
-- Installing: /home/w0x7ce/Desktop/microros_ws/firmware/mcu_ws/install/share/rcl_logging_interface/local_setup.bash
-- Installing: /home/w0x7ce/Desktop/microros_ws/firmware/mcu_ws/install/share/rcl_logging_interface/local_setup.sh
-- Installing: /home/w0x7ce/Desktop/microros_ws/firmware/mcu_ws/install/share/rcl_logging_interface/local_setup.zsh
-- Installing: /home/w0x7ce/Desktop/microros_ws/firmware/mcu_ws/install/share/rcl_logging_interface/local_setup.dsv
-- Installing: /home/w0x7ce/Desktop/microros_ws/firmware/mcu_ws/install/share/rcl_logging_interface/package.dsv
-- Installing: /home/w0x7ce/Desktop/microros_ws/firmware/mcu_ws/install/share/ament_index/resource_index/packages/rcl_logging_interface
-- Installing: /home/w0x7ce/Desktop/microros_ws/firmware/mcu_ws/install/share/rcl_logging_interface/cmake/rcl_logging_interfaceExport.cmake
-- Installing: /home/w0x7ce/Desktop/microros_ws/firmware/mcu_ws/install/share/rcl_logging_interface/cmake/rcl_logging_interfaceExport-release.cmake
-- Installing: /home/w0x7ce/Desktop/microros_ws/firmware/mcu_ws/install/share/rcl_logging_interface/cmake/ament_cmake_export_include_directories-extras.cmake
-- Installing: /home/w0x7ce/Desktop/microros_ws/firmware/mcu_ws/install/share/rcl_logging_interface/cmake/ament_cmake_export_targets-extras.cmake
-- Installing: /home/w0x7ce/Desktop/microros_ws/firmware/mcu_ws/install/share/rcl_logging_interface/cmake/ament_cmake_export_dependencies-extras.cmake
-- Installing: /home/w0x7ce/Desktop/microros_ws/firmware/mcu_ws/install/share/rcl_logging_interface/cmake/rcl_logging_interfaceConfig.cmake
-- Installing: /home/w0x7ce/Desktop/microros_ws/firmware/mcu_ws/install/share/rcl_logging_interface/cmake/rcl_logging_interfaceConfig-version.cmake
-- Installing: /home/w0x7ce/Desktop/microros_ws/firmware/mcu_ws/install/share/rcl_logging_interface/package.xml
