/home/w0x7ce/Desktop/microros_ws/firmware/mcu_ws/install/lib/python3.12/site-packages/ros2trace/__init__.py
/home/w0x7ce/Desktop/microros_ws/firmware/mcu_ws/install/lib/python3.12/site-packages/ros2trace/verb/__init__.py
/home/w0x7ce/Desktop/microros_ws/firmware/mcu_ws/install/lib/python3.12/site-packages/ros2trace/verb/pause.py
/home/w0x7ce/Desktop/microros_ws/firmware/mcu_ws/install/lib/python3.12/site-packages/ros2trace/verb/start.py
/home/w0x7ce/Desktop/microros_ws/firmware/mcu_ws/install/lib/python3.12/site-packages/ros2trace/verb/resume.py
/home/w0x7ce/Desktop/microros_ws/firmware/mcu_ws/install/lib/python3.12/site-packages/ros2trace/verb/stop.py
/home/w0x7ce/Desktop/microros_ws/firmware/mcu_ws/install/lib/python3.12/site-packages/ros2trace/api/__init__.py
/home/w0x7ce/Desktop/microros_ws/firmware/mcu_ws/install/lib/python3.12/site-packages/ros2trace/command/__init__.py
/home/w0x7ce/Desktop/microros_ws/firmware/mcu_ws/install/lib/python3.12/site-packages/ros2trace/command/trace.py
/home/w0x7ce/Desktop/microros_ws/firmware/mcu_ws/install/lib/python3.12/site-packages/ros2trace/__pycache__/__init__.cpython-312.pyc
/home/w0x7ce/Desktop/microros_ws/firmware/mcu_ws/install/lib/python3.12/site-packages/ros2trace/verb/__pycache__/__init__.cpython-312.pyc
/home/w0x7ce/Desktop/microros_ws/firmware/mcu_ws/install/lib/python3.12/site-packages/ros2trace/verb/__pycache__/pause.cpython-312.pyc
/home/w0x7ce/Desktop/microros_ws/firmware/mcu_ws/install/lib/python3.12/site-packages/ros2trace/verb/__pycache__/start.cpython-312.pyc
/home/w0x7ce/Desktop/microros_ws/firmware/mcu_ws/install/lib/python3.12/site-packages/ros2trace/verb/__pycache__/resume.cpython-312.pyc
/home/w0x7ce/Desktop/microros_ws/firmware/mcu_ws/install/lib/python3.12/site-packages/ros2trace/verb/__pycache__/stop.cpython-312.pyc
/home/w0x7ce/Desktop/microros_ws/firmware/mcu_ws/install/lib/python3.12/site-packages/ros2trace/api/__pycache__/__init__.cpython-312.pyc
/home/w0x7ce/Desktop/microros_ws/firmware/mcu_ws/install/lib/python3.12/site-packages/ros2trace/command/__pycache__/__init__.cpython-312.pyc
/home/w0x7ce/Desktop/microros_ws/firmware/mcu_ws/install/lib/python3.12/site-packages/ros2trace/command/__pycache__/trace.cpython-312.pyc
/home/w0x7ce/Desktop/microros_ws/firmware/mcu_ws/install/share/ros2trace/package.xml
/home/w0x7ce/Desktop/microros_ws/firmware/mcu_ws/install/share/ament_index/resource_index/packages/ros2trace
/home/w0x7ce/Desktop/microros_ws/firmware/mcu_ws/install/lib/python3.12/site-packages/ros2trace-8.2.1-py3.12.egg-info/requires.txt
/home/w0x7ce/Desktop/microros_ws/firmware/mcu_ws/install/lib/python3.12/site-packages/ros2trace-8.2.1-py3.12.egg-info/PKG-INFO
/home/w0x7ce/Desktop/microros_ws/firmware/mcu_ws/install/lib/python3.12/site-packages/ros2trace-8.2.1-py3.12.egg-info/SOURCES.txt
/home/w0x7ce/Desktop/microros_ws/firmware/mcu_ws/install/lib/python3.12/site-packages/ros2trace-8.2.1-py3.12.egg-info/dependency_links.txt
/home/w0x7ce/Desktop/microros_ws/firmware/mcu_ws/install/lib/python3.12/site-packages/ros2trace-8.2.1-py3.12.egg-info/top_level.txt
/home/w0x7ce/Desktop/microros_ws/firmware/mcu_ws/install/lib/python3.12/site-packages/ros2trace-8.2.1-py3.12.egg-info/entry_points.txt
/home/w0x7ce/Desktop/microros_ws/firmware/mcu_ws/install/lib/python3.12/site-packages/ros2trace-8.2.1-py3.12.egg-info/zip-safe
