Not searching for unused variables given on the command line.
-- The C compiler identification is GNU 10.2.0
-- The CXX compiler identification is GNU 10.2.0
-- Detecting C compiler ABI info
-- Detecting C compiler ABI info - done
-- Check for working C compiler: /home/w0x7ce/toolchain_gcc_t-head_linux/bin/riscv64-unknown-elf-gcc - skipped
-- Detecting C compile features
-- Detecting C compile features - done
-- Detecting CXX compiler ABI info
-- Detecting CXX compiler ABI info - done
-- Check for working CXX compiler: /home/w0x7ce/toolchain_gcc_t-head_linux/bin/riscv64-unknown-elf-g++ - skipped
-- Detecting CXX compile features
-- Detecting CXX compile features - done
-- Found ament_cmake: 2.5.2 (/home/w0x7ce/Desktop/microros_ws/firmware/dev_ws/install/ament_cmake/share/ament_cmake/cmake)
-- Found Python3: /usr/bin/python3 (found version "3.12.3") found components: Interpreter
-- Found builtin_interfaces: 2.0.2 (/home/w0x7ce/Desktop/microros_ws/firmware/mcu_ws/install/share/builtin_interfaces/cmake)
-- Using all available rosidl_typesupport_c: rosidl_typesupport_introspection_c;rosidl_typesupport_microxrcedds_c
-- Found rosidl_adapter: 4.6.3 (/home/w0x7ce/Desktop/microros_ws/firmware/mcu_ws/install/share/rosidl_adapter/cmake)
-- Found rosidl_core_generators: 0.2.0 (/home/w0x7ce/Desktop/microros_ws/firmware/mcu_ws/install/share/rosidl_core_generators/cmake)
-- Found ament_cmake_ros: 0.12.0 (/home/w0x7ce/Desktop/microros_ws/firmware/dev_ws/install/ament_cmake_ros/share/ament_cmake_ros/cmake)
-- Using all available rosidl_typesupport_c: rosidl_typesupport_introspection_c;rosidl_typesupport_microxrcedds_c
-- Configuring done (1.0s)
-- Generating done (0.0s)
-- Build files have been written to: /home/w0x7ce/Desktop/microros_ws/firmware/mcu_ws/build/service_msgs
Change Dir: '/home/w0x7ce/Desktop/microros_ws/firmware/mcu_ws/build/service_msgs'

Run Build Command(s): /usr/bin/cmake -E env VERBOSE=1 /usr/bin/gmake -f Makefile -j16 -l16
/usr/bin/cmake -S/home/w0x7ce/Desktop/microros_ws/firmware/mcu_ws/ros2/rcl_interfaces/service_msgs -B/home/w0x7ce/Desktop/microros_ws/firmware/mcu_ws/build/service_msgs --check-build-system CMakeFiles/Makefile.cmake 0
/usr/bin/cmake -E cmake_progress_start /home/w0x7ce/Desktop/microros_ws/firmware/mcu_ws/build/service_msgs/CMakeFiles /home/w0x7ce/Desktop/microros_ws/firmware/mcu_ws/build/service_msgs//CMakeFiles/progress.marks
/usr/bin/gmake  -f CMakeFiles/Makefile2 all
gmake[1]: Entering directory '/home/w0x7ce/Desktop/microros_ws/firmware/mcu_ws/build/service_msgs'
/usr/bin/gmake  -f CMakeFiles/service_msgs__rosidl_generator_type_description.dir/build.make CMakeFiles/service_msgs__rosidl_generator_type_description.dir/depend
gmake[2]: Entering directory '/home/w0x7ce/Desktop/microros_ws/firmware/mcu_ws/build/service_msgs'
cd /home/w0x7ce/Desktop/microros_ws/firmware/mcu_ws/build/service_msgs && /usr/bin/cmake -E cmake_depends "Unix Makefiles" /home/w0x7ce/Desktop/microros_ws/firmware/mcu_ws/ros2/rcl_interfaces/service_msgs /home/w0x7ce/Desktop/microros_ws/firmware/mcu_ws/ros2/rcl_interfaces/service_msgs /home/w0x7ce/Desktop/microros_ws/firmware/mcu_ws/build/service_msgs /home/w0x7ce/Desktop/microros_ws/firmware/mcu_ws/build/service_msgs /home/w0x7ce/Desktop/microros_ws/firmware/mcu_ws/build/service_msgs/CMakeFiles/service_msgs__rosidl_generator_type_description.dir/DependInfo.cmake "--color="
gmake[2]: Leaving directory '/home/w0x7ce/Desktop/microros_ws/firmware/mcu_ws/build/service_msgs'
/usr/bin/gmake  -f CMakeFiles/service_msgs__rosidl_generator_type_description.dir/build.make CMakeFiles/service_msgs__rosidl_generator_type_description.dir/build
gmake[2]: Entering directory '/home/w0x7ce/Desktop/microros_ws/firmware/mcu_ws/build/service_msgs'
[  6%] [34m[1mGenerating type hashes for ROS interfaces[0m
/usr/bin/python3 /home/w0x7ce/Desktop/microros_ws/firmware/mcu_ws/install/lib/rosidl_generator_type_description/rosidl_generator_type_description --generator-arguments-file /home/w0x7ce/Desktop/microros_ws/firmware/mcu_ws/build/service_msgs/rosidl_generator_type_description__arguments.json
gmake[2]: Leaving directory '/home/w0x7ce/Desktop/microros_ws/firmware/mcu_ws/build/service_msgs'
[  6%] Built target service_msgs__rosidl_generator_type_description
/usr/bin/gmake  -f CMakeFiles/service_msgs__rosidl_generator_c.dir/build.make CMakeFiles/service_msgs__rosidl_generator_c.dir/depend
gmake[2]: Entering directory '/home/w0x7ce/Desktop/microros_ws/firmware/mcu_ws/build/service_msgs'
[ 13%] [34m[1mGenerating C code for ROS interfaces[0m
/usr/bin/python3 /home/w0x7ce/Desktop/microros_ws/firmware/mcu_ws/install/share/rosidl_generator_c/cmake/../../../lib/rosidl_generator_c/rosidl_generator_c --generator-arguments-file /home/w0x7ce/Desktop/microros_ws/firmware/mcu_ws/build/service_msgs/rosidl_generator_c__arguments.json
cd /home/w0x7ce/Desktop/microros_ws/firmware/mcu_ws/build/service_msgs && /usr/bin/cmake -E cmake_depends "Unix Makefiles" /home/w0x7ce/Desktop/microros_ws/firmware/mcu_ws/ros2/rcl_interfaces/service_msgs /home/w0x7ce/Desktop/microros_ws/firmware/mcu_ws/ros2/rcl_interfaces/service_msgs /home/w0x7ce/Desktop/microros_ws/firmware/mcu_ws/build/service_msgs /home/w0x7ce/Desktop/microros_ws/firmware/mcu_ws/build/service_msgs /home/w0x7ce/Desktop/microros_ws/firmware/mcu_ws/build/service_msgs/CMakeFiles/service_msgs__rosidl_generator_c.dir/DependInfo.cmake "--color="
gmake[2]: Leaving directory '/home/w0x7ce/Desktop/microros_ws/firmware/mcu_ws/build/service_msgs'
/usr/bin/gmake  -f CMakeFiles/service_msgs__rosidl_generator_c.dir/build.make CMakeFiles/service_msgs__rosidl_generator_c.dir/build
gmake[2]: Entering directory '/home/w0x7ce/Desktop/microros_ws/firmware/mcu_ws/build/service_msgs'
[ 20%] [32mBuilding C object CMakeFiles/service_msgs__rosidl_generator_c.dir/rosidl_generator_c/service_msgs/msg/detail/service_event_info__description.c.obj[0m
[ 26%] [32mBuilding C object CMakeFiles/service_msgs__rosidl_generator_c.dir/rosidl_generator_c/service_msgs/msg/detail/service_event_info__functions.c.obj[0m
[ 33%] [32mBuilding C object CMakeFiles/service_msgs__rosidl_generator_c.dir/rosidl_generator_c/service_msgs/msg/detail/service_event_info__type_support.c.obj[0m
/home/w0x7ce/toolchain_gcc_t-head_linux/bin/riscv64-unknown-elf-gcc -DARCH_RISCV -DBFLB_CRYPT_HARDWARE -DBFLB_PKA_HARDWARE -DCLOCK_MONOTONIC=0 -DRCUTILS_CUSTOM_TIME_IMPL -DRCUTILS_NO_64_ATOMIC -DROS_PACKAGE_NAME=\"service_msgs\" -DUCLIENT_PLATFORM_RISCV -DUCLIENT_PROFILE_TCP=OFF -DUCLIENT_PROFILE_UDP=OFF -D_POSIX_TIMERS -I/home/w0x7ce/Desktop/microros_ws/firmware/mcu_ws/build/service_msgs/rosidl_generator_c -isystem /home/w0x7ce/Desktop/microros_ws/firmware/mcu_ws/install/include/builtin_interfaces -isystem /home/w0x7ce/Desktop/microros_ws/firmware/mcu_ws/install/include/rosidl_runtime_c -isystem /home/w0x7ce/Desktop/microros_ws/firmware/mcu_ws/install/include/rcutils -isystem /home/w0x7ce/Desktop/microros_ws/firmware/mcu_ws/install/include/rosidl_typesupport_interface -std=gnu99 -march=rv32imac -mabi=ilp32 -mcmodel=medlow -ffunction-sections -fdata-sections -fstrict-volatile-bitfields -fno-zero-initialized-in-bss -Os -ggdb -Wall -mno-save-restore -fmessage-length=0 -fsigned-char -ffunction-sections -fdata-sections -fno-common -O3 -DNDEBUG -std=gnu11 -Wall -MD -MT CMakeFiles/service_msgs__rosidl_generator_c.dir/rosidl_generator_c/service_msgs/msg/detail/service_event_info__description.c.obj -MF CMakeFiles/service_msgs__rosidl_generator_c.dir/rosidl_generator_c/service_msgs/msg/detail/service_event_info__description.c.obj.d -o CMakeFiles/service_msgs__rosidl_generator_c.dir/rosidl_generator_c/service_msgs/msg/detail/service_event_info__description.c.obj -c /home/w0x7ce/Desktop/microros_ws/firmware/mcu_ws/build/service_msgs/rosidl_generator_c/service_msgs/msg/detail/service_event_info__description.c
/home/w0x7ce/toolchain_gcc_t-head_linux/bin/riscv64-unknown-elf-gcc -DARCH_RISCV -DBFLB_CRYPT_HARDWARE -DBFLB_PKA_HARDWARE -DCLOCK_MONOTONIC=0 -DRCUTILS_CUSTOM_TIME_IMPL -DRCUTILS_NO_64_ATOMIC -DROS_PACKAGE_NAME=\"service_msgs\" -DUCLIENT_PLATFORM_RISCV -DUCLIENT_PROFILE_TCP=OFF -DUCLIENT_PROFILE_UDP=OFF -D_POSIX_TIMERS -I/home/w0x7ce/Desktop/microros_ws/firmware/mcu_ws/build/service_msgs/rosidl_generator_c -isystem /home/w0x7ce/Desktop/microros_ws/firmware/mcu_ws/install/include/builtin_interfaces -isystem /home/w0x7ce/Desktop/microros_ws/firmware/mcu_ws/install/include/rosidl_runtime_c -isystem /home/w0x7ce/Desktop/microros_ws/firmware/mcu_ws/install/include/rcutils -isystem /home/w0x7ce/Desktop/microros_ws/firmware/mcu_ws/install/include/rosidl_typesupport_interface -std=gnu99 -march=rv32imac -mabi=ilp32 -mcmodel=medlow -ffunction-sections -fdata-sections -fstrict-volatile-bitfields -fno-zero-initialized-in-bss -Os -ggdb -Wall -mno-save-restore -fmessage-length=0 -fsigned-char -ffunction-sections -fdata-sections -fno-common -O3 -DNDEBUG -std=gnu11 -Wall -MD -MT CMakeFiles/service_msgs__rosidl_generator_c.dir/rosidl_generator_c/service_msgs/msg/detail/service_event_info__functions.c.obj -MF CMakeFiles/service_msgs__rosidl_generator_c.dir/rosidl_generator_c/service_msgs/msg/detail/service_event_info__functions.c.obj.d -o CMakeFiles/service_msgs__rosidl_generator_c.dir/rosidl_generator_c/service_msgs/msg/detail/service_event_info__functions.c.obj -c /home/w0x7ce/Desktop/microros_ws/firmware/mcu_ws/build/service_msgs/rosidl_generator_c/service_msgs/msg/detail/service_event_info__functions.c
/home/w0x7ce/toolchain_gcc_t-head_linux/bin/riscv64-unknown-elf-gcc -DARCH_RISCV -DBFLB_CRYPT_HARDWARE -DBFLB_PKA_HARDWARE -DCLOCK_MONOTONIC=0 -DRCUTILS_CUSTOM_TIME_IMPL -DRCUTILS_NO_64_ATOMIC -DROS_PACKAGE_NAME=\"service_msgs\" -DUCLIENT_PLATFORM_RISCV -DUCLIENT_PROFILE_TCP=OFF -DUCLIENT_PROFILE_UDP=OFF -D_POSIX_TIMERS -I/home/w0x7ce/Desktop/microros_ws/firmware/mcu_ws/build/service_msgs/rosidl_generator_c -isystem /home/w0x7ce/Desktop/microros_ws/firmware/mcu_ws/install/include/builtin_interfaces -isystem /home/w0x7ce/Desktop/microros_ws/firmware/mcu_ws/install/include/rosidl_runtime_c -isystem /home/w0x7ce/Desktop/microros_ws/firmware/mcu_ws/install/include/rcutils -isystem /home/w0x7ce/Desktop/microros_ws/firmware/mcu_ws/install/include/rosidl_typesupport_interface -std=gnu99 -march=rv32imac -mabi=ilp32 -mcmodel=medlow -ffunction-sections -fdata-sections -fstrict-volatile-bitfields -fno-zero-initialized-in-bss -Os -ggdb -Wall -mno-save-restore -fmessage-length=0 -fsigned-char -ffunction-sections -fdata-sections -fno-common -O3 -DNDEBUG -std=gnu11 -Wall -MD -MT CMakeFiles/service_msgs__rosidl_generator_c.dir/rosidl_generator_c/service_msgs/msg/detail/service_event_info__type_support.c.obj -MF CMakeFiles/service_msgs__rosidl_generator_c.dir/rosidl_generator_c/service_msgs/msg/detail/service_event_info__type_support.c.obj.d -o CMakeFiles/service_msgs__rosidl_generator_c.dir/rosidl_generator_c/service_msgs/msg/detail/service_event_info__type_support.c.obj -c /home/w0x7ce/Desktop/microros_ws/firmware/mcu_ws/build/service_msgs/rosidl_generator_c/service_msgs/msg/detail/service_event_info__type_support.c
[ 40%] [32m[1mLinking C static library libservice_msgs__rosidl_generator_c.a[0m
/usr/bin/cmake -P CMakeFiles/service_msgs__rosidl_generator_c.dir/cmake_clean_target.cmake
/usr/bin/cmake -E cmake_link_script CMakeFiles/service_msgs__rosidl_generator_c.dir/link.txt --verbose=1
/home/w0x7ce/toolchain_gcc_t-head_linux/bin/riscv64-unknown-elf-ar qc libservice_msgs__rosidl_generator_c.a CMakeFiles/service_msgs__rosidl_generator_c.dir/rosidl_generator_c/service_msgs/msg/detail/service_event_info__description.c.obj CMakeFiles/service_msgs__rosidl_generator_c.dir/rosidl_generator_c/service_msgs/msg/detail/service_event_info__functions.c.obj CMakeFiles/service_msgs__rosidl_generator_c.dir/rosidl_generator_c/service_msgs/msg/detail/service_event_info__type_support.c.obj
/home/w0x7ce/toolchain_gcc_t-head_linux/bin/riscv64-unknown-elf-ranlib libservice_msgs__rosidl_generator_c.a
gmake[2]: Leaving directory '/home/w0x7ce/Desktop/microros_ws/firmware/mcu_ws/build/service_msgs'
[ 40%] Built target service_msgs__rosidl_generator_c
/usr/bin/gmake  -f CMakeFiles/service_msgs__rosidl_typesupport_microxrcedds_c.dir/build.make CMakeFiles/service_msgs__rosidl_typesupport_microxrcedds_c.dir/depend
/usr/bin/gmake  -f CMakeFiles/service_msgs__rosidl_typesupport_c.dir/build.make CMakeFiles/service_msgs__rosidl_typesupport_c.dir/depend
/usr/bin/gmake  -f CMakeFiles/service_msgs__rosidl_typesupport_introspection_c.dir/build.make CMakeFiles/service_msgs__rosidl_typesupport_introspection_c.dir/depend
gmake[2]: Entering directory '/home/w0x7ce/Desktop/microros_ws/firmware/mcu_ws/build/service_msgs'
gmake[2]: Entering directory '/home/w0x7ce/Desktop/microros_ws/firmware/mcu_ws/build/service_msgs'
gmake[2]: Entering directory '/home/w0x7ce/Desktop/microros_ws/firmware/mcu_ws/build/service_msgs'
[ 46%] [34m[1mGenerating C type support for eProsima Micro XRCE-DDS[0m
[ 53%] [34m[1mGenerating C type support dispatch for ROS interfaces[0m
/usr/bin/python3 /home/w0x7ce/Desktop/microros_ws/firmware/mcu_ws/install/lib/rosidl_typesupport_microxrcedds_c/rosidl_typesupport_microxrcedds_c --generator-arguments-file /home/w0x7ce/Desktop/microros_ws/firmware/mcu_ws/build/service_msgs/rosidl_typesupport_microxrcedds_c__arguments.json
[ 60%] [34m[1mGenerating C introspection for ROS interfaces[0m
/usr/bin/python3 /home/w0x7ce/Desktop/microros_ws/firmware/mcu_ws/install/lib/rosidl_typesupport_c/rosidl_typesupport_c --generator-arguments-file /home/w0x7ce/Desktop/microros_ws/firmware/mcu_ws/build/service_msgs/rosidl_typesupport_c__arguments.json --typesupports rosidl_typesupport_introspection_c rosidl_typesupport_microxrcedds_c
/usr/bin/python3 /home/w0x7ce/Desktop/microros_ws/firmware/mcu_ws/install/lib/rosidl_typesupport_introspection_c/rosidl_typesupport_introspection_c --generator-arguments-file /home/w0x7ce/Desktop/microros_ws/firmware/mcu_ws/build/service_msgs/rosidl_typesupport_introspection_c__arguments.json
cd /home/w0x7ce/Desktop/microros_ws/firmware/mcu_ws/build/service_msgs && /usr/bin/cmake -E cmake_depends "Unix Makefiles" /home/w0x7ce/Desktop/microros_ws/firmware/mcu_ws/ros2/rcl_interfaces/service_msgs /home/w0x7ce/Desktop/microros_ws/firmware/mcu_ws/ros2/rcl_interfaces/service_msgs /home/w0x7ce/Desktop/microros_ws/firmware/mcu_ws/build/service_msgs /home/w0x7ce/Desktop/microros_ws/firmware/mcu_ws/build/service_msgs /home/w0x7ce/Desktop/microros_ws/firmware/mcu_ws/build/service_msgs/CMakeFiles/service_msgs__rosidl_typesupport_c.dir/DependInfo.cmake "--color="
cd /home/w0x7ce/Desktop/microros_ws/firmware/mcu_ws/build/service_msgs && /usr/bin/cmake -E cmake_depends "Unix Makefiles" /home/w0x7ce/Desktop/microros_ws/firmware/mcu_ws/ros2/rcl_interfaces/service_msgs /home/w0x7ce/Desktop/microros_ws/firmware/mcu_ws/ros2/rcl_interfaces/service_msgs /home/w0x7ce/Desktop/microros_ws/firmware/mcu_ws/build/service_msgs /home/w0x7ce/Desktop/microros_ws/firmware/mcu_ws/build/service_msgs /home/w0x7ce/Desktop/microros_ws/firmware/mcu_ws/build/service_msgs/CMakeFiles/service_msgs__rosidl_typesupport_microxrcedds_c.dir/DependInfo.cmake "--color="
gmake[2]: Leaving directory '/home/w0x7ce/Desktop/microros_ws/firmware/mcu_ws/build/service_msgs'
/usr/bin/gmake  -f CMakeFiles/service_msgs__rosidl_typesupport_c.dir/build.make CMakeFiles/service_msgs__rosidl_typesupport_c.dir/build
gmake[2]: Leaving directory '/home/w0x7ce/Desktop/microros_ws/firmware/mcu_ws/build/service_msgs'
/usr/bin/gmake  -f CMakeFiles/service_msgs__rosidl_typesupport_microxrcedds_c.dir/build.make CMakeFiles/service_msgs__rosidl_typesupport_microxrcedds_c.dir/build
gmake[2]: Entering directory '/home/w0x7ce/Desktop/microros_ws/firmware/mcu_ws/build/service_msgs'
gmake[2]: Entering directory '/home/w0x7ce/Desktop/microros_ws/firmware/mcu_ws/build/service_msgs'
[ 73%] [32mBuilding C object CMakeFiles/service_msgs__rosidl_typesupport_microxrcedds_c.dir/rosidl_typesupport_microxrcedds_c/service_msgs/msg/detail/microxrcedds/service_event_info__type_support_c.c.obj[0m
[ 73%] [32mBuilding CXX object CMakeFiles/service_msgs__rosidl_typesupport_c.dir/rosidl_typesupport_c/service_msgs/msg/service_event_info__type_support.cpp.obj[0m
/home/w0x7ce/toolchain_gcc_t-head_linux/bin/riscv64-unknown-elf-g++ -DARCH_RISCV -DBFLB_CRYPT_HARDWARE -DBFLB_PKA_HARDWARE -DCLOCK_MONOTONIC=0 -DRCUTILS_CUSTOM_TIME_IMPL -DRCUTILS_NO_64_ATOMIC -DROSIDL_TYPESUPPORT_STATIC_TYPESUPPORT -DROS_PACKAGE_NAME=\"service_msgs\" -DUCLIENT_PLATFORM_RISCV -DUCLIENT_PROFILE_TCP=OFF -DUCLIENT_PROFILE_UDP=OFF -D_POSIX_TIMERS -I/home/w0x7ce/Desktop/microros_ws/firmware/mcu_ws/build/service_msgs/rosidl_generator_c -isystem /home/w0x7ce/Desktop/microros_ws/firmware/mcu_ws/install/include/builtin_interfaces -isystem /home/w0x7ce/Desktop/microros_ws/firmware/mcu_ws/install/include/rosidl_runtime_c -isystem /home/w0x7ce/Desktop/microros_ws/firmware/mcu_ws/install/include/rcutils -isystem /home/w0x7ce/Desktop/microros_ws/firmware/mcu_ws/install/include/rosidl_typesupport_interface -isystem /home/w0x7ce/Desktop/microros_ws/firmware/mcu_ws/install/include/rosidl_typesupport_c -std=gnu++11 -march=rv32imac -mabi=ilp32 -mcmodel=medlow -ffunction-sections -fdata-sections -fstrict-volatile-bitfields -fno-zero-initialized-in-bss -Os -ggdb -Wall -mno-save-restore -fmessage-length=0 -fsigned-char -ffunction-sections -fdata-sections -fno-common -fno-rtti -fno-exceptions -O3 -DNDEBUG -std=gnu++17 -Wall -MD -MT CMakeFiles/service_msgs__rosidl_typesupport_c.dir/rosidl_typesupport_c/service_msgs/msg/service_event_info__type_support.cpp.obj -MF CMakeFiles/service_msgs__rosidl_typesupport_c.dir/rosidl_typesupport_c/service_msgs/msg/service_event_info__type_support.cpp.obj.d -o CMakeFiles/service_msgs__rosidl_typesupport_c.dir/rosidl_typesupport_c/service_msgs/msg/service_event_info__type_support.cpp.obj -c /home/w0x7ce/Desktop/microros_ws/firmware/mcu_ws/build/service_msgs/rosidl_typesupport_c/service_msgs/msg/service_event_info__type_support.cpp
/home/w0x7ce/toolchain_gcc_t-head_linux/bin/riscv64-unknown-elf-gcc -DARCH_RISCV -DBFLB_CRYPT_HARDWARE -DBFLB_PKA_HARDWARE -DCLOCK_MONOTONIC=0 -DRCUTILS_CUSTOM_TIME_IMPL -DRCUTILS_NO_64_ATOMIC -DROS_PACKAGE_NAME=\"service_msgs\" -DUCLIENT_PLATFORM_RISCV -DUCLIENT_PROFILE_TCP=OFF -DUCLIENT_PROFILE_UDP=OFF -D_POSIX_TIMERS -I/home/w0x7ce/Desktop/microros_ws/firmware/mcu_ws/build/service_msgs/rosidl_generator_c -I/home/w0x7ce/Desktop/microros_ws/firmware/mcu_ws/build/service_msgs/rosidl_typesupport_microxrcedds_c -isystem /home/w0x7ce/Desktop/microros_ws/firmware/mcu_ws/install/include/rmw -isystem /home/w0x7ce/Desktop/microros_ws/firmware/mcu_ws/install/include/rosidl_runtime_c -isystem /home/w0x7ce/Desktop/microros_ws/firmware/mcu_ws/install/include -isystem /home/w0x7ce/Desktop/microros_ws/firmware/mcu_ws/install/include/rosidl_typesupport_interface -isystem /home/w0x7ce/Desktop/microros_ws/firmware/mcu_ws/install/include/builtin_interfaces -isystem /home/w0x7ce/Desktop/microros_ws/firmware/mcu_ws/install/include/rcutils -isystem /home/w0x7ce/Desktop/microros_ws/firmware/mcu_ws/install/include/rosidl_dynamic_typesupport -isystem /home/w0x7ce/Desktop/microros_ws/firmware/mcu_ws/install/include/rosidl_typesupport_introspection_c -std=gnu99 -march=rv32imac -mabi=ilp32 -mcmodel=medlow -ffunction-sections -fdata-sections -fstrict-volatile-bitfields -fno-zero-initialized-in-bss -Os -ggdb -Wall -mno-save-restore -fmessage-length=0 -fsigned-char -ffunction-sections -fdata-sections -fno-common -O3 -DNDEBUG -std=gnu99 -Wall -Wextra -Wpedantic -Wconversion -Wsign-conversion -Wnon-virtual-dtor -Woverloaded-virtual -MD -MT CMakeFiles/service_msgs__rosidl_typesupport_microxrcedds_c.dir/rosidl_typesupport_microxrcedds_c/service_msgs/msg/detail/microxrcedds/service_event_info__type_support_c.c.obj -MF CMakeFiles/service_msgs__rosidl_typesupport_microxrcedds_c.dir/rosidl_typesupport_microxrcedds_c/service_msgs/msg/detail/microxrcedds/service_event_info__type_support_c.c.obj.d -o CMakeFiles/service_msgs__rosidl_typesupport_microxrcedds_c.dir/rosidl_typesupport_microxrcedds_c/service_msgs/msg/detail/microxrcedds/service_event_info__type_support_c.c.obj -c /home/w0x7ce/Desktop/microros_ws/firmware/mcu_ws/build/service_msgs/rosidl_typesupport_microxrcedds_c/service_msgs/msg/detail/microxrcedds/service_event_info__type_support_c.c
cd /home/w0x7ce/Desktop/microros_ws/firmware/mcu_ws/build/service_msgs && /usr/bin/cmake -E cmake_depends "Unix Makefiles" /home/w0x7ce/Desktop/microros_ws/firmware/mcu_ws/ros2/rcl_interfaces/service_msgs /home/w0x7ce/Desktop/microros_ws/firmware/mcu_ws/ros2/rcl_interfaces/service_msgs /home/w0x7ce/Desktop/microros_ws/firmware/mcu_ws/build/service_msgs /home/w0x7ce/Desktop/microros_ws/firmware/mcu_ws/build/service_msgs /home/w0x7ce/Desktop/microros_ws/firmware/mcu_ws/build/service_msgs/CMakeFiles/service_msgs__rosidl_typesupport_introspection_c.dir/DependInfo.cmake "--color="
gmake[2]: Leaving directory '/home/w0x7ce/Desktop/microros_ws/firmware/mcu_ws/build/service_msgs'
/usr/bin/gmake  -f CMakeFiles/service_msgs__rosidl_typesupport_introspection_c.dir/build.make CMakeFiles/service_msgs__rosidl_typesupport_introspection_c.dir/build
gmake[2]: Entering directory '/home/w0x7ce/Desktop/microros_ws/firmware/mcu_ws/build/service_msgs'
[ 80%] [32mBuilding C object CMakeFiles/service_msgs__rosidl_typesupport_introspection_c.dir/rosidl_typesupport_introspection_c/service_msgs/msg/detail/service_event_info__type_support.c.obj[0m
/home/w0x7ce/toolchain_gcc_t-head_linux/bin/riscv64-unknown-elf-gcc -DARCH_RISCV -DBFLB_CRYPT_HARDWARE -DBFLB_PKA_HARDWARE -DCLOCK_MONOTONIC=0 -DRCUTILS_CUSTOM_TIME_IMPL -DRCUTILS_NO_64_ATOMIC -DROS_PACKAGE_NAME=\"service_msgs\" -DUCLIENT_PLATFORM_RISCV -DUCLIENT_PROFILE_TCP=OFF -DUCLIENT_PROFILE_UDP=OFF -D_POSIX_TIMERS -I/home/w0x7ce/Desktop/microros_ws/firmware/mcu_ws/build/service_msgs/rosidl_typesupport_introspection_c -I/home/w0x7ce/Desktop/microros_ws/firmware/mcu_ws/build/service_msgs/rosidl_generator_c -isystem /home/w0x7ce/Desktop/microros_ws/firmware/mcu_ws/install/include/builtin_interfaces -isystem /home/w0x7ce/Desktop/microros_ws/firmware/mcu_ws/install/include/rosidl_runtime_c -isystem /home/w0x7ce/Desktop/microros_ws/firmware/mcu_ws/install/include/rcutils -isystem /home/w0x7ce/Desktop/microros_ws/firmware/mcu_ws/install/include/rosidl_typesupport_interface -isystem /home/w0x7ce/Desktop/microros_ws/firmware/mcu_ws/install/include/rosidl_typesupport_introspection_c -std=gnu99 -march=rv32imac -mabi=ilp32 -mcmodel=medlow -ffunction-sections -fdata-sections -fstrict-volatile-bitfields -fno-zero-initialized-in-bss -Os -ggdb -Wall -mno-save-restore -fmessage-length=0 -fsigned-char -ffunction-sections -fdata-sections -fno-common -O3 -DNDEBUG -std=gnu11 -Wall -MD -MT CMakeFiles/service_msgs__rosidl_typesupport_introspection_c.dir/rosidl_typesupport_introspection_c/service_msgs/msg/detail/service_event_info__type_support.c.obj -MF CMakeFiles/service_msgs__rosidl_typesupport_introspection_c.dir/rosidl_typesupport_introspection_c/service_msgs/msg/detail/service_event_info__type_support.c.obj.d -o CMakeFiles/service_msgs__rosidl_typesupport_introspection_c.dir/rosidl_typesupport_introspection_c/service_msgs/msg/detail/service_event_info__type_support.c.obj -c /home/w0x7ce/Desktop/microros_ws/firmware/mcu_ws/build/service_msgs/rosidl_typesupport_introspection_c/service_msgs/msg/detail/service_event_info__type_support.c
[ 86%] [32m[1mLinking CXX static library libservice_msgs__rosidl_typesupport_c.a[0m
/usr/bin/cmake -P CMakeFiles/service_msgs__rosidl_typesupport_c.dir/cmake_clean_target.cmake
/usr/bin/cmake -E cmake_link_script CMakeFiles/service_msgs__rosidl_typesupport_c.dir/link.txt --verbose=1
/home/w0x7ce/toolchain_gcc_t-head_linux/bin/riscv64-unknown-elf-ar qc libservice_msgs__rosidl_typesupport_c.a CMakeFiles/service_msgs__rosidl_typesupport_c.dir/rosidl_typesupport_c/service_msgs/msg/service_event_info__type_support.cpp.obj
/home/w0x7ce/toolchain_gcc_t-head_linux/bin/riscv64-unknown-elf-ranlib libservice_msgs__rosidl_typesupport_c.a
gmake[2]: Leaving directory '/home/w0x7ce/Desktop/microros_ws/firmware/mcu_ws/build/service_msgs'
[ 86%] Built target service_msgs__rosidl_typesupport_c
[ 93%] [32m[1mLinking C static library libservice_msgs__rosidl_typesupport_introspection_c.a[0m
/usr/bin/cmake -P CMakeFiles/service_msgs__rosidl_typesupport_introspection_c.dir/cmake_clean_target.cmake
/usr/bin/cmake -E cmake_link_script CMakeFiles/service_msgs__rosidl_typesupport_introspection_c.dir/link.txt --verbose=1
[100%] [32m[1mLinking CXX static library libservice_msgs__rosidl_typesupport_microxrcedds_c.a[0m
/usr/bin/cmake -P CMakeFiles/service_msgs__rosidl_typesupport_microxrcedds_c.dir/cmake_clean_target.cmake
/home/w0x7ce/toolchain_gcc_t-head_linux/bin/riscv64-unknown-elf-ar qc libservice_msgs__rosidl_typesupport_introspection_c.a CMakeFiles/service_msgs__rosidl_typesupport_introspection_c.dir/rosidl_typesupport_introspection_c/service_msgs/msg/detail/service_event_info__type_support.c.obj
/home/w0x7ce/toolchain_gcc_t-head_linux/bin/riscv64-unknown-elf-ranlib libservice_msgs__rosidl_typesupport_introspection_c.a
/usr/bin/cmake -E cmake_link_script CMakeFiles/service_msgs__rosidl_typesupport_microxrcedds_c.dir/link.txt --verbose=1
gmake[2]: Leaving directory '/home/w0x7ce/Desktop/microros_ws/firmware/mcu_ws/build/service_msgs'
/home/w0x7ce/toolchain_gcc_t-head_linux/bin/riscv64-unknown-elf-ar qc libservice_msgs__rosidl_typesupport_microxrcedds_c.a CMakeFiles/service_msgs__rosidl_typesupport_microxrcedds_c.dir/rosidl_typesupport_microxrcedds_c/service_msgs/msg/detail/microxrcedds/service_event_info__type_support_c.c.obj
/home/w0x7ce/toolchain_gcc_t-head_linux/bin/riscv64-unknown-elf-ranlib libservice_msgs__rosidl_typesupport_microxrcedds_c.a
[100%] Built target service_msgs__rosidl_typesupport_introspection_c
gmake[2]: Leaving directory '/home/w0x7ce/Desktop/microros_ws/firmware/mcu_ws/build/service_msgs'
[100%] Built target service_msgs__rosidl_typesupport_microxrcedds_c
/usr/bin/gmake  -f CMakeFiles/service_msgs.dir/build.make CMakeFiles/service_msgs.dir/depend
gmake[2]: Entering directory '/home/w0x7ce/Desktop/microros_ws/firmware/mcu_ws/build/service_msgs'
cd /home/w0x7ce/Desktop/microros_ws/firmware/mcu_ws/build/service_msgs && /usr/bin/cmake -E cmake_depends "Unix Makefiles" /home/w0x7ce/Desktop/microros_ws/firmware/mcu_ws/ros2/rcl_interfaces/service_msgs /home/w0x7ce/Desktop/microros_ws/firmware/mcu_ws/ros2/rcl_interfaces/service_msgs /home/w0x7ce/Desktop/microros_ws/firmware/mcu_ws/build/service_msgs /home/w0x7ce/Desktop/microros_ws/firmware/mcu_ws/build/service_msgs /home/w0x7ce/Desktop/microros_ws/firmware/mcu_ws/build/service_msgs/CMakeFiles/service_msgs.dir/DependInfo.cmake "--color="
gmake[2]: Leaving directory '/home/w0x7ce/Desktop/microros_ws/firmware/mcu_ws/build/service_msgs'
/usr/bin/gmake  -f CMakeFiles/service_msgs.dir/build.make CMakeFiles/service_msgs.dir/build
gmake[2]: Entering directory '/home/w0x7ce/Desktop/microros_ws/firmware/mcu_ws/build/service_msgs'
gmake[2]: Nothing to be done for 'CMakeFiles/service_msgs.dir/build'.
gmake[2]: Leaving directory '/home/w0x7ce/Desktop/microros_ws/firmware/mcu_ws/build/service_msgs'
[100%] Built target service_msgs
gmake[1]: Leaving directory '/home/w0x7ce/Desktop/microros_ws/firmware/mcu_ws/build/service_msgs'
/usr/bin/cmake -E cmake_progress_start /home/w0x7ce/Desktop/microros_ws/firmware/mcu_ws/build/service_msgs/CMakeFiles 0

-- Install configuration: "Release"
-- Installing: /home/w0x7ce/Desktop/microros_ws/firmware/mcu_ws/install/share/ament_index/resource_index/rosidl_interfaces/service_msgs
-- Installing: /home/w0x7ce/Desktop/microros_ws/firmware/mcu_ws/install/share/service_msgs/msg/ServiceEventInfo.json
-- Installing: /home/w0x7ce/Desktop/microros_ws/firmware/mcu_ws/install/include/service_msgs/service_msgs
-- Installing: /home/w0x7ce/Desktop/microros_ws/firmware/mcu_ws/install/include/service_msgs/service_msgs/msg
-- Installing: /home/w0x7ce/Desktop/microros_ws/firmware/mcu_ws/install/include/service_msgs/service_msgs/msg/rosidl_generator_c__visibility_control.h
-- Installing: /home/w0x7ce/Desktop/microros_ws/firmware/mcu_ws/install/include/service_msgs/service_msgs/msg/service_event_info.h
-- Installing: /home/w0x7ce/Desktop/microros_ws/firmware/mcu_ws/install/include/service_msgs/service_msgs/msg/detail
-- Installing: /home/w0x7ce/Desktop/microros_ws/firmware/mcu_ws/install/include/service_msgs/service_msgs/msg/detail/service_event_info__struct.h
-- Installing: /home/w0x7ce/Desktop/microros_ws/firmware/mcu_ws/install/include/service_msgs/service_msgs/msg/detail/service_event_info__description.c
-- Installing: /home/w0x7ce/Desktop/microros_ws/firmware/mcu_ws/install/include/service_msgs/service_msgs/msg/detail/service_event_info__functions.h
-- Installing: /home/w0x7ce/Desktop/microros_ws/firmware/mcu_ws/install/include/service_msgs/service_msgs/msg/detail/service_event_info__functions.c
-- Installing: /home/w0x7ce/Desktop/microros_ws/firmware/mcu_ws/install/include/service_msgs/service_msgs/msg/detail/service_event_info__type_support.h
-- Installing: /home/w0x7ce/Desktop/microros_ws/firmware/mcu_ws/install/include/service_msgs/service_msgs/msg/detail/service_event_info__type_support.c
-- Installing: /home/w0x7ce/Desktop/microros_ws/firmware/mcu_ws/install/share/service_msgs/environment/library_path.sh
-- Installing: /home/w0x7ce/Desktop/microros_ws/firmware/mcu_ws/install/share/service_msgs/environment/library_path.dsv
-- Installing: /home/w0x7ce/Desktop/microros_ws/firmware/mcu_ws/install/lib/libservice_msgs__rosidl_generator_c.a
-- Up-to-date: /home/w0x7ce/Desktop/microros_ws/firmware/mcu_ws/install/include/service_msgs/service_msgs
-- Up-to-date: /home/w0x7ce/Desktop/microros_ws/firmware/mcu_ws/install/include/service_msgs/service_msgs/msg
-- Installing: /home/w0x7ce/Desktop/microros_ws/firmware/mcu_ws/install/include/service_msgs/service_msgs/msg/rosidl_typesupport_introspection_c__visibility_control.h
-- Up-to-date: /home/w0x7ce/Desktop/microros_ws/firmware/mcu_ws/install/include/service_msgs/service_msgs/msg/detail
-- Installing: /home/w0x7ce/Desktop/microros_ws/firmware/mcu_ws/install/include/service_msgs/service_msgs/msg/detail/service_event_info__rosidl_typesupport_introspection_c.h
-- Installing: /home/w0x7ce/Desktop/microros_ws/firmware/mcu_ws/install/include/service_msgs/service_msgs/msg/detail/service_event_info__type_support.c
-- Installing: /home/w0x7ce/Desktop/microros_ws/firmware/mcu_ws/install/lib/libservice_msgs__rosidl_typesupport_introspection_c.a
-- Up-to-date: /home/w0x7ce/Desktop/microros_ws/firmware/mcu_ws/install/include/service_msgs
-- Installing: /home/w0x7ce/Desktop/microros_ws/firmware/mcu_ws/install/include/service_msgs/msg
-- Installing: /home/w0x7ce/Desktop/microros_ws/firmware/mcu_ws/install/include/service_msgs/msg/rosidl_typesupport_microxrcedds_c__visibility_control.h
-- Installing: /home/w0x7ce/Desktop/microros_ws/firmware/mcu_ws/install/include/service_msgs/msg/detail
-- Installing: /home/w0x7ce/Desktop/microros_ws/firmware/mcu_ws/install/include/service_msgs/msg/detail/service_event_info__rosidl_typesupport_microxrcedds_c.h
-- Installing: /home/w0x7ce/Desktop/microros_ws/firmware/mcu_ws/install/include/service_msgs/msg/detail/microxrcedds
-- Installing: /home/w0x7ce/Desktop/microros_ws/firmware/mcu_ws/install/lib/libservice_msgs__rosidl_typesupport_microxrcedds_c.a
-- Installing: /home/w0x7ce/Desktop/microros_ws/firmware/mcu_ws/install/lib/libservice_msgs__rosidl_typesupport_c.a
-- Installing: /home/w0x7ce/Desktop/microros_ws/firmware/mcu_ws/install/share/service_msgs/msg/ServiceEventInfo.idl
-- Installing: /home/w0x7ce/Desktop/microros_ws/firmware/mcu_ws/install/share/service_msgs/msg/ServiceEventInfo.msg
-- Installing: /home/w0x7ce/Desktop/microros_ws/firmware/mcu_ws/install/share/ament_index/resource_index/package_run_dependencies/service_msgs
-- Installing: /home/w0x7ce/Desktop/microros_ws/firmware/mcu_ws/install/share/ament_index/resource_index/parent_prefix_path/service_msgs
-- Installing: /home/w0x7ce/Desktop/microros_ws/firmware/mcu_ws/install/share/service_msgs/environment/ament_prefix_path.sh
-- Installing: /home/w0x7ce/Desktop/microros_ws/firmware/mcu_ws/install/share/service_msgs/environment/ament_prefix_path.dsv
-- Installing: /home/w0x7ce/Desktop/microros_ws/firmware/mcu_ws/install/share/service_msgs/environment/path.sh
-- Installing: /home/w0x7ce/Desktop/microros_ws/firmware/mcu_ws/install/share/service_msgs/environment/path.dsv
-- Installing: /home/w0x7ce/Desktop/microros_ws/firmware/mcu_ws/install/share/service_msgs/local_setup.bash
-- Installing: /home/w0x7ce/Desktop/microros_ws/firmware/mcu_ws/install/share/service_msgs/local_setup.sh
-- Installing: /home/w0x7ce/Desktop/microros_ws/firmware/mcu_ws/install/share/service_msgs/local_setup.zsh
-- Installing: /home/w0x7ce/Desktop/microros_ws/firmware/mcu_ws/install/share/service_msgs/local_setup.dsv
-- Installing: /home/w0x7ce/Desktop/microros_ws/firmware/mcu_ws/install/share/service_msgs/package.dsv
-- Installing: /home/w0x7ce/Desktop/microros_ws/firmware/mcu_ws/install/share/ament_index/resource_index/packages/service_msgs
-- Installing: /home/w0x7ce/Desktop/microros_ws/firmware/mcu_ws/install/share/service_msgs/cmake/export_service_msgs__rosidl_generator_cExport.cmake
-- Installing: /home/w0x7ce/Desktop/microros_ws/firmware/mcu_ws/install/share/service_msgs/cmake/export_service_msgs__rosidl_generator_cExport-release.cmake
-- Installing: /home/w0x7ce/Desktop/microros_ws/firmware/mcu_ws/install/share/service_msgs/cmake/service_msgs__rosidl_typesupport_introspection_cExport.cmake
-- Installing: /home/w0x7ce/Desktop/microros_ws/firmware/mcu_ws/install/share/service_msgs/cmake/service_msgs__rosidl_typesupport_introspection_cExport-release.cmake
-- Installing: /home/w0x7ce/Desktop/microros_ws/firmware/mcu_ws/install/share/service_msgs/cmake/service_msgs__rosidl_typesupport_cExport.cmake
-- Installing: /home/w0x7ce/Desktop/microros_ws/firmware/mcu_ws/install/share/service_msgs/cmake/service_msgs__rosidl_typesupport_cExport-release.cmake
-- Installing: /home/w0x7ce/Desktop/microros_ws/firmware/mcu_ws/install/share/service_msgs/cmake/rosidl_cmake-extras.cmake
-- Installing: /home/w0x7ce/Desktop/microros_ws/firmware/mcu_ws/install/share/service_msgs/cmake/ament_cmake_export_dependencies-extras.cmake
-- Installing: /home/w0x7ce/Desktop/microros_ws/firmware/mcu_ws/install/share/service_msgs/cmake/ament_cmake_export_include_directories-extras.cmake
-- Installing: /home/w0x7ce/Desktop/microros_ws/firmware/mcu_ws/install/share/service_msgs/cmake/ament_cmake_export_libraries-extras.cmake
-- Installing: /home/w0x7ce/Desktop/microros_ws/firmware/mcu_ws/install/share/service_msgs/cmake/ament_cmake_export_targets-extras.cmake
-- Installing: /home/w0x7ce/Desktop/microros_ws/firmware/mcu_ws/install/share/service_msgs/cmake/rosidl_cmake_export_typesupport_targets-extras.cmake
-- Installing: /home/w0x7ce/Desktop/microros_ws/firmware/mcu_ws/install/share/service_msgs/cmake/rosidl_cmake_export_typesupport_libraries-extras.cmake
-- Installing: /home/w0x7ce/Desktop/microros_ws/firmware/mcu_ws/install/share/service_msgs/cmake/service_msgsConfig.cmake
-- Installing: /home/w0x7ce/Desktop/microros_ws/firmware/mcu_ws/install/share/service_msgs/cmake/service_msgsConfig-version.cmake
-- Installing: /home/w0x7ce/Desktop/microros_ws/firmware/mcu_ws/install/share/service_msgs/package.xml
